{"C:\\Users\\Fiser\\fiservinventory-app\\backend\\src\\app.js": {"path":"C:\\Users\\Fiser\\fiservinventory-app\\backend\\src\\app.js","statementMap":{"0":{"start":{"line":1,"column":16},"end":{"line":1,"column":34}},"1":{"start":{"line":2,"column":13},"end":{"line":2,"column":28}},"2":{"start":{"line":3,"column":15},"end":{"line":3,"column":32}},"3":{"start":{"line":4,"column":13},"end":{"line":4,"column":28}},"4":{"start":{"line":5,"column":0},"end":{"line":5,"column":27}},"5":{"start":{"line":7,"column":12},"end":{"line":7,"column":21}},"6":{"start":{"line":10,"column":0},"end":{"line":10,"column":16}},"7":{"start":{"line":11,"column":0},"end":{"line":11,"column":41}},"8":{"start":{"line":12,"column":0},"end":{"line":12,"column":63}},"9":{"start":{"line":13,"column":0},"end":{"line":13,"column":23}},"10":{"start":{"line":16,"column":20},"end":{"line":16,"column":45}},"11":{"start":{"line":17,"column":20},"end":{"line":17,"column":45}},"12":{"start":{"line":18,"column":19},"end":{"line":18,"column":43}},"13":{"start":{"line":19,"column":21},"end":{"line":19,"column":53}},"14":{"start":{"line":20,"column":28},"end":{"line":20,"column":67}},"15":{"start":{"line":21,"column":23},"end":{"line":21,"column":57}},"16":{"start":{"line":22,"column":20},"end":{"line":22,"column":51}},"17":{"start":{"line":25,"column":0},"end":{"line":25,"column":38}},"18":{"start":{"line":26,"column":0},"end":{"line":26,"column":38}},"19":{"start":{"line":27,"column":0},"end":{"line":27,"column":36}},"20":{"start":{"line":28,"column":0},"end":{"line":28,"column":41}},"21":{"start":{"line":29,"column":0},"end":{"line":29,"column":56}},"22":{"start":{"line":30,"column":0},"end":{"line":30,"column":45}},"23":{"start":{"line":31,"column":0},"end":{"line":31,"column":38}},"24":{"start":{"line":34,"column":0},"end":{"line":37,"column":3}},"25":{"start":{"line":35,"column":2},"end":{"line":35,"column":27}},"26":{"start":{"line":36,"column":2},"end":{"line":36,"column":54}},"27":{"start":{"line":40,"column":0},"end":{"line":48,"column":1}},"28":{"start":{"line":42,"column":2},"end":{"line":42,"column":72}},"29":{"start":{"line":45,"column":2},"end":{"line":47,"column":5}},"30":{"start":{"line":46,"column":4},"end":{"line":46,"column":80}},"31":{"start":{"line":57,"column":0},"end":{"line":57,"column":21}}},"fnMap":{"0":{"name":"(anonymous_0)","decl":{"start":{"line":34,"column":8},"end":{"line":34,"column":9}},"loc":{"start":{"line":34,"column":33},"end":{"line":37,"column":1}},"line":34},"1":{"name":"(anonymous_1)","decl":{"start":{"line":45,"column":15},"end":{"line":45,"column":16}},"loc":{"start":{"line":45,"column":29},"end":{"line":47,"column":3}},"line":45}},"branchMap":{"0":{"loc":{"start":{"line":40,"column":0},"end":{"line":48,"column":1}},"type":"if","locations":[{"start":{"line":40,"column":0},"end":{"line":48,"column":1}},{"start":{},"end":{}}],"line":40}},"s":{"0":1,"1":1,"2":1,"3":1,"4":1,"5":1,"6":1,"7":1,"8":1,"9":1,"10":1,"11":1,"12":1,"13":1,"14":1,"15":1,"16":1,"17":1,"18":1,"19":1,"20":1,"21":1,"22":1,"23":1,"24":1,"25":0,"26":0,"27":1,"28":0,"29":0,"30":0,"31":1},"f":{"0":0,"1":0},"b":{"0":[0,1]},"_coverageSchema":"1a1c01bbd47fc00a2c39e90264f33305004495a9","hash":"dd1fcfcfd1091406ad59f11e9e5827aadc1ae953"}
,"C:\\Users\\Fiser\\fiservinventory-app\\backend\\src\\swagger.js": {"path":"C:\\Users\\Fiser\\fiservinventory-app\\backend\\src\\swagger.js","statementMap":{"0":{"start":{"line":1,"column":21},"end":{"line":1,"column":45}},"1":{"start":{"line":3,"column":16},"end":{"line":12,"column":1}},"2":{"start":{"line":14,"column":14},"end":{"line":14,"column":35}},"3":{"start":{"line":16,"column":0},"end":{"line":16,"column":23}}},"fnMap":{},"branchMap":{},"s":{"0":0,"1":0,"2":0,"3":0},"f":{},"b":{}}
,"C:\\Users\\Fiser\\fiservinventory-app\\backend\\src\\test-email-processing.js": {"path":"C:\\Users\\Fiser\\fiservinventory-app\\backend\\src\\test-email-processing.js","statementMap":{"0":{"start":{"line":2,"column":0},"end":{"line":2,"column":27}},"1":{"start":{"line":3,"column":29},"end":{"line":3,"column":71}},"2":{"start":{"line":6,"column":2},"end":{"line":6,"column":63}},"3":{"start":{"line":9,"column":20},"end":{"line":13,"column":3}},"4":{"start":{"line":16,"column":2},"end":{"line":16,"column":56}},"5":{"start":{"line":19,"column":23},"end":{"line":19,"column":64}},"6":{"start":{"line":20,"column":28},"end":{"line":20,"column":74}},"7":{"start":{"line":22,"column":2},"end":{"line":25,"column":3}},"8":{"start":{"line":23,"column":4},"end":{"line":23,"column":53}},"9":{"start":{"line":24,"column":4},"end":{"line":24,"column":11}},"10":{"start":{"line":27,"column":23},"end":{"line":27,"column":43}},"11":{"start":{"line":28,"column":2},"end":{"line":28,"column":56}},"12":{"start":{"line":31,"column":20},"end":{"line":31,"column":48}},"13":{"start":{"line":34,"column":24},"end":{"line":34,"column":50}},"14":{"start":{"line":35,"column":20},"end":{"line":35,"column":64}},"15":{"start":{"line":36,"column":27},"end":{"line":36,"column":50}},"16":{"start":{"line":38,"column":2},"end":{"line":38,"column":66}},"17":{"start":{"line":39,"column":2},"end":{"line":39,"column":75}},"18":{"start":{"line":42,"column":23},"end":{"line":46,"column":84}},"19":{"start":{"line":49,"column":24},"end":{"line":49,"column":81}},"20":{"start":{"line":49,"column":53},"end":{"line":49,"column":80}},"21":{"start":{"line":52,"column":26},"end":{"line":56,"column":40}},"22":{"start":{"line":58,"column":2},"end":{"line":58,"column":61}},"23":{"start":{"line":59,"column":2},"end":{"line":59,"column":99}},"24":{"start":{"line":59,"column":69},"end":{"line":59,"column":96}},"25":{"start":{"line":60,"column":2},"end":{"line":60,"column":75}},"26":{"start":{"line":61,"column":2},"end":{"line":61,"column":69}},"27":{"start":{"line":64,"column":20},"end":{"line":64,"column":29}},"28":{"start":{"line":66,"column":2},"end":{"line":72,"column":3}},"29":{"start":{"line":67,"column":4},"end":{"line":67,"column":70}},"30":{"start":{"line":68,"column":4},"end":{"line":68,"column":28}},"31":{"start":{"line":71,"column":4},"end":{"line":71,"column":43}},"32":{"start":{"line":74,"column":2},"end":{"line":74,"column":60}},"33":{"start":{"line":77,"column":21},"end":{"line":77,"column":47}},"34":{"start":{"line":78,"column":19},"end":{"line":81,"column":6}},"35":{"start":{"line":80,"column":35},"end":{"line":80,"column":62}},"36":{"start":{"line":83,"column":2},"end":{"line":83,"column":76}},"37":{"start":{"line":84,"column":2},"end":{"line":84,"column":47}},"38":{"start":{"line":85,"column":2},"end":{"line":85,"column":50}},"39":{"start":{"line":86,"column":2},"end":{"line":86,"column":43}},"40":{"start":{"line":87,"column":2},"end":{"line":87,"column":39}},"41":{"start":{"line":90,"column":2},"end":{"line":101,"column":3}},"42":{"start":{"line":91,"column":4},"end":{"line":91,"column":82}},"43":{"start":{"line":92,"column":19},"end":{"line":97,"column":5}},"44":{"start":{"line":98,"column":4},"end":{"line":98,"column":66}},"45":{"start":{"line":100,"column":4},"end":{"line":100,"column":69}},"46":{"start":{"line":104,"column":0},"end":{"line":104,"column":43}}},"fnMap":{"0":{"name":"testEmailProcessing","decl":{"start":{"line":5,"column":15},"end":{"line":5,"column":34}},"loc":{"start":{"line":5,"column":37},"end":{"line":102,"column":1}},"line":5},"1":{"name":"(anonymous_1)","decl":{"start":{"line":49,"column":42},"end":{"line":49,"column":43}},"loc":{"start":{"line":49,"column":53},"end":{"line":49,"column":80}},"line":49},"2":{"name":"(anonymous_2)","decl":{"start":{"line":59,"column":58},"end":{"line":59,"column":59}},"loc":{"start":{"line":59,"column":69},"end":{"line":59,"column":96}},"line":59},"3":{"name":"(anonymous_3)","decl":{"start":{"line":80,"column":24},"end":{"line":80,"column":25}},"loc":{"start":{"line":80,"column":35},"end":{"line":80,"column":62}},"line":80}},"branchMap":{"0":{"loc":{"start":{"line":22,"column":2},"end":{"line":25,"column":3}},"type":"if","locations":[{"start":{"line":22,"column":2},"end":{"line":25,"column":3}},{"start":{},"end":{}}],"line":22},"1":{"loc":{"start":{"line":35,"column":20},"end":{"line":35,"column":64}},"type":"binary-expr","locations":[{"start":{"line":35,"column":20},"end":{"line":35,"column":58}},{"start":{"line":35,"column":62},"end":{"line":35,"column":64}}],"line":35},"2":{"loc":{"start":{"line":52,"column":26},"end":{"line":56,"column":40}},"type":"binary-expr","locations":[{"start":{"line":52,"column":26},"end":{"line":52,"column":95}},{"start":{"line":53,"column":24},"end":{"line":53,"column":89}},{"start":{"line":54,"column":24},"end":{"line":54,"column":83}},{"start":{"line":55,"column":24},"end":{"line":55,"column":56}},{"start":{"line":55,"column":60},"end":{"line":55,"column":87}},{"start":{"line":56,"column":24},"end":{"line":56,"column":40}}],"line":52},"3":{"loc":{"start":{"line":66,"column":2},"end":{"line":72,"column":3}},"type":"if","locations":[{"start":{"line":66,"column":2},"end":{"line":72,"column":3}},{"start":{"line":69,"column":9},"end":{"line":72,"column":3}}],"line":66},"4":{"loc":{"start":{"line":66,"column":6},"end":{"line":66,"column":58}},"type":"binary-expr","locations":[{"start":{"line":66,"column":6},"end":{"line":66,"column":19}},{"start":{"line":66,"column":23},"end":{"line":66,"column":38}},{"start":{"line":66,"column":42},"end":{"line":66,"column":58}}],"line":66},"5":{"loc":{"start":{"line":78,"column":19},"end":{"line":81,"column":6}},"type":"cond-expr","locations":[{"start":{"line":79,"column":4},"end":{"line":80,"column":74}},{"start":{"line":81,"column":4},"end":{"line":81,"column":6}}],"line":78}},"s":{"0":0,"1":0,"2":0,"3":0,"4":0,"5":0,"6":0,"7":0,"8":0,"9":0,"10":0,"11":0,"12":0,"13":0,"14":0,"15":0,"16":0,"17":0,"18":0,"19":0,"20":0,"21":0,"22":0,"23":0,"24":0,"25":0,"26":0,"27":0,"28":0,"29":0,"30":0,"31":0,"32":0,"33":0,"34":0,"35":0,"36":0,"37":0,"38":0,"39":0,"40":0,"41":0,"42":0,"43":0,"44":0,"45":0,"46":0},"f":{"0":0,"1":0,"2":0,"3":0},"b":{"0":[0,0],"1":[0,0],"2":[0,0,0,0,0,0],"3":[0,0],"4":[0,0,0],"5":[0,0]}}
,"C:\\Users\\Fiser\\fiservinventory-app\\backend\\src\\update-price.js": {"path":"C:\\Users\\Fiser\\fiservinventory-app\\backend\\src\\update-price.js","statementMap":{"0":{"start":{"line":2,"column":17},"end":{"line":2,"column":30}},"1":{"start":{"line":5,"column":15},"end":{"line":11,"column":4}},"2":{"start":{"line":13,"column":2},"end":{"line":38,"column":3}},"3":{"start":{"line":14,"column":4},"end":{"line":14,"column":45}},"4":{"start":{"line":17,"column":16},"end":{"line":19,"column":5}},"5":{"start":{"line":21,"column":4},"end":{"line":21,"column":79}},"6":{"start":{"line":24,"column":18},"end":{"line":26,"column":5}},"7":{"start":{"line":28,"column":4},"end":{"line":32,"column":5}},"8":{"start":{"line":29,"column":6},"end":{"line":29,"column":57}},"9":{"start":{"line":31,"column":6},"end":{"line":31,"column":57}},"10":{"start":{"line":34,"column":4},"end":{"line":34,"column":48}},"11":{"start":{"line":36,"column":4},"end":{"line":36,"column":21}},"12":{"start":{"line":37,"column":4},"end":{"line":37,"column":46}},"13":{"start":{"line":42,"column":0},"end":{"line":42,"column":14}}},"fnMap":{"0":{"name":"updatePrice","decl":{"start":{"line":4,"column":15},"end":{"line":4,"column":26}},"loc":{"start":{"line":4,"column":29},"end":{"line":39,"column":1}},"line":4}},"branchMap":{"0":{"loc":{"start":{"line":28,"column":4},"end":{"line":32,"column":5}},"type":"if","locations":[{"start":{"line":28,"column":4},"end":{"line":32,"column":5}},{"start":{"line":30,"column":11},"end":{"line":32,"column":5}}],"line":28}},"s":{"0":0,"1":0,"2":0,"3":0,"4":0,"5":0,"6":0,"7":0,"8":0,"9":0,"10":0,"11":0,"12":0,"13":0},"f":{"0":0},"b":{"0":[0,0]}}
,"C:\\Users\\Fiser\\fiservinventory-app\\backend\\src\\__tests__\\setup.js": {"path":"C:\\Users\\Fiser\\fiservinventory-app\\backend\\src\\__tests__\\setup.js","statementMap":{"0":{"start":{"line":1,"column":0},"end":{"line":1,"column":30}},"1":{"start":{"line":2,"column":0},"end":{"line":2,"column":43}},"2":{"start":{"line":3,"column":0},"end":{"line":3,"column":34}},"3":{"start":{"line":4,"column":0},"end":{"line":4,"column":29}},"4":{"start":{"line":5,"column":0},"end":{"line":5,"column":29}},"5":{"start":{"line":6,"column":0},"end":{"line":6,"column":33}},"6":{"start":{"line":7,"column":0},"end":{"line":7,"column":45}},"7":{"start":{"line":10,"column":0},"end":{"line":12,"column":3}},"8":{"start":{"line":15,"column":0},"end":{"line":17,"column":3}}},"fnMap":{"0":{"name":"(anonymous_0)","decl":{"start":{"line":10,"column":10},"end":{"line":10,"column":11}},"loc":{"start":{"line":10,"column":22},"end":{"line":12,"column":1}},"line":10},"1":{"name":"(anonymous_1)","decl":{"start":{"line":15,"column":9},"end":{"line":15,"column":10}},"loc":{"start":{"line":15,"column":21},"end":{"line":17,"column":1}},"line":15}},"branchMap":{},"s":{"0":0,"1":0,"2":0,"3":0,"4":0,"5":0,"6":0,"7":0,"8":0},"f":{"0":0,"1":0},"b":{}}
,"C:\\Users\\Fiser\\fiservinventory-app\\backend\\src\\config\\database.js": {"path":"C:\\Users\\Fiser\\fiservinventory-app\\backend\\src\\config\\database.js","statementMap":{"0":{"start":{"line":1,"column":0},"end":{"line":1,"column":27}},"1":{"start":{"line":3,"column":0},"end":{"line":17,"column":2}}},"fnMap":{},"branchMap":{"0":{"loc":{"start":{"line":5,"column":10},"end":{"line":5,"column":43}},"type":"binary-expr","locations":[{"start":{"line":5,"column":10},"end":{"line":5,"column":29}},{"start":{"line":5,"column":33},"end":{"line":5,"column":43}}],"line":5},"1":{"loc":{"start":{"line":6,"column":10},"end":{"line":6,"column":44}},"type":"binary-expr","locations":[{"start":{"line":6,"column":10},"end":{"line":6,"column":29}},{"start":{"line":6,"column":33},"end":{"line":6,"column":44}}],"line":6},"2":{"loc":{"start":{"line":7,"column":14},"end":{"line":7,"column":54}},"type":"binary-expr","locations":[{"start":{"line":7,"column":14},"end":{"line":7,"column":33}},{"start":{"line":7,"column":37},"end":{"line":7,"column":54}}],"line":7},"3":{"loc":{"start":{"line":8,"column":14},"end":{"line":8,"column":51}},"type":"binary-expr","locations":[{"start":{"line":8,"column":14},"end":{"line":8,"column":37}},{"start":{"line":8,"column":41},"end":{"line":8,"column":51}}],"line":8},"4":{"loc":{"start":{"line":9,"column":19},"end":{"line":9,"column":48}},"type":"binary-expr","locations":[{"start":{"line":9,"column":19},"end":{"line":9,"column":38}},{"start":{"line":9,"column":42},"end":{"line":9,"column":48}}],"line":9}},"s":{"0":0,"1":0},"f":{},"b":{"0":[0,0],"1":[0,0],"2":[0,0],"3":[0,0],"4":[0,0]}}
,"C:\\Users\\Fiser\\fiservinventory-app\\backend\\src\\config\\db.js": {"path":"C:\\Users\\Fiser\\fiservinventory-app\\backend\\src\\config\\db.js","statementMap":{},"fnMap":{},"branchMap":{},"s":{},"f":{},"b":{}}
,"C:\\Users\\Fiser\\fiservinventory-app\\backend\\src\\controllers\\AuthController.js": {"path":"C:\\Users\\Fiser\\fiservinventory-app\\backend\\src\\controllers\\AuthController.js","statementMap":{"0":{"start":{"line":1,"column":15},"end":{"line":1,"column":32}},"1":{"start":{"line":2,"column":12},"end":{"line":2,"column":35}},"2":{"start":{"line":3,"column":17},"end":{"line":3,"column":40}},"3":{"start":{"line":7,"column":57},"end":{"line":7,"column":65}},"4":{"start":{"line":9,"column":4},"end":{"line":58,"column":5}},"5":{"start":{"line":11,"column":25},"end":{"line":14,"column":7}},"6":{"start":{"line":16,"column":6},"end":{"line":18,"column":7}},"7":{"start":{"line":17,"column":8},"end":{"line":17,"column":83}},"8":{"start":{"line":21,"column":25},"end":{"line":21,"column":56}},"9":{"start":{"line":22,"column":6},"end":{"line":28,"column":7}},"10":{"start":{"line":23,"column":8},"end":{"line":27,"column":11}},"11":{"start":{"line":31,"column":19},"end":{"line":31,"column":43}},"12":{"start":{"line":32,"column":29},"end":{"line":32,"column":62}},"13":{"start":{"line":35,"column":21},"end":{"line":38,"column":7}},"14":{"start":{"line":41,"column":20},"end":{"line":49,"column":7}},"15":{"start":{"line":51,"column":6},"end":{"line":54,"column":9}},"16":{"start":{"line":56,"column":6},"end":{"line":56,"column":49}},"17":{"start":{"line":57,"column":6},"end":{"line":57,"column":61}},"18":{"start":{"line":62,"column":35},"end":{"line":62,"column":43}},"19":{"start":{"line":64,"column":4},"end":{"line":112,"column":5}},"20":{"start":{"line":66,"column":21},"end":{"line":69,"column":7}},"21":{"start":{"line":71,"column":6},"end":{"line":73,"column":7}},"22":{"start":{"line":72,"column":8},"end":{"line":72,"column":70}},"23":{"start":{"line":75,"column":19},"end":{"line":75,"column":33}},"24":{"start":{"line":78,"column":28},"end":{"line":78,"column":73}},"25":{"start":{"line":79,"column":6},"end":{"line":81,"column":7}},"26":{"start":{"line":80,"column":8},"end":{"line":80,"column":70}},"27":{"start":{"line":84,"column":20},"end":{"line":92,"column":7}},"28":{"start":{"line":95,"column":6},"end":{"line":98,"column":8}},"29":{"start":{"line":100,"column":6},"end":{"line":108,"column":9}},"30":{"start":{"line":110,"column":6},"end":{"line":110,"column":46}},"31":{"start":{"line":111,"column":6},"end":{"line":111,"column":54}},"32":{"start":{"line":116,"column":18},"end":{"line":116,"column":58}},"33":{"start":{"line":118,"column":4},"end":{"line":120,"column":5}},"34":{"start":{"line":119,"column":6},"end":{"line":119,"column":66}},"35":{"start":{"line":122,"column":4},"end":{"line":137,"column":5}},"36":{"start":{"line":123,"column":22},"end":{"line":123,"column":63}},"37":{"start":{"line":124,"column":21},"end":{"line":127,"column":7}},"38":{"start":{"line":129,"column":6},"end":{"line":131,"column":7}},"39":{"start":{"line":130,"column":8},"end":{"line":130,"column":64}},"40":{"start":{"line":133,"column":6},"end":{"line":133,"column":31}},"41":{"start":{"line":135,"column":6},"end":{"line":135,"column":53}},"42":{"start":{"line":136,"column":6},"end":{"line":136,"column":55}},"43":{"start":{"line":141,"column":0},"end":{"line":141,"column":38}}},"fnMap":{"0":{"name":"(anonymous_0)","decl":{"start":{"line":6,"column":2},"end":{"line":6,"column":3}},"loc":{"start":{"line":6,"column":27},"end":{"line":59,"column":3}},"line":6},"1":{"name":"(anonymous_1)","decl":{"start":{"line":61,"column":2},"end":{"line":61,"column":3}},"loc":{"start":{"line":61,"column":24},"end":{"line":113,"column":3}},"line":61},"2":{"name":"(anonymous_2)","decl":{"start":{"line":115,"column":2},"end":{"line":115,"column":3}},"loc":{"start":{"line":115,"column":30},"end":{"line":138,"column":3}},"line":115}},"branchMap":{"0":{"loc":{"start":{"line":7,"column":39},"end":{"line":7,"column":52}},"type":"default-arg","locations":[{"start":{"line":7,"column":46},"end":{"line":7,"column":52}}],"line":7},"1":{"loc":{"start":{"line":16,"column":6},"end":{"line":18,"column":7}},"type":"if","locations":[{"start":{"line":16,"column":6},"end":{"line":18,"column":7}},{"start":{},"end":{}}],"line":16},"2":{"loc":{"start":{"line":22,"column":6},"end":{"line":28,"column":7}},"type":"if","locations":[{"start":{"line":22,"column":6},"end":{"line":28,"column":7}},{"start":{},"end":{}}],"line":22},"3":{"loc":{"start":{"line":71,"column":6},"end":{"line":73,"column":7}},"type":"if","locations":[{"start":{"line":71,"column":6},"end":{"line":73,"column":7}},{"start":{},"end":{}}],"line":71},"4":{"loc":{"start":{"line":79,"column":6},"end":{"line":81,"column":7}},"type":"if","locations":[{"start":{"line":79,"column":6},"end":{"line":81,"column":7}},{"start":{},"end":{}}],"line":79},"5":{"loc":{"start":{"line":118,"column":4},"end":{"line":120,"column":5}},"type":"if","locations":[{"start":{"line":118,"column":4},"end":{"line":120,"column":5}},{"start":{},"end":{}}],"line":118},"6":{"loc":{"start":{"line":129,"column":6},"end":{"line":131,"column":7}},"type":"if","locations":[{"start":{"line":129,"column":6},"end":{"line":131,"column":7}},{"start":{},"end":{}}],"line":129}},"s":{"0":0,"1":0,"2":0,"3":0,"4":0,"5":0,"6":0,"7":0,"8":0,"9":0,"10":0,"11":0,"12":0,"13":0,"14":0,"15":0,"16":0,"17":0,"18":0,"19":0,"20":0,"21":0,"22":0,"23":0,"24":0,"25":0,"26":0,"27":0,"28":0,"29":0,"30":0,"31":0,"32":0,"33":0,"34":0,"35":0,"36":0,"37":0,"38":0,"39":0,"40":0,"41":0,"42":0,"43":0},"f":{"0":0,"1":0,"2":0},"b":{"0":[0],"1":[0,0],"2":[0,0],"3":[0,0],"4":[0,0],"5":[0,0],"6":[0,0]}}
,"C:\\Users\\Fiser\\fiservinventory-app\\backend\\src\\controllers\\MachineController.js": {"path":"C:\\Users\\Fiser\\fiservinventory-app\\backend\\src\\controllers\\MachineController.js","statementMap":{"0":{"start":{"line":1,"column":11},"end":{"line":1,"column":30}},"1":{"start":{"line":6,"column":4},"end":{"line":6,"column":57}},"2":{"start":{"line":7,"column":4},"end":{"line":7,"column":49}},"3":{"start":{"line":8,"column":4},"end":{"line":8,"column":55}},"4":{"start":{"line":9,"column":4},"end":{"line":9,"column":55}},"5":{"start":{"line":10,"column":4},"end":{"line":10,"column":55}},"6":{"start":{"line":14,"column":4},"end":{"line":14,"column":62}},"7":{"start":{"line":15,"column":22},"end":{"line":15,"column":45}},"8":{"start":{"line":17,"column":4},"end":{"line":20,"column":5}},"9":{"start":{"line":18,"column":6},"end":{"line":18,"column":56}},"10":{"start":{"line":19,"column":6},"end":{"line":19,"column":67}},"11":{"start":{"line":22,"column":4},"end":{"line":43,"column":5}},"12":{"start":{"line":23,"column":6},"end":{"line":23,"column":64}},"13":{"start":{"line":24,"column":21},"end":{"line":27,"column":7}},"14":{"start":{"line":29,"column":6},"end":{"line":29,"column":48}},"15":{"start":{"line":31,"column":6},"end":{"line":34,"column":7}},"16":{"start":{"line":32,"column":8},"end":{"line":32,"column":53}},"17":{"start":{"line":33,"column":8},"end":{"line":33,"column":68}},"18":{"start":{"line":36,"column":6},"end":{"line":36,"column":31}},"19":{"start":{"line":38,"column":6},"end":{"line":38,"column":51}},"20":{"start":{"line":39,"column":6},"end":{"line":42,"column":9}},"21":{"start":{"line":47,"column":22},"end":{"line":47,"column":45}},"22":{"start":{"line":59,"column":8},"end":{"line":59,"column":16}},"23":{"start":{"line":61,"column":4},"end":{"line":63,"column":5}},"24":{"start":{"line":62,"column":6},"end":{"line":62,"column":67}},"25":{"start":{"line":65,"column":4},"end":{"line":115,"column":5}},"26":{"start":{"line":67,"column":26},"end":{"line":70,"column":7}},"27":{"start":{"line":72,"column":6},"end":{"line":74,"column":7}},"28":{"start":{"line":73,"column":8},"end":{"line":73,"column":68}},"29":{"start":{"line":77,"column":21},"end":{"line":105,"column":7}},"30":{"start":{"line":107,"column":6},"end":{"line":107,"column":52}},"31":{"start":{"line":108,"column":6},"end":{"line":108,"column":31}},"32":{"start":{"line":110,"column":6},"end":{"line":110,"column":54}},"33":{"start":{"line":111,"column":6},"end":{"line":114,"column":9}},"34":{"start":{"line":119,"column":4},"end":{"line":128,"column":5}},"35":{"start":{"line":120,"column":21},"end":{"line":120,"column":81}},"36":{"start":{"line":121,"column":6},"end":{"line":121,"column":28}},"37":{"start":{"line":123,"column":6},"end":{"line":123,"column":55}},"38":{"start":{"line":124,"column":6},"end":{"line":127,"column":9}},"39":{"start":{"line":132,"column":4},"end":{"line":132,"column":57}},"40":{"start":{"line":145,"column":8},"end":{"line":145,"column":16}},"41":{"start":{"line":147,"column":4},"end":{"line":150,"column":5}},"42":{"start":{"line":148,"column":6},"end":{"line":148,"column":45}},"43":{"start":{"line":149,"column":6},"end":{"line":149,"column":73}},"44":{"start":{"line":152,"column":4},"end":{"line":210,"column":5}},"45":{"start":{"line":153,"column":6},"end":{"line":164,"column":9}},"46":{"start":{"line":166,"column":21},"end":{"line":193,"column":7}},"47":{"start":{"line":195,"column":6},"end":{"line":195,"column":67}},"48":{"start":{"line":196,"column":6},"end":{"line":196,"column":43}},"49":{"start":{"line":198,"column":6},"end":{"line":204,"column":9}},"50":{"start":{"line":205,"column":6},"end":{"line":209,"column":9}},"51":{"start":{"line":214,"column":19},"end":{"line":214,"column":29}},"52":{"start":{"line":215,"column":4},"end":{"line":215,"column":53}},"53":{"start":{"line":217,"column":4},"end":{"line":264,"column":5}},"54":{"start":{"line":219,"column":25},"end":{"line":222,"column":7}},"55":{"start":{"line":224,"column":6},"end":{"line":230,"column":7}},"56":{"start":{"line":225,"column":8},"end":{"line":225,"column":77}},"57":{"start":{"line":226,"column":8},"end":{"line":229,"column":11}},"58":{"start":{"line":233,"column":21},"end":{"line":236,"column":7}},"59":{"start":{"line":238,"column":6},"end":{"line":244,"column":7}},"60":{"start":{"line":239,"column":8},"end":{"line":239,"column":46}},"61":{"start":{"line":240,"column":8},"end":{"line":243,"column":11}},"62":{"start":{"line":246,"column":6},"end":{"line":246,"column":67}},"63":{"start":{"line":247,"column":6},"end":{"line":250,"column":9}},"64":{"start":{"line":252,"column":6},"end":{"line":258,"column":9}},"65":{"start":{"line":259,"column":6},"end":{"line":263,"column":9}},"66":{"start":{"line":268,"column":0},"end":{"line":268,"column":35}}},"fnMap":{"0":{"name":"(anonymous_0)","decl":{"start":{"line":4,"column":2},"end":{"line":4,"column":3}},"loc":{"start":{"line":4,"column":16},"end":{"line":11,"column":3}},"line":4},"1":{"name":"(anonymous_1)","decl":{"start":{"line":13,"column":2},"end":{"line":13,"column":3}},"loc":{"start":{"line":13,"column":29},"end":{"line":44,"column":3}},"line":13},"2":{"name":"(anonymous_2)","decl":{"start":{"line":46,"column":2},"end":{"line":46,"column":3}},"loc":{"start":{"line":46,"column":32},"end":{"line":116,"column":3}},"line":46},"3":{"name":"(anonymous_3)","decl":{"start":{"line":118,"column":2},"end":{"line":118,"column":3}},"loc":{"start":{"line":118,"column":33},"end":{"line":129,"column":3}},"line":118},"4":{"name":"(anonymous_4)","decl":{"start":{"line":131,"column":2},"end":{"line":131,"column":3}},"loc":{"start":{"line":131,"column":32},"end":{"line":211,"column":3}},"line":131},"5":{"name":"(anonymous_5)","decl":{"start":{"line":213,"column":2},"end":{"line":213,"column":3}},"loc":{"start":{"line":213,"column":32},"end":{"line":265,"column":3}},"line":213}},"branchMap":{"0":{"loc":{"start":{"line":17,"column":4},"end":{"line":20,"column":5}},"type":"if","locations":[{"start":{"line":17,"column":4},"end":{"line":20,"column":5}},{"start":{},"end":{}}],"line":17},"1":{"loc":{"start":{"line":31,"column":6},"end":{"line":34,"column":7}},"type":"if","locations":[{"start":{"line":31,"column":6},"end":{"line":34,"column":7}},{"start":{},"end":{}}],"line":31},"2":{"loc":{"start":{"line":61,"column":4},"end":{"line":63,"column":5}},"type":"if","locations":[{"start":{"line":61,"column":4},"end":{"line":63,"column":5}},{"start":{},"end":{}}],"line":61},"3":{"loc":{"start":{"line":72,"column":6},"end":{"line":74,"column":7}},"type":"if","locations":[{"start":{"line":72,"column":6},"end":{"line":74,"column":7}},{"start":{},"end":{}}],"line":72},"4":{"loc":{"start":{"line":147,"column":4},"end":{"line":150,"column":5}},"type":"if","locations":[{"start":{"line":147,"column":4},"end":{"line":150,"column":5}},{"start":{},"end":{}}],"line":147},"5":{"loc":{"start":{"line":188,"column":10},"end":{"line":188,"column":64}},"type":"cond-expr","locations":[{"start":{"line":188,"column":30},"end":{"line":188,"column":57}},{"start":{"line":188,"column":60},"end":{"line":188,"column":64}}],"line":188},"6":{"loc":{"start":{"line":189,"column":10},"end":{"line":189,"column":72}},"type":"cond-expr","locations":[{"start":{"line":189,"column":34},"end":{"line":189,"column":65}},{"start":{"line":189,"column":68},"end":{"line":189,"column":72}}],"line":189},"7":{"loc":{"start":{"line":190,"column":10},"end":{"line":190,"column":72}},"type":"cond-expr","locations":[{"start":{"line":190,"column":34},"end":{"line":190,"column":65}},{"start":{"line":190,"column":68},"end":{"line":190,"column":72}}],"line":190},"8":{"loc":{"start":{"line":224,"column":6},"end":{"line":230,"column":7}},"type":"if","locations":[{"start":{"line":224,"column":6},"end":{"line":230,"column":7}},{"start":{},"end":{}}],"line":224},"9":{"loc":{"start":{"line":238,"column":6},"end":{"line":244,"column":7}},"type":"if","locations":[{"start":{"line":238,"column":6},"end":{"line":244,"column":7}},{"start":{},"end":{}}],"line":238}},"s":{"0":0,"1":0,"2":0,"3":0,"4":0,"5":0,"6":0,"7":0,"8":0,"9":0,"10":0,"11":0,"12":0,"13":0,"14":0,"15":0,"16":0,"17":0,"18":0,"19":0,"20":0,"21":0,"22":0,"23":0,"24":0,"25":0,"26":0,"27":0,"28":0,"29":0,"30":0,"31":0,"32":0,"33":0,"34":0,"35":0,"36":0,"37":0,"38":0,"39":0,"40":0,"41":0,"42":0,"43":0,"44":0,"45":0,"46":0,"47":0,"48":0,"49":0,"50":0,"51":0,"52":0,"53":0,"54":0,"55":0,"56":0,"57":0,"58":0,"59":0,"60":0,"61":0,"62":0,"63":0,"64":0,"65":0,"66":0},"f":{"0":0,"1":0,"2":0,"3":0,"4":0,"5":0},"b":{"0":[0,0],"1":[0,0],"2":[0,0],"3":[0,0],"4":[0,0],"5":[0,0],"6":[0,0],"7":[0,0],"8":[0,0],"9":[0,0]}}
,"C:\\Users\\Fiser\\fiservinventory-app\\backend\\src\\controllers\\PartController.js": {"path":"C:\\Users\\Fiser\\fiservinventory-app\\backend\\src\\controllers\\PartController.js","statementMap":{"0":{"start":{"line":1,"column":13},"end":{"line":1,"column":38}},"1":{"start":{"line":2,"column":35},"end":{"line":2,"column":63}},"2":{"start":{"line":3,"column":11},"end":{"line":3,"column":31}},"3":{"start":{"line":4,"column":17},"end":{"line":4,"column":36}},"4":{"start":{"line":8,"column":4},"end":{"line":8,"column":21}},"5":{"start":{"line":9,"column":4},"end":{"line":9,"column":25}},"6":{"start":{"line":13,"column":4},"end":{"line":27,"column":5}},"7":{"start":{"line":15,"column":21},"end":{"line":21,"column":8}},"8":{"start":{"line":23,"column":6},"end":{"line":23,"column":28}},"9":{"start":{"line":25,"column":6},"end":{"line":25,"column":27}},"10":{"start":{"line":26,"column":6},"end":{"line":26,"column":51}},"11":{"start":{"line":31,"column":19},"end":{"line":31,"column":40}},"12":{"start":{"line":32,"column":4},"end":{"line":34,"column":5}},"13":{"start":{"line":33,"column":6},"end":{"line":33,"column":62}},"14":{"start":{"line":49,"column":8},"end":{"line":49,"column":16}},"15":{"start":{"line":51,"column":19},"end":{"line":51,"column":44}},"16":{"start":{"line":52,"column":4},"end":{"line":106,"column":5}},"17":{"start":{"line":53,"column":6},"end":{"line":53,"column":34}},"18":{"start":{"line":56,"column":25},"end":{"line":75,"column":7}},"19":{"start":{"line":77,"column":22},"end":{"line":77,"column":40}},"20":{"start":{"line":80,"column":6},"end":{"line":86,"column":7}},"21":{"start":{"line":81,"column":8},"end":{"line":85,"column":10}},"22":{"start":{"line":88,"column":6},"end":{"line":88,"column":35}},"23":{"start":{"line":91,"column":26},"end":{"line":97,"column":27}},"24":{"start":{"line":99,"column":6},"end":{"line":99,"column":48}},"25":{"start":{"line":101,"column":6},"end":{"line":101,"column":37}},"26":{"start":{"line":102,"column":6},"end":{"line":102,"column":27}},"27":{"start":{"line":103,"column":6},"end":{"line":103,"column":50}},"28":{"start":{"line":105,"column":6},"end":{"line":105,"column":23}},"29":{"start":{"line":110,"column":19},"end":{"line":110,"column":40}},"30":{"start":{"line":111,"column":4},"end":{"line":113,"column":5}},"31":{"start":{"line":112,"column":6},"end":{"line":112,"column":62}},"32":{"start":{"line":115,"column":19},"end":{"line":115,"column":29}},"33":{"start":{"line":129,"column":8},"end":{"line":129,"column":16}},"34":{"start":{"line":131,"column":19},"end":{"line":131,"column":44}},"35":{"start":{"line":132,"column":4},"end":{"line":212,"column":5}},"36":{"start":{"line":133,"column":6},"end":{"line":133,"column":34}},"37":{"start":{"line":136,"column":21},"end":{"line":156,"column":7}},"38":{"start":{"line":158,"column":6},"end":{"line":161,"column":7}},"39":{"start":{"line":159,"column":8},"end":{"line":159,"column":39}},"40":{"start":{"line":160,"column":8},"end":{"line":160,"column":67}},"41":{"start":{"line":164,"column":6},"end":{"line":192,"column":7}},"42":{"start":{"line":166,"column":8},"end":{"line":169,"column":10}},"43":{"start":{"line":172,"column":30},"end":{"line":175,"column":9}},"44":{"start":{"line":177,"column":8},"end":{"line":191,"column":9}},"45":{"start":{"line":179,"column":10},"end":{"line":183,"column":12}},"46":{"start":{"line":186,"column":10},"end":{"line":190,"column":12}},"47":{"start":{"line":194,"column":6},"end":{"line":194,"column":35}},"48":{"start":{"line":197,"column":26},"end":{"line":203,"column":14}},"49":{"start":{"line":205,"column":6},"end":{"line":205,"column":36}},"50":{"start":{"line":207,"column":6},"end":{"line":207,"column":37}},"51":{"start":{"line":208,"column":6},"end":{"line":208,"column":27}},"52":{"start":{"line":209,"column":6},"end":{"line":209,"column":50}},"53":{"start":{"line":211,"column":6},"end":{"line":211,"column":23}},"54":{"start":{"line":216,"column":19},"end":{"line":216,"column":29}},"55":{"start":{"line":217,"column":4},"end":{"line":247,"column":5}},"56":{"start":{"line":219,"column":25},"end":{"line":225,"column":14}},"57":{"start":{"line":227,"column":6},"end":{"line":229,"column":7}},"58":{"start":{"line":228,"column":8},"end":{"line":228,"column":67}},"59":{"start":{"line":232,"column":30},"end":{"line":238,"column":14}},"60":{"start":{"line":240,"column":19},"end":{"line":240,"column":37}},"61":{"start":{"line":241,"column":6},"end":{"line":241,"column":44}},"62":{"start":{"line":243,"column":6},"end":{"line":243,"column":21}},"63":{"start":{"line":245,"column":6},"end":{"line":245,"column":27}},"64":{"start":{"line":246,"column":6},"end":{"line":246,"column":50}},"65":{"start":{"line":251,"column":19},"end":{"line":251,"column":29}},"66":{"start":{"line":252,"column":4},"end":{"line":267,"column":5}},"67":{"start":{"line":254,"column":21},"end":{"line":257,"column":7}},"68":{"start":{"line":259,"column":6},"end":{"line":261,"column":7}},"69":{"start":{"line":260,"column":8},"end":{"line":260,"column":67}},"70":{"start":{"line":263,"column":6},"end":{"line":263,"column":57}},"71":{"start":{"line":265,"column":6},"end":{"line":265,"column":27}},"72":{"start":{"line":266,"column":6},"end":{"line":266,"column":50}},"73":{"start":{"line":272,"column":19},"end":{"line":272,"column":29}},"74":{"start":{"line":273,"column":4},"end":{"line":297,"column":5}},"75":{"start":{"line":275,"column":24},"end":{"line":278,"column":7}},"76":{"start":{"line":280,"column":6},"end":{"line":282,"column":7}},"77":{"start":{"line":281,"column":8},"end":{"line":281,"column":67}},"78":{"start":{"line":285,"column":21},"end":{"line":291,"column":14}},"79":{"start":{"line":293,"column":6},"end":{"line":293,"column":28}},"80":{"start":{"line":295,"column":6},"end":{"line":295,"column":27}},"81":{"start":{"line":296,"column":6},"end":{"line":296,"column":60}},"82":{"start":{"line":302,"column":19},"end":{"line":302,"column":29}},"83":{"start":{"line":310,"column":8},"end":{"line":310,"column":16}},"84":{"start":{"line":312,"column":19},"end":{"line":312,"column":44}},"85":{"start":{"line":313,"column":4},"end":{"line":389,"column":5}},"86":{"start":{"line":314,"column":6},"end":{"line":314,"column":34}},"87":{"start":{"line":317,"column":24},"end":{"line":320,"column":7}},"88":{"start":{"line":322,"column":6},"end":{"line":325,"column":7}},"89":{"start":{"line":323,"column":8},"end":{"line":323,"column":39}},"90":{"start":{"line":324,"column":8},"end":{"line":324,"column":67}},"91":{"start":{"line":328,"column":28},"end":{"line":331,"column":7}},"92":{"start":{"line":333,"column":6},"end":{"line":336,"column":7}},"93":{"start":{"line":334,"column":8},"end":{"line":334,"column":39}},"94":{"start":{"line":335,"column":8},"end":{"line":335,"column":71}},"95":{"start":{"line":339,"column":28},"end":{"line":342,"column":7}},"96":{"start":{"line":344,"column":6},"end":{"line":347,"column":7}},"97":{"start":{"line":345,"column":8},"end":{"line":345,"column":39}},"98":{"start":{"line":346,"column":8},"end":{"line":346,"column":103}},"99":{"start":{"line":350,"column":6},"end":{"line":355,"column":7}},"100":{"start":{"line":351,"column":8},"end":{"line":354,"column":10}},"101":{"start":{"line":358,"column":21},"end":{"line":362,"column":7}},"102":{"start":{"line":365,"column":6},"end":{"line":370,"column":7}},"103":{"start":{"line":366,"column":8},"end":{"line":369,"column":10}},"104":{"start":{"line":372,"column":6},"end":{"line":372,"column":35}},"105":{"start":{"line":375,"column":26},"end":{"line":380,"column":27}},"106":{"start":{"line":382,"column":6},"end":{"line":382,"column":48}},"107":{"start":{"line":384,"column":6},"end":{"line":384,"column":37}},"108":{"start":{"line":385,"column":6},"end":{"line":385,"column":27}},"109":{"start":{"line":386,"column":6},"end":{"line":386,"column":60}},"110":{"start":{"line":388,"column":6},"end":{"line":388,"column":23}},"111":{"start":{"line":394,"column":31},"end":{"line":394,"column":41}},"112":{"start":{"line":401,"column":8},"end":{"line":401,"column":16}},"113":{"start":{"line":403,"column":19},"end":{"line":403,"column":44}},"114":{"start":{"line":404,"column":4},"end":{"line":451,"column":5}},"115":{"start":{"line":405,"column":6},"end":{"line":405,"column":34}},"116":{"start":{"line":408,"column":28},"end":{"line":411,"column":7}},"117":{"start":{"line":413,"column":6},"end":{"line":416,"column":7}},"118":{"start":{"line":414,"column":8},"end":{"line":414,"column":39}},"119":{"start":{"line":415,"column":8},"end":{"line":415,"column":94}},"120":{"start":{"line":419,"column":6},"end":{"line":424,"column":7}},"121":{"start":{"line":420,"column":8},"end":{"line":423,"column":10}},"122":{"start":{"line":427,"column":6},"end":{"line":432,"column":8}},"123":{"start":{"line":434,"column":6},"end":{"line":434,"column":35}},"124":{"start":{"line":437,"column":21},"end":{"line":442,"column":26}},"125":{"start":{"line":444,"column":6},"end":{"line":444,"column":31}},"126":{"start":{"line":446,"column":6},"end":{"line":446,"column":37}},"127":{"start":{"line":447,"column":6},"end":{"line":447,"column":27}},"128":{"start":{"line":448,"column":6},"end":{"line":448,"column":72}},"129":{"start":{"line":450,"column":6},"end":{"line":450,"column":23}},"130":{"start":{"line":456,"column":31},"end":{"line":456,"column":41}},"131":{"start":{"line":458,"column":19},"end":{"line":458,"column":44}},"132":{"start":{"line":459,"column":4},"end":{"line":530,"column":5}},"133":{"start":{"line":460,"column":6},"end":{"line":460,"column":34}},"134":{"start":{"line":463,"column":28},"end":{"line":466,"column":7}},"135":{"start":{"line":468,"column":6},"end":{"line":471,"column":7}},"136":{"start":{"line":469,"column":8},"end":{"line":469,"column":39}},"137":{"start":{"line":470,"column":8},"end":{"line":470,"column":94}},"138":{"start":{"line":474,"column":25},"end":{"line":477,"column":7}},"139":{"start":{"line":479,"column":6},"end":{"line":484,"column":7}},"140":{"start":{"line":480,"column":8},"end":{"line":480,"column":39}},"141":{"start":{"line":481,"column":8},"end":{"line":483,"column":11}},"142":{"start":{"line":487,"column":6},"end":{"line":514,"column":7}},"143":{"start":{"line":489,"column":30},"end":{"line":492,"column":9}},"144":{"start":{"line":494,"column":8},"end":{"line":513,"column":9}},"145":{"start":{"line":496,"column":41},"end":{"line":496,"column":74}},"146":{"start":{"line":497,"column":10},"end":{"line":500,"column":12}},"147":{"start":{"line":503,"column":10},"end":{"line":506,"column":12}},"148":{"start":{"line":509,"column":10},"end":{"line":512,"column":12}},"149":{"start":{"line":517,"column":6},"end":{"line":520,"column":8}},"150":{"start":{"line":522,"column":6},"end":{"line":522,"column":35}},"151":{"start":{"line":523,"column":6},"end":{"line":523,"column":76}},"152":{"start":{"line":525,"column":6},"end":{"line":525,"column":37}},"153":{"start":{"line":526,"column":6},"end":{"line":526,"column":27}},"154":{"start":{"line":527,"column":6},"end":{"line":527,"column":64}},"155":{"start":{"line":529,"column":6},"end":{"line":529,"column":23}},"156":{"start":{"line":535,"column":4},"end":{"line":554,"column":5}},"157":{"start":{"line":536,"column":21},"end":{"line":548,"column":8}},"158":{"start":{"line":550,"column":6},"end":{"line":550,"column":28}},"159":{"start":{"line":552,"column":6},"end":{"line":552,"column":27}},"160":{"start":{"line":553,"column":6},"end":{"line":553,"column":61}},"161":{"start":{"line":559,"column":19},"end":{"line":559,"column":32}},"162":{"start":{"line":561,"column":4},"end":{"line":582,"column":5}},"163":{"start":{"line":563,"column":24},"end":{"line":563,"column":97}},"164":{"start":{"line":565,"column":6},"end":{"line":567,"column":7}},"165":{"start":{"line":566,"column":8},"end":{"line":566,"column":65}},"166":{"start":{"line":570,"column":21},"end":{"line":576,"column":18}},"167":{"start":{"line":578,"column":6},"end":{"line":578,"column":40}},"168":{"start":{"line":580,"column":6},"end":{"line":580,"column":65}},"169":{"start":{"line":581,"column":6},"end":{"line":581,"column":75}},"170":{"start":{"line":587,"column":19},"end":{"line":587,"column":32}},"171":{"start":{"line":588,"column":100},"end":{"line":588,"column":108}},"172":{"start":{"line":590,"column":4},"end":{"line":592,"column":5}},"173":{"start":{"line":591,"column":6},"end":{"line":591,"column":87}},"174":{"start":{"line":594,"column":19},"end":{"line":594,"column":44}},"175":{"start":{"line":596,"column":4},"end":{"line":667,"column":5}},"176":{"start":{"line":597,"column":6},"end":{"line":597,"column":34}},"177":{"start":{"line":600,"column":24},"end":{"line":600,"column":94}},"178":{"start":{"line":602,"column":6},"end":{"line":605,"column":7}},"179":{"start":{"line":603,"column":8},"end":{"line":603,"column":39}},"180":{"start":{"line":604,"column":8},"end":{"line":604,"column":65}},"181":{"start":{"line":608,"column":28},"end":{"line":608,"column":111}},"182":{"start":{"line":610,"column":6},"end":{"line":613,"column":7}},"183":{"start":{"line":611,"column":8},"end":{"line":611,"column":39}},"184":{"start":{"line":612,"column":8},"end":{"line":612,"column":69}},"185":{"start":{"line":616,"column":31},"end":{"line":619,"column":7}},"186":{"start":{"line":621,"column":6},"end":{"line":624,"column":7}},"187":{"start":{"line":622,"column":8},"end":{"line":622,"column":39}},"188":{"start":{"line":623,"column":8},"end":{"line":623,"column":101}},"189":{"start":{"line":627,"column":6},"end":{"line":632,"column":7}},"190":{"start":{"line":628,"column":8},"end":{"line":631,"column":10}},"191":{"start":{"line":635,"column":21},"end":{"line":648,"column":8}},"192":{"start":{"line":651,"column":6},"end":{"line":656,"column":7}},"193":{"start":{"line":652,"column":8},"end":{"line":655,"column":10}},"194":{"start":{"line":658,"column":6},"end":{"line":658,"column":35}},"195":{"start":{"line":660,"column":6},"end":{"line":660,"column":43}},"196":{"start":{"line":662,"column":6},"end":{"line":662,"column":37}},"197":{"start":{"line":663,"column":6},"end":{"line":663,"column":61}},"198":{"start":{"line":664,"column":6},"end":{"line":664,"column":71}},"199":{"start":{"line":666,"column":6},"end":{"line":666,"column":23}},"200":{"start":{"line":672,"column":19},"end":{"line":672,"column":36}},"201":{"start":{"line":673,"column":23},"end":{"line":673,"column":44}},"202":{"start":{"line":674,"column":87},"end":{"line":674,"column":95}},"203":{"start":{"line":676,"column":19},"end":{"line":676,"column":44}},"204":{"start":{"line":678,"column":4},"end":{"line":733,"column":5}},"205":{"start":{"line":679,"column":6},"end":{"line":679,"column":34}},"206":{"start":{"line":682,"column":28},"end":{"line":685,"column":7}},"207":{"start":{"line":687,"column":6},"end":{"line":690,"column":7}},"208":{"start":{"line":688,"column":8},"end":{"line":688,"column":39}},"209":{"start":{"line":689,"column":8},"end":{"line":689,"column":87}},"210":{"start":{"line":693,"column":6},"end":{"line":698,"column":7}},"211":{"start":{"line":694,"column":8},"end":{"line":697,"column":10}},"212":{"start":{"line":701,"column":21},"end":{"line":714,"column":8}},"213":{"start":{"line":717,"column":6},"end":{"line":722,"column":7}},"214":{"start":{"line":718,"column":8},"end":{"line":721,"column":10}},"215":{"start":{"line":724,"column":6},"end":{"line":724,"column":35}},"216":{"start":{"line":726,"column":6},"end":{"line":726,"column":43}},"217":{"start":{"line":728,"column":6},"end":{"line":728,"column":37}},"218":{"start":{"line":729,"column":6},"end":{"line":729,"column":73}},"219":{"start":{"line":730,"column":6},"end":{"line":730,"column":83}},"220":{"start":{"line":732,"column":6},"end":{"line":732,"column":23}},"221":{"start":{"line":738,"column":19},"end":{"line":738,"column":36}},"222":{"start":{"line":739,"column":23},"end":{"line":739,"column":44}},"223":{"start":{"line":741,"column":19},"end":{"line":741,"column":44}},"224":{"start":{"line":743,"column":4},"end":{"line":804,"column":5}},"225":{"start":{"line":744,"column":6},"end":{"line":744,"column":34}},"226":{"start":{"line":747,"column":28},"end":{"line":750,"column":7}},"227":{"start":{"line":752,"column":6},"end":{"line":755,"column":7}},"228":{"start":{"line":753,"column":8},"end":{"line":753,"column":39}},"229":{"start":{"line":754,"column":8},"end":{"line":754,"column":87}},"230":{"start":{"line":758,"column":26},"end":{"line":758,"column":60}},"231":{"start":{"line":761,"column":6},"end":{"line":764,"column":8}},"232":{"start":{"line":767,"column":6},"end":{"line":793,"column":7}},"233":{"start":{"line":768,"column":31},"end":{"line":771,"column":9}},"234":{"start":{"line":773,"column":8},"end":{"line":792,"column":9}},"235":{"start":{"line":775,"column":41},"end":{"line":775,"column":75}},"236":{"start":{"line":776,"column":10},"end":{"line":779,"column":12}},"237":{"start":{"line":782,"column":10},"end":{"line":785,"column":12}},"238":{"start":{"line":788,"column":10},"end":{"line":791,"column":12}},"239":{"start":{"line":795,"column":6},"end":{"line":795,"column":35}},"240":{"start":{"line":797,"column":6},"end":{"line":797,"column":83}},"241":{"start":{"line":799,"column":6},"end":{"line":799,"column":37}},"242":{"start":{"line":800,"column":6},"end":{"line":800,"column":65}},"243":{"start":{"line":801,"column":6},"end":{"line":801,"column":75}},"244":{"start":{"line":803,"column":6},"end":{"line":803,"column":23}},"245":{"start":{"line":809,"column":19},"end":{"line":809,"column":36}},"246":{"start":{"line":810,"column":23},"end":{"line":810,"column":44}},"247":{"start":{"line":812,"column":19},"end":{"line":812,"column":44}},"248":{"start":{"line":814,"column":4},"end":{"line":857,"column":5}},"249":{"start":{"line":815,"column":6},"end":{"line":815,"column":34}},"250":{"start":{"line":818,"column":28},"end":{"line":821,"column":7}},"251":{"start":{"line":823,"column":6},"end":{"line":826,"column":7}},"252":{"start":{"line":824,"column":8},"end":{"line":824,"column":39}},"253":{"start":{"line":825,"column":8},"end":{"line":825,"column":87}},"254":{"start":{"line":829,"column":6},"end":{"line":832,"column":8}},"255":{"start":{"line":835,"column":21},"end":{"line":840,"column":30}},"256":{"start":{"line":843,"column":6},"end":{"line":846,"column":8}},"257":{"start":{"line":848,"column":6},"end":{"line":848,"column":35}},"258":{"start":{"line":850,"column":6},"end":{"line":850,"column":43}},"259":{"start":{"line":852,"column":6},"end":{"line":852,"column":37}},"260":{"start":{"line":853,"column":6},"end":{"line":853,"column":64}},"261":{"start":{"line":854,"column":6},"end":{"line":854,"column":74}},"262":{"start":{"line":856,"column":6},"end":{"line":856,"column":23}},"263":{"start":{"line":861,"column":0},"end":{"line":861,"column":32}}},"fnMap":{"0":{"name":"(anonymous_0)","decl":{"start":{"line":7,"column":2},"end":{"line":7,"column":3}},"loc":{"start":{"line":7,"column":22},"end":{"line":10,"column":3}},"line":7},"1":{"name":"(anonymous_1)","decl":{"start":{"line":12,"column":2},"end":{"line":12,"column":3}},"loc":{"start":{"line":12,"column":30},"end":{"line":28,"column":3}},"line":12},"2":{"name":"(anonymous_2)","decl":{"start":{"line":30,"column":2},"end":{"line":30,"column":3}},"loc":{"start":{"line":30,"column":29},"end":{"line":107,"column":3}},"line":30},"3":{"name":"(anonymous_3)","decl":{"start":{"line":109,"column":2},"end":{"line":109,"column":3}},"loc":{"start":{"line":109,"column":29},"end":{"line":213,"column":3}},"line":109},"4":{"name":"(anonymous_4)","decl":{"start":{"line":215,"column":2},"end":{"line":215,"column":3}},"loc":{"start":{"line":215,"column":30},"end":{"line":248,"column":3}},"line":215},"5":{"name":"(anonymous_5)","decl":{"start":{"line":250,"column":2},"end":{"line":250,"column":3}},"loc":{"start":{"line":250,"column":29},"end":{"line":268,"column":3}},"line":250},"6":{"name":"(anonymous_6)","decl":{"start":{"line":271,"column":2},"end":{"line":271,"column":3}},"loc":{"start":{"line":271,"column":35},"end":{"line":298,"column":3}},"line":271},"7":{"name":"(anonymous_7)","decl":{"start":{"line":301,"column":2},"end":{"line":301,"column":3}},"loc":{"start":{"line":301,"column":34},"end":{"line":390,"column":3}},"line":301},"8":{"name":"(anonymous_8)","decl":{"start":{"line":393,"column":2},"end":{"line":393,"column":3}},"loc":{"start":{"line":393,"column":37},"end":{"line":452,"column":3}},"line":393},"9":{"name":"(anonymous_9)","decl":{"start":{"line":455,"column":2},"end":{"line":455,"column":3}},"loc":{"start":{"line":455,"column":37},"end":{"line":531,"column":3}},"line":455},"10":{"name":"(anonymous_10)","decl":{"start":{"line":534,"column":2},"end":{"line":534,"column":3}},"loc":{"start":{"line":534,"column":35},"end":{"line":555,"column":3}},"line":534},"11":{"name":"(anonymous_11)","decl":{"start":{"line":558,"column":2},"end":{"line":558,"column":3}},"loc":{"start":{"line":558,"column":38},"end":{"line":583,"column":3}},"line":558},"12":{"name":"(anonymous_12)","decl":{"start":{"line":586,"column":2},"end":{"line":586,"column":3}},"loc":{"start":{"line":586,"column":36},"end":{"line":668,"column":3}},"line":586},"13":{"name":"(anonymous_13)","decl":{"start":{"line":671,"column":2},"end":{"line":671,"column":3}},"loc":{"start":{"line":671,"column":37},"end":{"line":734,"column":3}},"line":671},"14":{"name":"(anonymous_14)","decl":{"start":{"line":737,"column":2},"end":{"line":737,"column":3}},"loc":{"start":{"line":737,"column":41},"end":{"line":805,"column":3}},"line":737},"15":{"name":"(anonymous_15)","decl":{"start":{"line":808,"column":2},"end":{"line":808,"column":3}},"loc":{"start":{"line":808,"column":39},"end":{"line":858,"column":3}},"line":808}},"branchMap":{"0":{"loc":{"start":{"line":32,"column":4},"end":{"line":34,"column":5}},"type":"if","locations":[{"start":{"line":32,"column":4},"end":{"line":34,"column":5}},{"start":{},"end":{}}],"line":32},"1":{"loc":{"start":{"line":70,"column":10},"end":{"line":70,"column":31}},"type":"binary-expr","locations":[{"start":{"line":70,"column":10},"end":{"line":70,"column":26}},{"start":{"line":70,"column":30},"end":{"line":70,"column":31}}],"line":70},"2":{"loc":{"start":{"line":71,"column":10},"end":{"line":71,"column":24}},"type":"binary-expr","locations":[{"start":{"line":71,"column":10},"end":{"line":71,"column":19}},{"start":{"line":71,"column":23},"end":{"line":71,"column":24}}],"line":71},"3":{"loc":{"start":{"line":72,"column":10},"end":{"line":72,"column":28}},"type":"binary-expr","locations":[{"start":{"line":72,"column":10},"end":{"line":72,"column":16}},{"start":{"line":72,"column":20},"end":{"line":72,"column":28}}],"line":72},"4":{"loc":{"start":{"line":80,"column":6},"end":{"line":86,"column":7}},"type":"if","locations":[{"start":{"line":80,"column":6},"end":{"line":86,"column":7}},{"start":{},"end":{}}],"line":80},"5":{"loc":{"start":{"line":84,"column":41},"end":{"line":84,"column":55}},"type":"binary-expr","locations":[{"start":{"line":84,"column":41},"end":{"line":84,"column":50}},{"start":{"line":84,"column":54},"end":{"line":84,"column":55}}],"line":84},"6":{"loc":{"start":{"line":111,"column":4},"end":{"line":113,"column":5}},"type":"if","locations":[{"start":{"line":111,"column":4},"end":{"line":113,"column":5}},{"start":{},"end":{}}],"line":111},"7":{"loc":{"start":{"line":158,"column":6},"end":{"line":161,"column":7}},"type":"if","locations":[{"start":{"line":158,"column":6},"end":{"line":161,"column":7}},{"start":{},"end":{}}],"line":158},"8":{"loc":{"start":{"line":164,"column":6},"end":{"line":192,"column":7}},"type":"if","locations":[{"start":{"line":164,"column":6},"end":{"line":192,"column":7}},{"start":{},"end":{}}],"line":164},"9":{"loc":{"start":{"line":177,"column":8},"end":{"line":191,"column":9}},"type":"if","locations":[{"start":{"line":177,"column":8},"end":{"line":191,"column":9}},{"start":{"line":184,"column":15},"end":{"line":191,"column":9}}],"line":177},"10":{"loc":{"start":{"line":227,"column":6},"end":{"line":229,"column":7}},"type":"if","locations":[{"start":{"line":227,"column":6},"end":{"line":229,"column":7}},{"start":{},"end":{}}],"line":227},"11":{"loc":{"start":{"line":259,"column":6},"end":{"line":261,"column":7}},"type":"if","locations":[{"start":{"line":259,"column":6},"end":{"line":261,"column":7}},{"start":{},"end":{}}],"line":259},"12":{"loc":{"start":{"line":280,"column":6},"end":{"line":282,"column":7}},"type":"if","locations":[{"start":{"line":280,"column":6},"end":{"line":282,"column":7}},{"start":{},"end":{}}],"line":280},"13":{"loc":{"start":{"line":305,"column":6},"end":{"line":305,"column":26}},"type":"default-arg","locations":[{"start":{"line":305,"column":21},"end":{"line":305,"column":26}}],"line":305},"14":{"loc":{"start":{"line":322,"column":6},"end":{"line":325,"column":7}},"type":"if","locations":[{"start":{"line":322,"column":6},"end":{"line":325,"column":7}},{"start":{},"end":{}}],"line":322},"15":{"loc":{"start":{"line":333,"column":6},"end":{"line":336,"column":7}},"type":"if","locations":[{"start":{"line":333,"column":6},"end":{"line":336,"column":7}},{"start":{},"end":{}}],"line":333},"16":{"loc":{"start":{"line":344,"column":6},"end":{"line":347,"column":7}},"type":"if","locations":[{"start":{"line":344,"column":6},"end":{"line":347,"column":7}},{"start":{},"end":{}}],"line":344},"17":{"loc":{"start":{"line":350,"column":6},"end":{"line":355,"column":7}},"type":"if","locations":[{"start":{"line":350,"column":6},"end":{"line":355,"column":7}},{"start":{},"end":{}}],"line":350},"18":{"loc":{"start":{"line":361,"column":67},"end":{"line":361,"column":94}},"type":"binary-expr","locations":[{"start":{"line":361,"column":67},"end":{"line":361,"column":89}},{"start":{"line":361,"column":93},"end":{"line":361,"column":94}}],"line":361},"19":{"loc":{"start":{"line":365,"column":6},"end":{"line":370,"column":7}},"type":"if","locations":[{"start":{"line":365,"column":6},"end":{"line":370,"column":7}},{"start":{},"end":{}}],"line":365},"20":{"loc":{"start":{"line":365,"column":10},"end":{"line":365,"column":51}},"type":"binary-expr","locations":[{"start":{"line":365,"column":10},"end":{"line":365,"column":20}},{"start":{"line":365,"column":24},"end":{"line":365,"column":51}}],"line":365},"21":{"loc":{"start":{"line":396,"column":6},"end":{"line":396,"column":26}},"type":"default-arg","locations":[{"start":{"line":396,"column":21},"end":{"line":396,"column":26}}],"line":396},"22":{"loc":{"start":{"line":413,"column":6},"end":{"line":416,"column":7}},"type":"if","locations":[{"start":{"line":413,"column":6},"end":{"line":416,"column":7}},{"start":{},"end":{}}],"line":413},"23":{"loc":{"start":{"line":419,"column":6},"end":{"line":424,"column":7}},"type":"if","locations":[{"start":{"line":419,"column":6},"end":{"line":424,"column":7}},{"start":{},"end":{}}],"line":419},"24":{"loc":{"start":{"line":468,"column":6},"end":{"line":471,"column":7}},"type":"if","locations":[{"start":{"line":468,"column":6},"end":{"line":471,"column":7}},{"start":{},"end":{}}],"line":468},"25":{"loc":{"start":{"line":479,"column":6},"end":{"line":484,"column":7}},"type":"if","locations":[{"start":{"line":479,"column":6},"end":{"line":484,"column":7}},{"start":{},"end":{}}],"line":479},"26":{"loc":{"start":{"line":487,"column":6},"end":{"line":514,"column":7}},"type":"if","locations":[{"start":{"line":487,"column":6},"end":{"line":514,"column":7}},{"start":{},"end":{}}],"line":487},"27":{"loc":{"start":{"line":494,"column":8},"end":{"line":513,"column":9}},"type":"if","locations":[{"start":{"line":494,"column":8},"end":{"line":513,"column":9}},{"start":{"line":507,"column":15},"end":{"line":513,"column":9}}],"line":494},"28":{"loc":{"start":{"line":565,"column":6},"end":{"line":567,"column":7}},"type":"if","locations":[{"start":{"line":565,"column":6},"end":{"line":567,"column":7}},{"start":{},"end":{}}],"line":565},"29":{"loc":{"start":{"line":590,"column":4},"end":{"line":592,"column":5}},"type":"if","locations":[{"start":{"line":590,"column":4},"end":{"line":592,"column":5}},{"start":{},"end":{}}],"line":590},"30":{"loc":{"start":{"line":590,"column":8},"end":{"line":590,"column":47}},"type":"binary-expr","locations":[{"start":{"line":590,"column":8},"end":{"line":590,"column":20}},{"start":{"line":590,"column":24},"end":{"line":590,"column":47}}],"line":590},"31":{"loc":{"start":{"line":602,"column":6},"end":{"line":605,"column":7}},"type":"if","locations":[{"start":{"line":602,"column":6},"end":{"line":605,"column":7}},{"start":{},"end":{}}],"line":602},"32":{"loc":{"start":{"line":610,"column":6},"end":{"line":613,"column":7}},"type":"if","locations":[{"start":{"line":610,"column":6},"end":{"line":613,"column":7}},{"start":{},"end":{}}],"line":610},"33":{"loc":{"start":{"line":621,"column":6},"end":{"line":624,"column":7}},"type":"if","locations":[{"start":{"line":621,"column":6},"end":{"line":624,"column":7}},{"start":{},"end":{}}],"line":621},"34":{"loc":{"start":{"line":627,"column":6},"end":{"line":632,"column":7}},"type":"if","locations":[{"start":{"line":627,"column":6},"end":{"line":632,"column":7}},{"start":{},"end":{}}],"line":627},"35":{"loc":{"start":{"line":644,"column":8},"end":{"line":644,"column":29}},"type":"binary-expr","locations":[{"start":{"line":644,"column":8},"end":{"line":644,"column":20}},{"start":{"line":644,"column":24},"end":{"line":644,"column":29}}],"line":644},"36":{"loc":{"start":{"line":645,"column":8},"end":{"line":645,"column":30}},"type":"binary-expr","locations":[{"start":{"line":645,"column":8},"end":{"line":645,"column":22}},{"start":{"line":645,"column":26},"end":{"line":645,"column":30}}],"line":645},"37":{"loc":{"start":{"line":646,"column":8},"end":{"line":646,"column":35}},"type":"binary-expr","locations":[{"start":{"line":646,"column":8},"end":{"line":646,"column":30}},{"start":{"line":646,"column":34},"end":{"line":646,"column":35}}],"line":646},"38":{"loc":{"start":{"line":647,"column":8},"end":{"line":647,"column":21}},"type":"binary-expr","locations":[{"start":{"line":647,"column":8},"end":{"line":647,"column":13}},{"start":{"line":647,"column":17},"end":{"line":647,"column":21}}],"line":647},"39":{"loc":{"start":{"line":651,"column":6},"end":{"line":656,"column":7}},"type":"if","locations":[{"start":{"line":651,"column":6},"end":{"line":656,"column":7}},{"start":{},"end":{}}],"line":651},"40":{"loc":{"start":{"line":651,"column":10},"end":{"line":651,"column":60}},"type":"binary-expr","locations":[{"start":{"line":651,"column":10},"end":{"line":651,"column":22}},{"start":{"line":651,"column":26},"end":{"line":651,"column":60}}],"line":651},"41":{"loc":{"start":{"line":687,"column":6},"end":{"line":690,"column":7}},"type":"if","locations":[{"start":{"line":687,"column":6},"end":{"line":690,"column":7}},{"start":{},"end":{}}],"line":687},"42":{"loc":{"start":{"line":693,"column":6},"end":{"line":698,"column":7}},"type":"if","locations":[{"start":{"line":693,"column":6},"end":{"line":698,"column":7}},{"start":{},"end":{}}],"line":693},"43":{"loc":{"start":{"line":710,"column":8},"end":{"line":710,"column":29}},"type":"binary-expr","locations":[{"start":{"line":710,"column":8},"end":{"line":710,"column":20}},{"start":{"line":710,"column":24},"end":{"line":710,"column":29}}],"line":710},"44":{"loc":{"start":{"line":711,"column":8},"end":{"line":711,"column":30}},"type":"binary-expr","locations":[{"start":{"line":711,"column":8},"end":{"line":711,"column":22}},{"start":{"line":711,"column":26},"end":{"line":711,"column":30}}],"line":711},"45":{"loc":{"start":{"line":712,"column":8},"end":{"line":712,"column":35}},"type":"binary-expr","locations":[{"start":{"line":712,"column":8},"end":{"line":712,"column":30}},{"start":{"line":712,"column":34},"end":{"line":712,"column":35}}],"line":712},"46":{"loc":{"start":{"line":713,"column":8},"end":{"line":713,"column":21}},"type":"binary-expr","locations":[{"start":{"line":713,"column":8},"end":{"line":713,"column":13}},{"start":{"line":713,"column":17},"end":{"line":713,"column":21}}],"line":713},"47":{"loc":{"start":{"line":717,"column":6},"end":{"line":722,"column":7}},"type":"if","locations":[{"start":{"line":717,"column":6},"end":{"line":722,"column":7}},{"start":{},"end":{}}],"line":717},"48":{"loc":{"start":{"line":752,"column":6},"end":{"line":755,"column":7}},"type":"if","locations":[{"start":{"line":752,"column":6},"end":{"line":755,"column":7}},{"start":{},"end":{}}],"line":752},"49":{"loc":{"start":{"line":767,"column":6},"end":{"line":793,"column":7}},"type":"if","locations":[{"start":{"line":767,"column":6},"end":{"line":793,"column":7}},{"start":{},"end":{}}],"line":767},"50":{"loc":{"start":{"line":773,"column":8},"end":{"line":792,"column":9}},"type":"if","locations":[{"start":{"line":773,"column":8},"end":{"line":792,"column":9}},{"start":{"line":786,"column":15},"end":{"line":792,"column":9}}],"line":773},"51":{"loc":{"start":{"line":823,"column":6},"end":{"line":826,"column":7}},"type":"if","locations":[{"start":{"line":823,"column":6},"end":{"line":826,"column":7}},{"start":{},"end":{}}],"line":823}},"s":{"0":1,"1":1,"2":1,"3":1,"4":0,"5":0,"6":0,"7":0,"8":0,"9":0,"10":0,"11":0,"12":0,"13":0,"14":0,"15":0,"16":0,"17":0,"18":0,"19":0,"20":0,"21":0,"22":0,"23":0,"24":0,"25":0,"26":0,"27":0,"28":0,"29":0,"30":0,"31":0,"32":0,"33":0,"34":0,"35":0,"36":0,"37":0,"38":0,"39":0,"40":0,"41":0,"42":0,"43":0,"44":0,"45":0,"46":0,"47":0,"48":0,"49":0,"50":0,"51":0,"52":0,"53":0,"54":0,"55":0,"56":0,"57":0,"58":0,"59":0,"60":0,"61":0,"62":0,"63":0,"64":0,"65":0,"66":0,"67":0,"68":0,"69":0,"70":0,"71":0,"72":0,"73":0,"74":0,"75":0,"76":0,"77":0,"78":0,"79":0,"80":0,"81":0,"82":0,"83":0,"84":0,"85":0,"86":0,"87":0,"88":0,"89":0,"90":0,"91":0,"92":0,"93":0,"94":0,"95":0,"96":0,"97":0,"98":0,"99":0,"100":0,"101":0,"102":0,"103":0,"104":0,"105":0,"106":0,"107":0,"108":0,"109":0,"110":0,"111":0,"112":0,"113":0,"114":0,"115":0,"116":0,"117":0,"118":0,"119":0,"120":0,"121":0,"122":0,"123":0,"124":0,"125":0,"126":0,"127":0,"128":0,"129":0,"130":0,"131":0,"132":0,"133":0,"134":0,"135":0,"136":0,"137":0,"138":0,"139":0,"140":0,"141":0,"142":0,"143":0,"144":0,"145":0,"146":0,"147":0,"148":0,"149":0,"150":0,"151":0,"152":0,"153":0,"154":0,"155":0,"156":0,"157":0,"158":0,"159":0,"160":0,"161":0,"162":0,"163":0,"164":0,"165":0,"166":0,"167":0,"168":0,"169":0,"170":0,"171":0,"172":0,"173":0,"174":0,"175":0,"176":0,"177":0,"178":0,"179":0,"180":0,"181":0,"182":0,"183":0,"184":0,"185":0,"186":0,"187":0,"188":0,"189":0,"190":0,"191":0,"192":0,"193":0,"194":0,"195":0,"196":0,"197":0,"198":0,"199":0,"200":0,"201":0,"202":0,"203":0,"204":0,"205":0,"206":0,"207":0,"208":0,"209":0,"210":0,"211":0,"212":0,"213":0,"214":0,"215":0,"216":0,"217":0,"218":0,"219":0,"220":0,"221":0,"222":0,"223":0,"224":0,"225":0,"226":0,"227":0,"228":0,"229":0,"230":0,"231":0,"232":0,"233":0,"234":0,"235":0,"236":0,"237":0,"238":0,"239":0,"240":0,"241":0,"242":0,"243":0,"244":0,"245":0,"246":0,"247":0,"248":0,"249":0,"250":0,"251":0,"252":0,"253":0,"254":0,"255":0,"256":0,"257":0,"258":0,"259":0,"260":0,"261":0,"262":0,"263":1},"f":{"0":0,"1":0,"2":0,"3":0,"4":0,"5":0,"6":0,"7":0,"8":0,"9":0,"10":0,"11":0,"12":0,"13":0,"14":0,"15":0},"b":{"0":[0,0],"1":[0,0],"2":[0,0],"3":[0,0],"4":[0,0],"5":[0,0],"6":[0,0],"7":[0,0],"8":[0,0],"9":[0,0],"10":[0,0],"11":[0,0],"12":[0,0],"13":[0],"14":[0,0],"15":[0,0],"16":[0,0],"17":[0,0],"18":[0,0],"19":[0,0],"20":[0,0],"21":[0],"22":[0,0],"23":[0,0],"24":[0,0],"25":[0,0],"26":[0,0],"27":[0,0],"28":[0,0],"29":[0,0],"30":[0,0],"31":[0,0],"32":[0,0],"33":[0,0],"34":[0,0],"35":[0,0],"36":[0,0],"37":[0,0],"38":[0,0],"39":[0,0],"40":[0,0],"41":[0,0],"42":[0,0],"43":[0,0],"44":[0,0],"45":[0,0],"46":[0,0],"47":[0,0],"48":[0,0],"49":[0,0],"50":[0,0],"51":[0,0]},"_coverageSchema":"1a1c01bbd47fc00a2c39e90264f33305004495a9","hash":"678333b4eca1eb487a0baa8b243aa8045a67ec1a"}
,"C:\\Users\\Fiser\\fiservinventory-app\\backend\\src\\controllers\\PartsUsageController.js": {"path":"C:\\Users\\Fiser\\fiservinventory-app\\backend\\src\\controllers\\PartsUsageController.js","statementMap":{"0":{"start":{"line":1,"column":11},"end":{"line":1,"column":30}},"1":{"start":{"line":2,"column":14},"end":{"line":2,"column":32}},"2":{"start":{"line":3,"column":13},"end":{"line":3,"column":28}},"3":{"start":{"line":4,"column":21},"end":{"line":4,"column":56}},"4":{"start":{"line":8,"column":4},"end":{"line":8,"column":17}},"5":{"start":{"line":19,"column":8},"end":{"line":19,"column":16}},"6":{"start":{"line":21,"column":4},"end":{"line":110,"column":5}},"7":{"start":{"line":23,"column":25},"end":{"line":26,"column":7}},"8":{"start":{"line":28,"column":6},"end":{"line":30,"column":7}},"9":{"start":{"line":29,"column":8},"end":{"line":29,"column":65}},"10":{"start":{"line":32,"column":19},"end":{"line":32,"column":37}},"11":{"start":{"line":33,"column":30},"end":{"line":33,"column":43}},"12":{"start":{"line":34,"column":6},"end":{"line":40,"column":7}},"13":{"start":{"line":35,"column":8},"end":{"line":39,"column":11}},"14":{"start":{"line":43,"column":6},"end":{"line":43,"column":30}},"15":{"start":{"line":46,"column":26},"end":{"line":59,"column":7}},"16":{"start":{"line":62,"column":26},"end":{"line":62,"column":52}},"17":{"start":{"line":63,"column":6},"end":{"line":66,"column":8}},"18":{"start":{"line":68,"column":6},"end":{"line":68,"column":31}},"19":{"start":{"line":71,"column":6},"end":{"line":100,"column":7}},"20":{"start":{"line":73,"column":8},"end":{"line":78,"column":11}},"21":{"start":{"line":81,"column":8},"end":{"line":84,"column":11}},"22":{"start":{"line":85,"column":13},"end":{"line":100,"column":7}},"23":{"start":{"line":87,"column":8},"end":{"line":93,"column":11}},"24":{"start":{"line":96,"column":8},"end":{"line":99,"column":11}},"25":{"start":{"line":103,"column":6},"end":{"line":103,"column":39}},"26":{"start":{"line":105,"column":6},"end":{"line":105,"column":36}},"27":{"start":{"line":107,"column":6},"end":{"line":107,"column":33}},"28":{"start":{"line":108,"column":6},"end":{"line":108,"column":53}},"29":{"start":{"line":109,"column":6},"end":{"line":109,"column":64}},"30":{"start":{"line":114,"column":4},"end":{"line":154,"column":5}},"31":{"start":{"line":115,"column":18},"end":{"line":127,"column":7}},"32":{"start":{"line":129,"column":21},"end":{"line":129,"column":23}},"33":{"start":{"line":131,"column":6},"end":{"line":134,"column":7}},"34":{"start":{"line":132,"column":8},"end":{"line":132,"column":41}},"35":{"start":{"line":133,"column":8},"end":{"line":133,"column":59}},"36":{"start":{"line":136,"column":6},"end":{"line":139,"column":7}},"37":{"start":{"line":137,"column":8},"end":{"line":137,"column":39}},"38":{"start":{"line":138,"column":8},"end":{"line":138,"column":59}},"39":{"start":{"line":141,"column":6},"end":{"line":141,"column":46}},"40":{"start":{"line":143,"column":6},"end":{"line":143,"column":53}},"41":{"start":{"line":144,"column":21},"end":{"line":144,"column":50}},"42":{"start":{"line":145,"column":6},"end":{"line":145,"column":48}},"43":{"start":{"line":147,"column":6},"end":{"line":147,"column":28}},"44":{"start":{"line":149,"column":6},"end":{"line":149,"column":58}},"45":{"start":{"line":150,"column":6},"end":{"line":153,"column":9}},"46":{"start":{"line":158,"column":4},"end":{"line":234,"column":5}},"47":{"start":{"line":159,"column":18},"end":{"line":170,"column":7}},"48":{"start":{"line":172,"column":21},"end":{"line":172,"column":23}},"49":{"start":{"line":174,"column":6},"end":{"line":177,"column":7}},"50":{"start":{"line":175,"column":8},"end":{"line":175,"column":41}},"51":{"start":{"line":176,"column":8},"end":{"line":176,"column":59}},"52":{"start":{"line":179,"column":6},"end":{"line":182,"column":7}},"53":{"start":{"line":180,"column":8},"end":{"line":180,"column":39}},"54":{"start":{"line":181,"column":8},"end":{"line":181,"column":59}},"55":{"start":{"line":184,"column":6},"end":{"line":184,"column":46}},"56":{"start":{"line":186,"column":21},"end":{"line":186,"column":50}},"57":{"start":{"line":188,"column":23},"end":{"line":188,"column":43}},"58":{"start":{"line":189,"column":24},"end":{"line":189,"column":60}},"59":{"start":{"line":191,"column":6},"end":{"line":197,"column":8}},"60":{"start":{"line":200,"column":6},"end":{"line":205,"column":9}},"61":{"start":{"line":201,"column":8},"end":{"line":204,"column":11}},"62":{"start":{"line":208,"column":6},"end":{"line":208,"column":48}},"63":{"start":{"line":209,"column":6},"end":{"line":213,"column":8}},"64":{"start":{"line":216,"column":6},"end":{"line":219,"column":8}},"65":{"start":{"line":220,"column":6},"end":{"line":223,"column":8}},"66":{"start":{"line":226,"column":6},"end":{"line":226,"column":37}},"67":{"start":{"line":227,"column":6},"end":{"line":227,"column":16}},"68":{"start":{"line":229,"column":6},"end":{"line":229,"column":56}},"69":{"start":{"line":230,"column":6},"end":{"line":233,"column":9}},"70":{"start":{"line":238,"column":0},"end":{"line":238,"column":38}}},"fnMap":{"0":{"name":"(anonymous_0)","decl":{"start":{"line":7,"column":2},"end":{"line":7,"column":3}},"loc":{"start":{"line":7,"column":18},"end":{"line":9,"column":3}},"line":7},"1":{"name":"(anonymous_1)","decl":{"start":{"line":11,"column":2},"end":{"line":11,"column":3}},"loc":{"start":{"line":11,"column":30},"end":{"line":111,"column":3}},"line":11},"2":{"name":"(anonymous_2)","decl":{"start":{"line":113,"column":2},"end":{"line":113,"column":3}},"loc":{"start":{"line":113,"column":34},"end":{"line":155,"column":3}},"line":113},"3":{"name":"(anonymous_3)","decl":{"start":{"line":157,"column":2},"end":{"line":157,"column":3}},"loc":{"start":{"line":157,"column":32},"end":{"line":235,"column":3}},"line":157},"4":{"name":"(anonymous_4)","decl":{"start":{"line":200,"column":26},"end":{"line":200,"column":27}},"loc":{"start":{"line":200,"column":33},"end":{"line":205,"column":7}},"line":200}},"branchMap":{"0":{"loc":{"start":{"line":28,"column":6},"end":{"line":30,"column":7}},"type":"if","locations":[{"start":{"line":28,"column":6},"end":{"line":30,"column":7}},{"start":{},"end":{}}],"line":28},"1":{"loc":{"start":{"line":34,"column":6},"end":{"line":40,"column":7}},"type":"if","locations":[{"start":{"line":34,"column":6},"end":{"line":40,"column":7}},{"start":{},"end":{}}],"line":34},"2":{"loc":{"start":{"line":71,"column":6},"end":{"line":100,"column":7}},"type":"if","locations":[{"start":{"line":71,"column":6},"end":{"line":100,"column":7}},{"start":{"line":85,"column":13},"end":{"line":100,"column":7}}],"line":71},"3":{"loc":{"start":{"line":85,"column":13},"end":{"line":100,"column":7}},"type":"if","locations":[{"start":{"line":85,"column":13},"end":{"line":100,"column":7}},{"start":{},"end":{}}],"line":85},"4":{"loc":{"start":{"line":131,"column":6},"end":{"line":134,"column":7}},"type":"if","locations":[{"start":{"line":131,"column":6},"end":{"line":134,"column":7}},{"start":{},"end":{}}],"line":131},"5":{"loc":{"start":{"line":136,"column":6},"end":{"line":139,"column":7}},"type":"if","locations":[{"start":{"line":136,"column":6},"end":{"line":139,"column":7}},{"start":{},"end":{}}],"line":136},"6":{"loc":{"start":{"line":174,"column":6},"end":{"line":177,"column":7}},"type":"if","locations":[{"start":{"line":174,"column":6},"end":{"line":177,"column":7}},{"start":{},"end":{}}],"line":174},"7":{"loc":{"start":{"line":179,"column":6},"end":{"line":182,"column":7}},"type":"if","locations":[{"start":{"line":179,"column":6},"end":{"line":182,"column":7}},{"start":{},"end":{}}],"line":179}},"s":{"0":0,"1":0,"2":0,"3":0,"4":0,"5":0,"6":0,"7":0,"8":0,"9":0,"10":0,"11":0,"12":0,"13":0,"14":0,"15":0,"16":0,"17":0,"18":0,"19":0,"20":0,"21":0,"22":0,"23":0,"24":0,"25":0,"26":0,"27":0,"28":0,"29":0,"30":0,"31":0,"32":0,"33":0,"34":0,"35":0,"36":0,"37":0,"38":0,"39":0,"40":0,"41":0,"42":0,"43":0,"44":0,"45":0,"46":0,"47":0,"48":0,"49":0,"50":0,"51":0,"52":0,"53":0,"54":0,"55":0,"56":0,"57":0,"58":0,"59":0,"60":0,"61":0,"62":0,"63":0,"64":0,"65":0,"66":0,"67":0,"68":0,"69":0,"70":0},"f":{"0":0,"1":0,"2":0,"3":0,"4":0},"b":{"0":[0,0],"1":[0,0],"2":[0,0],"3":[0,0],"4":[0,0],"5":[0,0],"6":[0,0],"7":[0,0]}}
,"C:\\Users\\Fiser\\fiservinventory-app\\backend\\src\\controllers\\PurchaseOrderController.js": {"path":"C:\\Users\\Fiser\\fiservinventory-app\\backend\\src\\controllers\\PurchaseOrderController.js","statementMap":{"0":{"start":{"line":1,"column":22},"end":{"line":1,"column":56}},"1":{"start":{"line":2,"column":17},"end":{"line":2,"column":36}},"2":{"start":{"line":3,"column":35},"end":{"line":3,"column":63}},"3":{"start":{"line":4,"column":19},"end":{"line":4,"column":38}},"4":{"start":{"line":5,"column":33},"end":{"line":5,"column":63}},"5":{"start":{"line":6,"column":26},"end":{"line":6,"column":66}},"6":{"start":{"line":11,"column":4},"end":{"line":11,"column":21}},"7":{"start":{"line":14,"column":4},"end":{"line":14,"column":51}},"8":{"start":{"line":17,"column":4},"end":{"line":17,"column":77}},"9":{"start":{"line":21,"column":4},"end":{"line":38,"column":5}},"10":{"start":{"line":22,"column":21},"end":{"line":32,"column":8}},"11":{"start":{"line":33,"column":6},"end":{"line":33,"column":65}},"12":{"start":{"line":34,"column":6},"end":{"line":34,"column":28}},"13":{"start":{"line":36,"column":6},"end":{"line":36,"column":62}},"14":{"start":{"line":37,"column":6},"end":{"line":37,"column":61}},"15":{"start":{"line":42,"column":19},"end":{"line":42,"column":29}},"16":{"start":{"line":44,"column":4},"end":{"line":89,"column":5}},"17":{"start":{"line":45,"column":23},"end":{"line":50,"column":14}},"18":{"start":{"line":52,"column":6},"end":{"line":54,"column":7}},"19":{"start":{"line":53,"column":8},"end":{"line":53,"column":64}},"20":{"start":{"line":57,"column":26},"end":{"line":62,"column":14}},"21":{"start":{"line":65,"column":28},"end":{"line":68,"column":7}},"22":{"start":{"line":71,"column":6},"end":{"line":83,"column":7}},"23":{"start":{"line":72,"column":30},"end":{"line":72,"column":91}},"24":{"start":{"line":73,"column":32},"end":{"line":73,"column":95}},"25":{"start":{"line":76,"column":8},"end":{"line":76,"column":102}},"26":{"start":{"line":77,"column":8},"end":{"line":77,"column":91}},"27":{"start":{"line":78,"column":8},"end":{"line":78,"column":110}},"28":{"start":{"line":80,"column":8},"end":{"line":80,"column":40}},"29":{"start":{"line":81,"column":8},"end":{"line":81,"column":42}},"30":{"start":{"line":82,"column":8},"end":{"line":82,"column":43}},"31":{"start":{"line":85,"column":6},"end":{"line":85,"column":30}},"32":{"start":{"line":87,"column":6},"end":{"line":87,"column":27}},"33":{"start":{"line":88,"column":6},"end":{"line":88,"column":60}},"34":{"start":{"line":93,"column":19},"end":{"line":93,"column":40}},"35":{"start":{"line":94,"column":4},"end":{"line":96,"column":5}},"36":{"start":{"line":95,"column":6},"end":{"line":95,"column":62}},"37":{"start":{"line":105,"column":8},"end":{"line":105,"column":16}},"38":{"start":{"line":108,"column":19},"end":{"line":108,"column":44}},"39":{"start":{"line":109,"column":4},"end":{"line":220,"column":5}},"40":{"start":{"line":110,"column":6},"end":{"line":110,"column":34}},"41":{"start":{"line":115,"column":6},"end":{"line":147,"column":7}},"42":{"start":{"line":117,"column":33},"end":{"line":120,"column":9}},"43":{"start":{"line":122,"column":8},"end":{"line":124,"column":9}},"44":{"start":{"line":123,"column":10},"end":{"line":123,"column":66}},"45":{"start":{"line":126,"column":8},"end":{"line":126,"column":41}},"46":{"start":{"line":129,"column":28},"end":{"line":129,"column":38}},"47":{"start":{"line":130,"column":25},"end":{"line":130,"column":54}},"48":{"start":{"line":133,"column":28},"end":{"line":136,"column":9}},"49":{"start":{"line":138,"column":22},"end":{"line":138,"column":23}},"50":{"start":{"line":139,"column":8},"end":{"line":144,"column":9}},"51":{"start":{"line":141,"column":25},"end":{"line":141,"column":54}},"52":{"start":{"line":142,"column":26},"end":{"line":142,"column":56}},"53":{"start":{"line":143,"column":10},"end":{"line":143,"column":32}},"54":{"start":{"line":146,"column":8},"end":{"line":146,"column":72}},"55":{"start":{"line":150,"column":24},"end":{"line":150,"column":25}},"56":{"start":{"line":151,"column":6},"end":{"line":160,"column":7}},"57":{"start":{"line":153,"column":25},"end":{"line":153,"column":53}},"58":{"start":{"line":154,"column":26},"end":{"line":154,"column":58}},"59":{"start":{"line":155,"column":26},"end":{"line":155,"column":46}},"60":{"start":{"line":157,"column":8},"end":{"line":157,"column":135}},"61":{"start":{"line":159,"column":8},"end":{"line":159,"column":33}},"62":{"start":{"line":163,"column":6},"end":{"line":163,"column":55}},"63":{"start":{"line":164,"column":6},"end":{"line":164,"column":63}},"64":{"start":{"line":167,"column":22},"end":{"line":175,"column":7}},"65":{"start":{"line":177,"column":23},"end":{"line":187,"column":7}},"66":{"start":{"line":189,"column":23},"end":{"line":189,"column":60}},"67":{"start":{"line":191,"column":19},"end":{"line":191,"column":41}},"68":{"start":{"line":194,"column":6},"end":{"line":206,"column":7}},"69":{"start":{"line":195,"column":8},"end":{"line":205,"column":10}},"70":{"start":{"line":208,"column":6},"end":{"line":208,"column":35}},"71":{"start":{"line":211,"column":25},"end":{"line":211,"column":67}},"72":{"start":{"line":213,"column":6},"end":{"line":213,"column":39}},"73":{"start":{"line":215,"column":6},"end":{"line":215,"column":37}},"74":{"start":{"line":216,"column":6},"end":{"line":216,"column":27}},"75":{"start":{"line":217,"column":6},"end":{"line":217,"column":60}},"76":{"start":{"line":219,"column":6},"end":{"line":219,"column":23}},"77":{"start":{"line":224,"column":21},"end":{"line":229,"column":14}},"78":{"start":{"line":231,"column":4},"end":{"line":233,"column":5}},"79":{"start":{"line":232,"column":6},"end":{"line":232,"column":18}},"80":{"start":{"line":235,"column":15},"end":{"line":235,"column":31}},"81":{"start":{"line":238,"column":24},"end":{"line":243,"column":14}},"82":{"start":{"line":245,"column":4},"end":{"line":245,"column":32}},"83":{"start":{"line":248,"column":4},"end":{"line":257,"column":5}},"84":{"start":{"line":249,"column":29},"end":{"line":252,"column":7}},"85":{"start":{"line":254,"column":6},"end":{"line":256,"column":7}},"86":{"start":{"line":255,"column":8},"end":{"line":255,"column":55}},"87":{"start":{"line":259,"column":4},"end":{"line":259,"column":14}},"88":{"start":{"line":263,"column":19},"end":{"line":263,"column":40}},"89":{"start":{"line":264,"column":4},"end":{"line":266,"column":5}},"90":{"start":{"line":265,"column":6},"end":{"line":265,"column":62}},"91":{"start":{"line":268,"column":17},"end":{"line":268,"column":40}},"92":{"start":{"line":269,"column":23},"end":{"line":269,"column":31}},"93":{"start":{"line":271,"column":4},"end":{"line":307,"column":5}},"94":{"start":{"line":272,"column":21},"end":{"line":280,"column":7}},"95":{"start":{"line":282,"column":6},"end":{"line":284,"column":7}},"96":{"start":{"line":283,"column":8},"end":{"line":283,"column":64}},"
[...]
line":114,"column":62}},"29":{"start":{"line":115,"column":10},"end":{"line":127,"column":13}},"30":{"start":{"line":128,"column":10},"end":{"line":128,"column":99}},"31":{"start":{"line":130,"column":10},"end":{"line":130,"column":22}},"32":{"start":{"line":134,"column":6},"end":{"line":134,"column":102}},"33":{"start":{"line":137,"column":4},"end":{"line":137,"column":44}},"34":{"start":{"line":138,"column":4},"end":{"line":138,"column":16}},"35":{"start":{"line":140,"column":4},"end":{"line":140,"column":56}},"36":{"start":{"line":141,"column":4},"end":{"line":141,"column":17}},"37":{"start":{"line":143,"column":4},"end":{"line":143,"column":21}},"38":{"start":{"line":149,"column":2},"end":{"line":149,"column":43}},"39":{"start":{"line":150,"column":2},"end":{"line":150,"column":42}},"40":{"start":{"line":151,"column":2},"end":{"line":151,"column":43}},"41":{"start":{"line":154,"column":2},"end":{"line":154,"column":51}},"42":{"start":{"line":155,"column":2},"end":{"line":155,"column":71}},"43":{"start":{"line":156,"column":2},"end":{"line":156,"column":72}},"44":{"start":{"line":158,"column":2},"end":{"line":279,"column":3}},"45":{"start":{"line":160,"column":25},"end":{"line":160,"column":46}},"46":{"start":{"line":161,"column":4},"end":{"line":164,"column":5}},"47":{"start":{"line":162,"column":6},"end":{"line":162,"column":43}},"48":{"start":{"line":163,"column":6},"end":{"line":163,"column":13}},"49":{"start":{"line":165,"column":4},"end":{"line":165,"column":34}},"50":{"start":{"line":168,"column":4},"end":{"line":168,"column":60}},"51":{"start":{"line":169,"column":4},"end":{"line":193,"column":5}},"52":{"start":{"line":170,"column":6},"end":{"line":174,"column":8}},"53":{"start":{"line":177,"column":21},"end":{"line":184,"column":7}},"54":{"start":{"line":186,"column":6},"end":{"line":190,"column":7}},"55":{"start":{"line":187,"column":8},"end":{"line":187,"column":61}},"56":{"start":{"line":189,"column":8},"end":{"line":189,"column":60}},"57":{"start":{"line":192,"column":6},"end":{"line":192,"column":65}},"58":{"start":{"line":196,"column":4},"end":{"line":196,"column":64}},"59":{"start":{"line":197,"column":4},"end":{"line":208,"column":5}},"60":{"start":{"line":198,"column":6},"end":{"line":202,"column":8}},"61":{"start":{"line":205,"column":6},"end":{"line":205,"column":62}},"62":{"start":{"line":207,"column":6},"end":{"line":207,"column":69}},"63":{"start":{"line":211,"column":4},"end":{"line":211,"column":49}},"64":{"start":{"line":212,"column":4},"end":{"line":248,"column":5}},"65":{"start":{"line":214,"column":6},"end":{"line":214,"column":56}},"66":{"start":{"line":217,"column":6},"end":{"line":222,"column":8}},"67":{"start":{"line":225,"column":6},"end":{"line":229,"column":8}},"68":{"start":{"line":232,"column":21},"end":{"line":239,"column":7}},"69":{"start":{"line":241,"column":6},"end":{"line":245,"column":7}},"70":{"start":{"line":242,"column":8},"end":{"line":242,"column":63}},"71":{"start":{"line":244,"column":8},"end":{"line":244,"column":80}},"72":{"start":{"line":247,"column":6},"end":{"line":247,"column":59}},"73":{"start":{"line":251,"column":4},"end":{"line":251,"column":60}},"74":{"start":{"line":254,"column":4},"end":{"line":254,"column":53}},"75":{"start":{"line":257,"column":4},"end":{"line":257,"column":47}},"76":{"start":{"line":258,"column":4},"end":{"line":258,"column":38}},"77":{"start":{"line":259,"column":4},"end":{"line":259,"column":45}},"78":{"start":{"line":260,"column":4},"end":{"line":260,"column":75}},"79":{"start":{"line":261,"column":4},"end":{"line":261,"column":49}},"80":{"start":{"line":262,"column":4},"end":{"line":262,"column":49}},"81":{"start":{"line":264,"column":4},"end":{"line":270,"column":5}},"82":{"start":{"line":265,"column":6},"end":{"line":265,"column":31}},"83":{"start":{"line":266,"column":6},"end":{"line":269,"column":9}},"84":{"start":{"line":267,"column":8},"end":{"line":267,"column":52}},"85":{"start":{"line":268,"column":8},"end":{"line":268,"column":54}},"86":{"start":{"line":268,"column":23},"end":{"line":268,"column":54}},"87":{"start":{"line":273,"column":4},"end":{"line":273,"column":53}},"88":{"start":{"line":274,"column":4},"end":{"line":274,"column":42}},"89":{"start":{"line":275,"column":4},"end":{"line":275,"column":39}},"90":{"start":{"line":278,"column":4},"end":{"line":278,"column":49}},"91":{"start":{"line":283,"column":0},"end":{"line":283,"column":15}}},"fnMap":{"0":{"name":"logSuccess","decl":{"start":{"line":38,"column":9},"end":{"line":38,"column":19}},"loc":{"start":{"line":38,"column":29},"end":{"line":41,"column":1}},"line":38},"1":{"name":"logFailure","decl":{"start":{"line":43,"column":9},"end":{"line":43,"column":19}},"loc":{"start":{"line":43,"column":43},"end":{"line":52,"column":1}},"line":43},"2":{"name":"setupTestData","decl":{"start":{"line":55,"column":15},"end":{"line":55,"column":28}},"loc":{"start":{"line":55,"column":31},"end":{"line":145,"column":1}},"line":55},"3":{"name":"runTestSuite","decl":{"start":{"line":148,"column":15},"end":{"line":148,"column":27}},"loc":{"start":{"line":148,"column":30},"end":{"line":280,"column":1}},"line":148},"4":{"name":"(anonymous_4)","decl":{"start":{"line":266,"column":33},"end":{"line":266,"column":34}},"loc":{"start":{"line":266,"column":49},"end":{"line":269,"column":7}},"line":266}},"branchMap":{"0":{"loc":{"start":{"line":43,"column":29},"end":{"line":43,"column":41}},"type":"default-arg","locations":[{"start":{"line":43,"column":37},"end":{"line":43,"column":41}}],"line":43},"1":{"loc":{"start":{"line":46,"column":2},"end":{"line":51,"column":3}},"type":"if","locations":[{"start":{"line":46,"column":2},"end":{"line":51,"column":3}},{"start":{"line":49,"column":9},"end":{"line":51,"column":3}}],"line":46},"2":{"loc":{"start":{"line":65,"column":9},"end":{"line":65,"column":78}},"type":"cond-expr","locations":[{"start":{"line":65,"column":41},"end":{"line":65,"column":70}},{"start":{"line":65,"column":73},"end":{"line":65,"column":78}}],"line":65},"3":{"loc":{"start":{"line":91,"column":4},"end":{"line":135,"column":5}},"type":"if","locations":[{"start":{"line":91,"column":4},"end":{"line":135,"column":5}},{"start":{"line":133,"column":11},"end":{"line":135,"column":5}}],"line":91},"4":{"loc":{"start":{"line":113,"column":8},"end":{"line":131,"column":9}},"type":"if","locations":[{"start":{"line":113,"column":8},"end":{"line":131,"column":9}},{"start":{"line":129,"column":15},"end":{"line":131,"column":9}}],"line":113},"5":{"loc":{"start":{"line":161,"column":4},"end":{"line":164,"column":5}},"type":"if","locations":[{"start":{"line":161,"column":4},"end":{"line":164,"column":5}},{"start":{},"end":{}}],"line":161},"6":{"loc":{"start":{"line":186,"column":6},"end":{"line":190,"column":7}},"type":"if","locations":[{"start":{"line":186,"column":6},"end":{"line":190,"column":7}},{"start":{"line":188,"column":13},"end":{"line":190,"column":7}}],"line":186},"7":{"loc":{"start":{"line":241,"column":6},"end":{"line":245,"column":7}},"type":"if","locations":[{"start":{"line":241,"column":6},"end":{"line":245,"column":7}},{"start":{"line":243,"column":13},"end":{"line":245,"column":7}}],"line":241},"8":{"loc":{"start":{"line":264,"column":4},"end":{"line":270,"column":5}},"type":"if","locations":[{"start":{"line":264,"column":4},"end":{"line":270,"column":5}},{"start":{},"end":{}}],"line":264},"9":{"loc":{"start":{"line":268,"column":8},"end":{"line":268,"column":54}},"type":"if","locations":[{"start":{"line":268,"column":8},"end":{"line":268,"column":54}},{"start":{},"end":{}}],"line":268},"10":{"loc":{"start":{"line":278,"column":17},"end":{"line":278,"column":47}},"type":"cond-expr","locations":[{"start":{"line":278,"column":42},"end":{"line":278,"column":43}},{"start":{"line":278,"column":46},"end":{"line":278,"column":47}}],"line":278}},"s":{"0":0,"1":0,"2":0,"3":0,"4":0,"5":0,"6":0,"7":0,"8":0,"9":0,"10":0,"11":0,"12":0,"13":0,"14":0,"15":0,"16":0,"17":0,"18":0,"19":0,"20":0,"21":0,"22":0,"23":0,"24":0,"25":0,"26":0,"27":0,"28":0,"29":0,"30":0,"31":0,"32":0,"33":0,"34":0,"35":0,"36":0,"37":0,"38":0,"39":0,"40":0,"41":0,"42":0,"43":0,"44":0,"45":0,"46":0,"47":0,"48":0,"49":0,"50":0,"51":0,"52":0,"53":0,"54":0,"55":0,"56":0,"57":0,"58":0,"59":0,"60":0,"61":0,"62":0,"63":0,"64":0,"65":0,"66":0,"67":0,"68":0,"69":0,"70":0,"71":0,"72":0,"73":0,"74":0,"75":0,"76":0,"77":0,"78":0,"79":0,"80":0,"81":0,"82":0,"83":0,"84":0,"85":0,"86":0,"87":0,"88":0,"89":0,"90":0,"91":0},"f":{"0":0,"1":0,"2":0,"3":0,"4":0},"b":{"0":[0],"1":[0,0],"2":[0,0],"3":[0,0],"4":[0,0],"5":[0,0],"6":[0,0],"7":[0,0],"8":[0,0],"9":[0,0],"10":[0,0]}}
,"C:\\Users\\Fiser\\fiservinventory-app\\backend\\src\\tests\\emailReroutingTest.js": {"path":"C:\\Users\\Fiser\\fiservinventory-app\\backend\\src\\tests\\emailReroutingTest.js","statementMap":{"0":{"start":{"line":2,"column":0},"end":{"line":2,"column":27}},"1":{"start":{"line":3,"column":29},"end":{"line":3,"column":72}},"2":{"start":{"line":4,"column":21},"end":{"line":4,"column":56}},"3":{"start":{"line":7,"column":0},"end":{"line":7,"column":51}},"4":{"start":{"line":10,"column":0},"end":{"line":10,"column":49}},"5":{"start":{"line":11,"column":0},"end":{"line":11,"column":60}},"6":{"start":{"line":12,"column":0},"end":{"line":12,"column":70}},"7":{"start":{"line":15,"column":19},"end":{"line":15,"column":22}},"8":{"start":{"line":16,"column":27},"end":{"line":16,"column":61}},"9":{"start":{"line":17,"column":28},"end":{"line":17,"column":55}},"10":{"start":{"line":20,"column":2},"end":{"line":20,"column":45}},"11":{"start":{"line":21,"column":2},"end":{"line":21,"column":43}},"12":{"start":{"line":22,"column":2},"end":{"line":22,"column":37}},"13":{"start":{"line":23,"column":2},"end":{"line":23,"column":40}},"14":{"start":{"line":24,"column":2},"end":{"line":24,"column":56}},"15":{"start":{"line":25,"column":2},"end":{"line":25,"column":58}},"16":{"start":{"line":26,"column":2},"end":{"line":26,"column":80}},"17":{"start":{"line":27,"column":2},"end":{"line":27,"column":43}},"18":{"start":{"line":29,"column":2},"end":{"line":82,"column":3}},"19":{"start":{"line":31,"column":4},"end":{"line":31,"column":60}},"20":{"start":{"line":32,"column":4},"end":{"line":32,"column":58}},"21":{"start":{"line":33,"column":4},"end":{"line":33,"column":52}},"22":{"start":{"line":36,"column":4},"end":{"line":36,"column":67}},"23":{"start":{"line":37,"column":4},"end":{"line":39,"column":5}},"24":{"start":{"line":38,"column":6},"end":{"line":38,"column":53}},"25":{"start":{"line":40,"column":4},"end":{"line":40,"column":45}},"26":{"start":{"line":43,"column":4},"end":{"line":43,"column":52}},"27":{"start":{"line":46,"column":4},"end":{"line":46,"column":60}},"28":{"start":{"line":47,"column":4},"end":{"line":51,"column":6}},"29":{"start":{"line":52,"column":4},"end":{"line":52,"column":65}},"30":{"start":{"line":55,"column":4},"end":{"line":55,"column":62}},"31":{"start":{"line":56,"column":19},"end":{"line":63,"column":5}},"32":{"start":{"line":65,"column":4},"end":{"line":67,"column":5}},"33":{"start":{"line":66,"column":6},"end":{"line":66,"column":64}},"34":{"start":{"line":69,"column":4},"end":{"line":69,"column":49}},"35":{"start":{"line":70,"column":4},"end":{"line":70,"column":46}},"36":{"start":{"line":72,"column":4},"end":{"line":72,"column":45}},"37":{"start":{"line":73,"column":4},"end":{"line":73,"column":54}},"38":{"start":{"line":74,"column":4},"end":{"line":74,"column":94}},"39":{"start":{"line":77,"column":4},"end":{"line":77,"column":41}},"40":{"start":{"line":80,"column":4},"end":{"line":80,"column":42}},"41":{"start":{"line":81,"column":4},"end":{"line":81,"column":20}},"42":{"start":{"line":86,"column":0},"end":{"line":86,"column":10}}},"fnMap":{"0":{"name":"runTest","decl":{"start":{"line":19,"column":15},"end":{"line":19,"column":22}},"loc":{"start":{"line":19,"column":25},"end":{"line":83,"column":1}},"line":19}},"branchMap":{"0":{"loc":{"start":{"line":37,"column":4},"end":{"line":39,"column":5}},"type":"if","locations":[{"start":{"line":37,"column":4},"end":{"line":39,"column":5}},{"start":{},"end":{}}],"line":37},"1":{"loc":{"start":{"line":65,"column":4},"end":{"line":67,"column":5}},"type":"if","locations":[{"start":{"line":65,"column":4},"end":{"line":67,"column":5}},{"start":{},"end":{}}],"line":65}},"s":{"0":0,"1":0,"2":0,"3":0,"4":0,"5":0,"6":0,"7":0,"8":0,"9":0,"10":0,"11":0,"12":0,"13":0,"14":0,"15":0,"16":0,"17":0,"18":0,"19":0,"20":0,"21":0,"22":0,"23":0,"24":0,"25":0,"26":0,"27":0,"28":0,"29":0,"30":0,"31":0,"32":0,"33":0,"34":0,"35":0,"36":0,"37":0,"38":0,"39":0,"40":0,"41":0,"42":0},"f":{"0":0},"b":{"0":[0,0],"1":[0,0]}}
,"C:\\Users\\Fiser\\fiservinventory-app\\backend\\src\\tests\\pdfEmailTest.js": {"path":"C:\\Users\\Fiser\\fiservinventory-app\\backend\\src\\tests\\pdfEmailTest.js","statementMap":{"0":{"start":{"line":2,"column":0},"end":{"line":2,"column":27}},"1":{"start":{"line":3,"column":29},"end":{"line":3,"column":72}},"2":{"start":{"line":4,"column":21},"end":{"line":4,"column":56}},"3":{"start":{"line":5,"column":17},"end":{"line":5,"column":30}},"4":{"start":{"line":8,"column":0},"end":{"line":8,"column":51}},"5":{"start":{"line":11,"column":13},"end":{"line":18,"column":2}},"6":{"start":{"line":21,"column":0},"end":{"line":21,"column":49}},"7":{"start":{"line":22,"column":0},"end":{"line":22,"column":89}},"8":{"start":{"line":23,"column":0},"end":{"line":23,"column":74}},"9":{"start":{"line":26,"column":28},"end":{"line":26,"column":55}},"10":{"start":{"line":29,"column":2},"end":{"line":29,"column":54}},"11":{"start":{"line":30,"column":2},"end":{"line":30,"column":43}},"12":{"start":{"line":32,"column":2},"end":{"line":109,"column":3}},"13":{"start":{"line":34,"column":4},"end":{"line":34,"column":74}},"14":{"start":{"line":37,"column":19},"end":{"line":42,"column":6}},"15":{"start":{"line":44,"column":4},"end":{"line":101,"column":5}},"16":{"start":{"line":45,"column":6},"end":{"line":45,"column":62}},"17":{"start":{"line":46,"column":6},"end":{"line":46,"column":67}},"18":{"start":{"line":49,"column":22},"end":{"line":49,"column":82}},"19":{"start":{"line":52,"column":23},"end":{"line":52,"column":95}},"20":{"start":{"line":53,"column":6},"end":{"line":55,"column":7}},"21":{"start":{"line":54,"column":8},"end":{"line":54,"column":68}},"22":{"start":{"line":57,"column":17},"end":{"line":57,"column":33}},"23":{"start":{"line":60,"column":27},"end":{"line":60,"column":51}},"24":{"start":{"line":61,"column":27},"end":{"line":73,"column":8}},"25":{"start":{"line":75,"column":29},"end":{"line":75,"column":49}},"26":{"start":{"line":76,"column":6},"end":{"line":76,"column":95}},"27":{"start":{"line":79,"column":6},"end":{"line":79,"column":55}},"28":{"start":{"line":80,"column":6},"end":{"line":84,"column":8}},"29":{"start":{"line":86,"column":6},"end":{"line":86,"column":84}},"30":{"start":{"line":89,"column":29},"end":{"line":89,"column":43}},"31":{"start":{"line":90,"column":6},"end":{"line":90,"column":88}},"32":{"start":{"line":93,"column":6},"end":{"line":93,"column":55}},"33":{"start":{"line":94,"column":6},"end":{"line":98,"column":8}},"34":{"start":{"line":100,"column":6},"end":{"line":100,"column":84}},"35":{"start":{"line":103,"column":4},"end":{"line":103,"column":41}},"36":{"start":{"line":106,"column":4},"end":{"line":106,"column":21}},"37":{"start":{"line":107,"column":4},"end":{"line":107,"column":42}},"38":{"start":{"line":108,"column":4},"end":{"line":108,"column":20}},"39":{"start":{"line":113,"column":0},"end":{"line":113,"column":10}}},"fnMap":{"0":{"name":"runTest","decl":{"start":{"line":28,"column":15},"end":{"line":28,"column":22}},"loc":{"start":{"line":28,"column":25},"end":{"line":110,"column":1}},"line":28}},"branchMap":{"0":{"loc":{"start":{"line":17,"column":7},"end":{"line":17,"column":76}},"type":"cond-expr","locations":[{"start":{"line":17,"column":39},"end":{"line":17,"column":68}},{"start":{"line":17,"column":71},"end":{"line":17,"column":76}}],"line":17},"1":{"loc":{"start":{"line":22,"column":40},"end":{"line":22,"column":88}},"type":"binary-expr","locations":[{"start":{"line":22,"column":40},"end":{"line":22,"column":65}},{"start":{"line":22,"column":69},"end":{"line":22,"column":88}}],"line":22},"2":{"loc":{"start":{"line":44,"column":4},"end":{"line":101,"column":5}},"type":"if","locations":[{"start":{"line":44,"column":4},"end":{"line":101,"column":5}},{"start":{"line":87,"column":11},"end":{"line":101,"column":5}}],"line":44},"3":{"loc":{"start":{"line":53,"column":6},"end":{"line":55,"column":7}},"type":"if","locations":[{"start":{"line":53,"column":6},"end":{"line":55,"column":7}},{"start":{},"end":{}}],"line":53}},"s":{"0":0,"1":0,"2":0,"3":0,"4":0,"5":0,"6":0,"7":0,"8":0,"9":0,"10":0,"11":0,"12":0,"13":0,"14":0,"15":0,"16":0,"17":0,"18":0,"19":0,"20":0,"21":0,"22":0,"23":0,"24":0,"25":0,"26":0,"27":0,"28":0,"29":0,"30":0,"31":0,"32":0,"33":0,"34":0,"35":0,"36":0,"37":0,"38":0,"39":0},"f":{"0":0},"b":{"0":[0,0],"1":[0,0],"2":[0,0],"3":[0,0]}}
,"C:\\Users\\Fiser\\fiservinventory-app\\backend\\src\\utils\\logger.js": {"path":"C:\\Users\\Fiser\\fiservinventory-app\\backend\\src\\utils\\logger.js","statementMap":{"0":{"start":{"line":1,"column":16},"end":{"line":1,"column":34}},"1":{"start":{"line":4,"column":18},"end":{"line":7,"column":1}},"2":{"start":{"line":10,"column":15},"end":{"line":21,"column":2}},"3":{"start":{"line":24,"column":0},"end":{"line":32,"column":1}},"4":{"start":{"line":25,"column":2},"end":{"line":28,"column":6}},"5":{"start":{"line":29,"column":2},"end":{"line":31,"column":6}},"6":{"start":{"line":34,"column":0},"end":{"line":34,"column":28}}},"fnMap":{},"branchMap":{"0":{"loc":{"start":{"line":11,"column":9},"end":{"line":11,"column":40}},"type":"binary-expr","locations":[{"start":{"line":11,"column":9},"end":{"line":11,"column":30}},{"start":{"line":11,"column":34},"end":{"line":11,"column":40}}],"line":11},"1":{"loc":{"start":{"line":24,"column":0},"end":{"line":32,"column":1}},"type":"if","locations":[{"start":{"line":24,"column":0},"end":{"line":32,"column":1}},{"start":{},"end":{}}],"line":24}},"s":{"0":0,"1":0,"2":0,"3":0,"4":0,"5":0,"6":0},"f":{},"b":{"0":[0,0],"1":[0,0]}}
,"C:\\Users\\Fiser\\fiservinventory-app\\backend\\src\\utils\\pdfGenerator.js": {"path":"C:\\Users\\Fiser\\fiservinventory-app\\backend\\src\\utils\\pdfGenerator.js","statementMap":{"0":{"start":{"line":2,"column":11},"end":{"line":2,"column":24}},"1":{"start":{"line":3,"column":13},"end":{"line":3,"column":28}},"2":{"start":{"line":13,"column":2},"end":{"line":29,"column":3}},"3":{"start":{"line":14,"column":4},"end":{"line":14,"column":75}},"4":{"start":{"line":18,"column":22},"end":{"line":18,"column":90}},"5":{"start":{"line":20,"column":4},"end":{"line":23,"column":5}},"6":{"start":{"line":21,"column":6},"end":{"line":21,"column":46}},"7":{"start":{"line":22,"column":6},"end":{"line":22,"column":18}},"8":{"start":{"line":25,"column":4},"end":{"line":25,"column":21}},"9":{"start":{"line":27,"column":4},"end":{"line":27,"column":50}},"10":{"start":{"line":28,"column":4},"end":{"line":28,"column":16}},"11":{"start":{"line":32,"column":0},"end":{"line":34,"column":2}}},"fnMap":{"0":{"name":"generatePurchaseOrderPDF","decl":{"start":{"line":12,"column":15},"end":{"line":12,"column":39}},"loc":{"start":{"line":12,"column":74},"end":{"line":30,"column":1}},"line":12}},"branchMap":{"0":{"loc":{"start":{"line":12,"column":55},"end":{"line":12,"column":72}},"type":"default-arg","locations":[{"start":{"line":12,"column":68},"end":{"line":12,"column":72}}],"line":12},"1":{"loc":{"start":{"line":20,"column":4},"end":{"line":23,"column":5}},"type":"if","locations":[{"start":{"line":20,"column":4},"end":{"line":23,"column":5}},{"start":{},"end":{}}],"line":20}},"s":{"0":1,"1":1,"2":0,"3":0,"4":0,"5":0,"6":0,"7":0,"8":0,"9":0,"10":0,"11":1},"f":{"0":0},"b":{"0":[0],"1":[0,0]},"_coverageSchema":"1a1c01bbd47fc00a2c39e90264f33305004495a9","hash":"2b494f9173b16d185cd3fcdd99086a1b62b81aca"}
}
