TN:
SF:src\app.js
FN:34,(anonymous_0)
FN:45,(anonymous_1)
FNF:2
FNH:0
FNDA:0,(anonymous_0)
FNDA:0,(anonymous_1)
DA:1,1
DA:2,1
DA:3,1
DA:4,1
DA:5,1
DA:7,1
DA:10,1
DA:11,1
DA:12,1
DA:13,1
DA:16,1
DA:17,1
DA:18,1
DA:19,1
DA:20,1
DA:21,1
DA:22,1
DA:25,1
DA:26,1
DA:27,1
DA:28,1
DA:29,1
DA:30,1
DA:31,1
DA:34,1
DA:35,0
DA:36,0
DA:40,1
DA:42,0
DA:45,0
DA:46,0
DA:57,1
LF:32
LH:27
BRDA:40,0,0,0
BRDA:40,0,1,1
BRF:2
BRH:1
end_of_record
TN:
SF:src\swagger.js
FNF:0
FNH:0
DA:1,0
DA:3,0
DA:14,0
DA:16,0
LF:4
LH:0
BRF:0
BRH:0
end_of_record
TN:
SF:src\test-email-processing.js
FN:5,testEmailProcessing
FN:49,(anonymous_1)
FN:59,(anonymous_2)
FN:80,(anonymous_3)
FNF:4
FNH:0
FNDA:0,testEmailProcessing
FNDA:0,(anonymous_1)
FNDA:0,(anonymous_2)
FNDA:0,(anonymous_3)
DA:2,0
DA:3,0
DA:6,0
DA:9,0
DA:16,0
DA:19,0
DA:20,0
DA:22,0
DA:23,0
DA:24,0
DA:27,0
DA:28,0
DA:31,0
DA:34,0
DA:35,0
DA:36,0
DA:38,0
DA:39,0
DA:42,0
DA:49,0
DA:52,0
DA:58,0
DA:59,0
DA:60,0
DA:61,0
DA:64,0
DA:66,0
DA:67,0
DA:68,0
DA:71,0
DA:74,0
DA:77,0
DA:78,0
DA:80,0
DA:83,0
DA:84,0
DA:85,0
DA:86,0
DA:87,0
DA:90,0
DA:91,0
DA:92,0
DA:98,0
DA:100,0
DA:104,0
LF:45
LH:0
BRDA:22,0,0,0
BRDA:22,0,1,0
BRDA:35,1,0,0
BRDA:35,1,1,0
BRDA:52,2,0,0
BRDA:52,2,1,0
BRDA:52,2,2,0
BRDA:52,2,3,0
BRDA:52,2,4,0
BRDA:52,2,5,0
BRDA:66,3,0,0
BRDA:66,3,1,0
BRDA:66,4,0,0
BRDA:66,4,1,0
BRDA:66,4,2,0
BRDA:78,5,0,0
BRDA:78,5,1,0
BRF:17
BRH:0
end_of_record
TN:
SF:src\update-price.js
FN:4,updatePrice
FNF:1
FNH:0
FNDA:0,updatePrice
DA:2,0
DA:5,0
DA:13,0
DA:14,0
DA:17,0
DA:21,0
DA:24,0
DA:28,0
DA:29,0
DA:31,0
DA:34,0
DA:36,0
DA:37,0
DA:42,0
LF:14
LH:0
BRDA:28,0,0,0
BRDA:28,0,1,0
BRF:2
BRH:0
end_of_record
TN:
SF:src\__tests__\setup.js
FN:10,(anonymous_0)
FN:15,(anonymous_1)
FNF:2
FNH:0
FNDA:0,(anonymous_0)
FNDA:0,(anonymous_1)
DA:1,0
DA:2,0
DA:3,0
DA:4,0
DA:5,0
DA:6,0
DA:7,0
DA:10,0
DA:15,0
LF:9
LH:0
BRF:0
BRH:0
end_of_record
TN:
SF:src\config\database.js
FNF:0
FNH:0
DA:1,0
DA:3,0
LF:2
LH:0
BRDA:5,0,0,0
BRDA:5,0,1,0
BRDA:6,1,0,0
BRDA:6,1,1,0
BRDA:7,2,0,0
BRDA:7,2,1,0
BRDA:8,3,0,0
BRDA:8,3,1,0
BRDA:9,4,0,0
BRDA:9,4,1,0
BRF:10
BRH:0
end_of_record
TN:
SF:src\config\db.js
FNF:0
FNH:0
LF:0
LH:0
BRF:0
BRH:0
end_of_record
TN:
SF:src\controllers\AuthController.js
FN:6,(anonymous_0)
FN:61,(anonymous_1)
FN:115,(anonymous_2)
FNF:3
FNH:0
FNDA:0,(anonymous_0)
FNDA:0,(anonymous_1)
FNDA:0,(anonymous_2)
DA:1,0
DA:2,0
DA:3,0
DA:7,0
DA:9,0
DA:11,0
DA:16,0
DA:17,0
DA:21,0
DA:22,0
DA:23,0
DA:31,0
DA:32,0
DA:35,0
DA:41,0
DA:51,0
DA:56,0
DA:57,0
DA:62,0
DA:64,0
DA:66,0
DA:71,0
DA:72,0
DA:75,0
DA:78,0
DA:79,0
DA:80,0
DA:84,0
DA:95,0
DA:100,0
DA:110,0
DA:111,0
DA:116,0
DA:118,0
DA:119,0
DA:122,0
DA:123,0
DA:124,0
DA:129,0
DA:130,0
DA:133,0
DA:135,0
DA:136,0
DA:141,0
LF:44
LH:0
BRDA:7,0,0,0
BRDA:16,1,0,0
BRDA:16,1,1,0
BRDA:22,2,0,0
BRDA:22,2,1,0
BRDA:71,3,0,0
BRDA:71,3,1,0
BRDA:79,4,0,0
BRDA:79,4,1,0
BRDA:118,5,0,0
BRDA:118,5,1,0
BRDA:129,6,0,0
BRDA:129,6,1,0
BRF:13
BRH:0
end_of_record
TN:
SF:src\controllers\MachineController.js
FN:4,(anonymous_0)
FN:13,(anonymous_1)
FN:46,(anonymous_2)
FN:118,(anonymous_3)
FN:131,(anonymous_4)
FN:213,(anonymous_5)
FNF:6
FNH:0
FNDA:0,(anonymous_0)
FNDA:0,(anonymous_1)
FNDA:0,(anonymous_2)
FNDA:0,(anonymous_3)
FNDA:0,(anonymous_4)
FNDA:0,(anonymous_5)
DA:1,0
DA:6,0
DA:7,0
DA:8,0
DA:9,0
DA:10,0
DA:14,0
DA:15,0
DA:17,0
DA:18,0
DA:19,0
DA:22,0
DA:23,0
DA:24,0
DA:29,0
DA:31,0
DA:32,0
DA:33,0
DA:36,0
DA:38,0
DA:39,0
DA:47,0
DA:59,0
DA:61,0
DA:62,0
DA:65,0
DA:67,0
DA:72,0
DA:73,0
DA:77,0
DA:107,0
DA:108,0
DA:110,0
DA:111,0
DA:119,0
DA:120,0
DA:121,0
DA:123,0
DA:124,0
DA:132,0
DA:145,0
DA:147,0
DA:148,0
DA:149,0
DA:152,0
DA:153,0
DA:166,0
DA:195,0
DA:196,0
DA:198,0
DA:205,0
DA:214,0
DA:215,0
DA:217,0
DA:219,0
DA:224,0
DA:225,0
DA:226,0
DA:233,0
DA:238,0
DA:239,0
DA:240,0
DA:246,0
DA:247,0
DA:252,0
DA:259,0
DA:268,0
LF:67
LH:0
BRDA:17,0,0,0
BRDA:17,0,1,0
BRDA:31,1,0,0
BRDA:31,1,1,0
BRDA:61,2,0,0
BRDA:61,2,1,0
BRDA:72,3,0,0
BRDA:72,3,1,0
BRDA:147,4,0,0
BRDA:147,4,1,0
BRDA:188,5,0,0
BRDA:188,5,1,0
BRDA:189,6,0,0
BRDA:189,6,1,0
BRDA:190,7,0,0
BRDA:190,7,1,0
BRDA:224,8,0,0
BRDA:224,8,1,0
BRDA:238,9,0,0
BRDA:238,9,1,0
BRF:20
BRH:0
end_of_record
TN:
SF:src\controllers\PartController.js
FN:7,(anonymous_0)
FN:12,(anonymous_1)
FN:30,(anonymous_2)
FN:109,(anonymous_3)
FN:215,(anonymous_4)
FN:250,(anonymous_5)
FN:271,(anonymous_6)
FN:301,(anonymous_7)
FN:393,(anonymous_8)
FN:455,(anonymous_9)
FN:534,(anonymous_10)
FN:558,(anonymous_11)
FN:586,(anonymous_12)
FN:671,(anonymous_13)
FN:737,(anonymous_14)
FN:808,(anonymous_15)
FNF:16
FNH:0
FNDA:0,(anonymous_0)
FNDA:0,(anonymous_1)
FNDA:0,(anonymous_2)
FNDA:0,(anonymous_3)
FNDA:0,(anonymous_4)
FNDA:0,(anonymous_5)
FNDA:0,(anonymous_6)
FNDA:0,(anonymous_7)
FNDA:0,(anonymous_8)
FNDA:0,(anonymous_9)
FNDA:0,(anonymous_10)
FNDA:0,(anonymous_11)
FNDA:0,(anonymous_12)
FNDA:0,(anonymous_13)
FNDA:0,(anonymous_14)
FNDA:0,(anonymous_15)
DA:1,1
DA:2,1
DA:3,1
DA:4,1
DA:8,0
DA:9,0
DA:13,0
DA:15,0
DA:23,0
DA:25,0
DA:26,0
DA:31,0
DA:32,0
DA:33,0
DA:49,0
DA:51,0
DA:52,0
DA:53,0
DA:56,0
DA:77,0
DA:80,0
DA:81,0
DA:88,0
DA:91,0
DA:99,0
DA:101,0
DA:102,0
DA:103,0
DA:105,0
DA:110,0
DA:111,0
DA:112,0
DA:115,0
DA:129,0
DA:131,0
DA:132,0
DA:133,0
DA:136,0
DA:158,0
DA:159,0
DA:160,0
DA:164,0
DA:166,0
DA:172,0
DA:177,0
DA:179,0
DA:186,0
DA:194,0
DA:197,0
DA:205,0
DA:207,0
DA:208,0
DA:209,0
DA:211,0
DA:216,0
DA:217,0
DA:219,0
DA:227,0
DA:228,0
DA:232,0
DA:240,0
DA:241,0
DA:243,0
DA:245,0
DA:246,0
DA:251,0
DA:252,0
DA:254,0
DA:259,0
DA:260,0
DA:263,0
DA:265,0
DA:266,0
DA:272,0
DA:273,0
DA:275,0
DA:280,0
DA:281,0
DA:285,0
DA:293,0
DA:295,0
DA:296,0
DA:302,0
DA:310,0
DA:312,0
DA:313,0
DA:314,0
DA:317,0
DA:322,0
DA:323,0
DA:324,0
DA:328,0
DA:333,0
DA:334,0
DA:335,0
DA:339,0
DA:344,0
DA:345,0
DA:346,0
DA:350,0
DA:351,0
DA:358,0
DA:365,0
DA:366,0
DA:372,0
DA:375,0
DA:382,0
DA:384,0
DA:385,0
DA:386,0
DA:388,0
DA:394,0
DA:401,0
DA:403,0
DA:404,0
DA:405,0
DA:408,0
DA:413,0
DA:414,0
DA:415,0
DA:419,0
DA:420,0
DA:427,0
DA:434,0
DA:437,0
DA:444,0
DA:446,0
DA:447,0
DA:448,0
DA:450,0
DA:456,0
DA:458,0
DA:459,0
DA:460,0
DA:463,0
DA:468,0
DA:469,0
DA:470,0
DA:474,0
DA:479,0
DA:480,0
DA:481,0
DA:487,0
DA:489,0
DA:494,0
DA:496,0
DA:497,0
DA:503,0
DA:509,0
DA:517,0
DA:522,0
DA:523,0
DA:525,0
DA:526,0
DA:527,0
DA:529,0
DA:535,0
DA:536,0
DA:550,0
DA:552,0
DA:553,0
DA:559,0
DA:561,0
DA:563,0
DA:565,0
DA:566,0
DA:570,0
DA:578,0
DA:580,0
DA:581,0
DA:587,0
DA:588,0
DA:590,0
DA:591,0
DA:594,0
DA:596,0
DA:597,0
DA:600,0
DA:602,0
DA:603,0
DA:604,0
DA:608,0
DA:610,0
DA:611,0
DA:612,0
DA:616,0
DA:621,0
DA:622,0
DA:623,0
DA:627,0
DA:628,0
DA:635,0
DA:651,0
DA:652,0
DA:658,0
DA:660,0
DA:662,0
DA:663,0
DA:664,0
DA:666,0
DA:672,0
DA:673,0
DA:674,0
DA:676,0
DA:678,0
DA:679,0
DA:682,0
DA:687,0
DA:688,0
DA:689,0
DA:693,0
DA:694,0
DA:701,0
DA:717,0
DA:718,0
DA:724,0
DA:726,0
DA:728,0
DA:729,0
DA:730,0
DA:732,0
DA:738,0
DA:739,0
DA:741,0
DA:743,0
DA:744,0
DA:747,0
DA:752,0
DA:753,0
DA:754,0
DA:758,0
DA:761,0
DA:767,0
DA:768,0
DA:773,0
DA:775,0
DA:776,0
DA:782,0
DA:788,0
DA:795,0
DA:797,0
DA:799,0
DA:800,0
DA:801,0
DA:803,0
DA:809,0
DA:810,0
DA:812,0
DA:814,0
DA:815,0
DA:818,0
DA:823,0
DA:824,0
DA:825,0
DA:829,0
DA:835,0
DA:843,0
DA:848,0
DA:850,0
DA:852,0
DA:853,0
DA:854,0
DA:856,0
DA:861,1
LF:264
LH:5
BRDA:32,0,0,0
BRDA:32,0,1,0
BRDA:70,1,0,0
BRDA:70,1,1,0
BRDA:71,2,0,0
BRDA:71,2,1,0
BRDA:72,3,0,0
BRDA:72,3,1,0
BRDA:80,4,0,0
BRDA:80,4,1,0
BRDA:84,5,0,0
BRDA:84,5,1,0
BRDA:111,6,0,0
BRDA:111,6,1,0
BRDA:158,7,0,0
BRDA:158,7,1,0
BRDA:164,8,0,0
BRDA:164,8,1,0
BRDA:177,9,0,0
BRDA:177,9,1,0
BRDA:227,10,0,0
BRDA:227,10,1,0
BRDA:259,11,0,0
BRDA:259,11,1,0
BRDA:280,12,0,0
BRDA:280,12,1,0
BRDA:305,13,0,0
BRDA:322,14,0,0
BRDA:322,14,1,0
BRDA:333,15,0,0
BRDA:333,15,1,0
BRDA:344,16,0,0
BRDA:344,16,1,0
BRDA:350,17,0,0
BRDA:350,17,1,0
BRDA:361,18,0,0
BRDA:361,18,1,0
BRDA:365,19,0,0
BRDA:365,19,1,0
BRDA:365,20,0,0
BRDA:365,20,1,0
BRDA:396,21,0,0
BRDA:413,22,0,0
BRDA:413,22,1,0
BRDA:419,23,0,0
BRDA:419,23,1,0
BRDA:468,24,0,0
BRDA:468,24,1,0
BRDA:479,25,0,0
BRDA:479,25,1,0
BRDA:487,26,0,0
BRDA:487,26,1,0
BRDA:494,27,0,0
BRDA:494,27,1,0
BRDA:565,28,0,0
BRDA:565,28,1,0
BRDA:590,29,0,0
BRDA:590,29,1,0
BRDA:590,30,0,0
BRDA:590,30,1,0
BRDA:602,31,0,0
BRDA:602,31,1,0
BRDA:610,32,0,0
BRDA:610,32,1,0
BRDA:621,33,0,0
BRDA:621,33,1,0
BRDA:627,34,0,0
BRDA:627,34,1,0
BRDA:644,35,0,0
BRDA:644,35,1,0
BRDA:645,36,0,0
BRDA:645,36,1,0
BRDA:646,37,0,0
BRDA:646,37,1,0
BRDA:647,38,0,0
BRDA:647,38,1,0
BRDA:651,39,0,0
BRDA:651,39,1,0
BRDA:651,40,0,0
BRDA:651,40,1,0
BRDA:687,41,0,0
BRDA:687,41,1,0
BRDA:693,42,0,0
BRDA:693,42,1,0
BRDA:710,43,0,0
BRDA:710,43,1,0
BRDA:711,44,0,0
BRDA:711,44,1,0
BRDA:712,45,0,0
BRDA:712,45,1,0
BRDA:713,46,0,0
BRDA:713,46,1,0
BRDA:717,47,0,0
BRDA:717,47,1,0
BRDA:752,48,0,0
BRDA:752,48,1,0
BRDA:767,49,0,0
BRDA:767,49,1,0
BRDA:773,50,0,0
BRDA:773,50,1,0
BRDA:823,51,0,0
BRDA:823,51,1,0
BRF:102
BRH:0
end_of_record
TN:
SF:src\controllers\PartsUsageController.js
FN:7,(anonymous_0)
FN:11,(anonymous_1)
FN:113,(anonymous_2)
FN:157,(anonymous_3)
FN:200,(anonymous_4)
FNF:5
FNH:0
FNDA:0,(anonymous_0)
FNDA:0,(anonymous_1)
FNDA:0,(anonymous_2)
FNDA:0,(anonymous_3)
FNDA:0,(anonymous_4)
DA:1,0
DA:2,0
DA:3,0
DA:4,0
DA:8,0
DA:19,0
DA:21,0
DA:23,0
DA:28,0
DA:29,0
DA:32,0
DA:33,0
DA:34,0
DA:35,0
DA:43,0
DA:46,0
DA:62,0
DA:63,0
DA:68,0
DA:71,0
DA:73,0
DA:81,0
DA:85,0
DA:87,0
DA:96,0
DA:103,0
DA:105,0
DA:107,0
DA:108,0
DA:109,0
DA:114,0
DA:115,0
DA:129,0
DA:131,0
DA:132,0
DA:133,0
DA:136,0
DA:137,0
DA:138,0
DA:141,0
DA:143,0
DA:144,0
DA:145,0
DA:147,0
DA:149,0
DA:150,0
DA:158,0
DA:159,0
DA:172,0
DA:174,0
DA:175,0
DA:176,0
DA:179,0
DA:180,0
DA:181,0
DA:184,0
DA:186,0
DA:188,0
DA:189,0
DA:191,0
DA:200,0
DA:201,0
DA:208,0
DA:209,0
DA:216,0
DA:220,0
DA:226,0
DA:227,0
DA:229,0
DA:230,0
DA:238,0
LF:71
LH:0
BRDA:28,0,0,0
BRDA:28,0,1,0
BRDA:34,1,0,0
BRDA:34,1,1,0
BRDA:71,2,0,0
BRDA:71,2,1,0
BRDA:85,3,0,0
BRDA:85,3,1,0
BRDA:131,4,0,0
BRDA:131,4,1,0
BRDA:136,5,0,0
BRDA:136,5,1,0
BRDA:174,6,0,0
BRDA:174,6,1,0
BRDA:179,7,0,0
BRDA:179,7,1,0
BRF:16
BRH:0
end_of_record
TN:
SF:src\controllers\PurchaseOrderController.js
FN:9,(anonymous_0)
FN:20,(anonymous_1)
FN:41,(anonymous_2)
FN:92,(anonymous_3)
FN:223,(anonymous_4)
FN:262,(anonymous_5)
FN:310,(anonymous_6)
FN:526,(anonymous_7)
FN:665,(anonymous_8)
FN:1243,(anonymous_9)
FN:1268,(anonymous_10)
FN:1294,(anonymous_11)
FN:1422,(anonymous_12)
FN:1506,(anonymous_13)
FN:1596,(anonymous_14)
FNF:15
FNH:3
FNDA:1,(anonymous_0)
FNDA:0,(anonymous_1)
FNDA:0,(anonymous_2)
FNDA:0,(anonymous_3)
FNDA:0,(anonymous_4)
FNDA:1,(anonymous_5)
FNDA:0,(anonymous_6)
FNDA:0,(anonymous_7)
FNDA:0,(anonymous_8)
FNDA:0,(anonymous_9)
FNDA:1,(anonymous_10)
FNDA:0,(anonymous_11)
FNDA:0,(anonymous_12)
FNDA:0,(anonymous_13)
FNDA:0,(anonymous_14)
DA:1,1
DA:2,1
DA:3,1
DA:4,1
DA:5,1
DA:6,1
DA:11,1
DA:14,1
DA:17,1
DA:21,0
DA:22,0
DA:33,0
DA:34,0
DA:36,0
DA:37,0
DA:42,0
DA:44,0
DA:45,0
DA:52,0
DA:53,0
DA:57,0
DA:65,0
DA:71,0
DA:72,0
DA:73,0
DA:76,0
DA:77,0
DA:78,0
DA:80,0
DA:81,0
DA:82,0
DA:85,0
DA:87,0
DA:88,0
DA:93,0
DA:94,0
DA:95,0
DA:105,0
DA:108,0
DA:109,0
DA:110,0
DA:115,0
DA:117,0
DA:122,0
DA:123,0
DA:126,0
DA:129,0
DA:130,0
DA:133,0
DA:138,0
DA:139,0
DA:141,0
DA:142,0
DA:143,0
DA:146,0
DA:150,0
DA:151,0
DA:153,0
DA:154,0
DA:155,0
DA:157,0
DA:159,0
DA:163,0
DA:164,0
DA:167,0
DA:177,0
DA:189,0
DA:191,0
DA:194,0
DA:195,0
DA:208,0
DA:211,0
DA:213,0
DA:215,0
DA:216,0
DA:217,0
DA:219,0
DA:224,0
DA:231,0
DA:232,0
DA:235,0
DA:238,0
DA:245,0
DA:248,0
DA:249,0
DA:254,0
DA:255,0
DA:259,0
DA:263,1
DA:264,1
DA:265,0
DA:268,1
DA:269,1
DA:271,1
DA:272,1
DA:282,0
DA:283,0
DA:287,0
DA:288,0
DA:290,0
DA:293,0
DA:296,0
DA:298,0
DA:303,0
DA:305,1
DA:306,1
DA:311,0
DA:312,0
DA:313,0
DA:316,0
DA:321,0
DA:322,0
DA:327,0
DA:330,0
DA:332,0
DA:333,0
DA:335,0
DA:336,0
DA:339,0
DA:340,0
DA:343,0
DA:344,0
DA:347,0
DA:348,0
DA:352,0
DA:353,0
DA:356,0
DA:359,0
DA:360,0
DA:363,0
DA:368,0
DA:370,0
DA:371,0
DA:374,0
DA:375,0
DA:378,0
DA:379,0
DA:380,0
DA:381,0
DA:384,0
DA:385,0
DA:386,0
DA:387,0
DA:390,0
DA:394,0
DA:396,0
DA:397,0
DA:398,0
DA:401,0
DA:402,0
DA:403,0
DA:404,0
DA:407,0
DA:408,0
DA:409,0
DA:410,0
DA:414,0
DA:415,0
DA:416,0
DA:417,0
DA:418,0
DA:422,0
DA:423,0
DA:424,0
DA:425,0
DA:426,0
DA:430,0
DA:431,0
DA:432,0
DA:433,0
DA:434,0
DA:438,0
DA:441,0
DA:444,0
DA:446,0
DA:453,0
DA:454,0
DA:459,0
DA:464,0
DA:467,0
DA:468,0
DA:471,0
DA:473,0
DA:474,0
DA:477,0
DA:478,0
DA:481,0
DA:482,0
DA:483,0
DA:484,0
DA:487,0
DA:488,0
DA:489,0
DA:490,0
DA:493,0
DA:496,0
DA:503,0
DA:504,0
DA:509,0
DA:515,0
DA:519,0
DA:520,0
DA:527,0
DA:528,0
DA:531,0
DA:533,0
DA:534,0
DA:536,0
DA:537,0
DA:540,0
DA:541,0
DA:549,0
DA:550,0
DA:551,0
DA:552,0
DA:556,0
DA:557,0
DA:559,0
DA:560,0
DA:561,0
DA:562,0
DA:568,0
DA:571,0
DA:574,0
DA:575,0
DA:577,0
DA:584,0
DA:586,0
DA:587,0
DA:588,0
DA:592,0
DA:594,0
DA:597,0
DA:601,0
DA:602,0
DA:606,0
DA:609,0
DA:610,0
DA:614,0
DA:617,0
DA:618,0
DA:623,0
DA:625,0
DA:626,0
DA:628,0
DA:630,0
DA:631,0
DA:633,0
DA:634,0
DA:635,0
DA:639,0
DA:640,0
DA:646,0
DA:647,0
DA:653,0
DA:658,0
DA:659,0
DA:660,0
DA:673,0
DA:674,0
DA:675,0
DA:676,0
DA:683,0
DA:686,0
DA:687,0
DA:690,0
DA:691,0
DA:694,0
DA:695,0
DA:696,0
DA:697,0
DA:705,0
DA:710,0
DA:711,0
DA:714,0
DA:717,0
DA:725,0
DA:726,0
DA:727,0
DA:730,0
DA:748,0
DA:749,0
DA:751,0
DA:752,0
DA:756,0
DA:764,0
DA:765,0
DA:766,0
DA:769,0
DA:771,0
DA:776,0
DA:778,0
DA:786,0
DA:791,0
DA:792,0
DA:795,0
DA:798,0
DA:803,0
DA:805,0
DA:822,0
DA:823,0
DA:827,0
DA:828,0
DA:829,0
DA:832,0
DA:837,0
DA:838,0
DA:839,0
DA:843,0
DA:844,0
DA:845,0
DA:849,0
DA:851,0
DA:853,0
DA:854,0
DA:859,0
DA:860,0
DA:863,0
DA:865,0
DA:866,0
DA:870,0
DA:871,0
DA:873,0
DA:874,0
DA:875,0
DA:877,0
DA:879,0
DA:883,0
DA:884,0
DA:888,0
DA:890,0
DA:905,0
DA:921,0
DA:924,0
DA:925,0
DA:940,0
DA:943,0
DA:951,0
DA:953,0
DA:954,0
DA:957,0
DA:958,0
DA:962,0
DA:982,0
DA:983,0
DA:987,0
DA:988,0
DA:991,0
DA:992,0
DA:993,0
DA:994,0
DA:1002,0
DA:1010,0
DA:1011,0
DA:1012,0
DA:1015,0
DA:1039,0
DA:1040,0
DA:1042,0
DA:1043,0
DA:1047,0
DA:1055,0
DA:1056,0
DA:1057,0
DA:1060,0
DA:1061,0
DA:1070,0
DA:1071,0
DA:1079,0
DA:1096,0
DA:1097,0
DA:1098,0
DA:1101,0
DA:1106,0
DA:1107,0
DA:1108,0
DA:1111,0
DA:1112,0
DA:1113,0
DA:1118,0
DA:1120,0
DA:1121,0
DA:1126,0
DA:1127,0
DA:1130,0
DA:1132,0
DA:1133,0
DA:1137,0
DA:1138,0
DA:1140,0
DA:1141,0
DA:1142,0
DA:1144,0
DA:1146,0
DA:1150,0
DA:1151,0
DA:1155,0
DA:1157,0
DA:1172,0
DA:1188,0
DA:1191,0
DA:1192,0
DA:1207,0
DA:1210,0
DA:1218,0
DA:1220,0
DA:1221,0
DA:1224,0
DA:1225,0
DA:1231,0
DA:1232,0
DA:1233,0
DA:1235,0
DA:1238,0
DA:1239,0
DA:1244,0
DA:1246,0
DA:1255,0
DA:1256,0
DA:1258,0
DA:1260,0
DA:1261,0
DA:1269,1
DA:1275,1
DA:1277,1
DA:1285,0
DA:1290,1
DA:1295,0
DA:1296,0
DA:1297,0
DA:1299,0
DA:1300,0
DA:1303,0
DA:1308,0
DA:1309,0
DA:1310,0
DA:1313,0
DA:1316,0
DA:1317,0
DA:1318,0
DA:1324,0
DA:1328,0
DA:1330,0
DA:1333,0
DA:1340,0
DA:1351,0
DA:1356,0
DA:1357,0
DA:1358,0
DA:1362,0
DA:1372,0
DA:1383,0
DA:1387,0
DA:1389,0
DA:1397,0
DA:1402,0
DA:1410,0
DA:1413,0
DA:1414,0
DA:1415,0
DA:1417,0
DA:1423,0
DA:1424,0
DA:1426,0
DA:1427,0
DA:1430,0
DA:1435,0
DA:1436,0
DA:1437,0
DA:1440,0
DA:1443,0
DA:1444,0
DA:1445,0
DA:1451,0
DA:1456,0
DA:1457,0
DA:1458,0
DA:1462,0
DA:1467,0
DA:1468,0
DA:1469,0
DA:1475,0
DA:1481,0
DA:1492,0
DA:1494,0
DA:1497,0
DA:1498,0
DA:1499,0
DA:1501,0
DA:1507,0
DA:1508,0
DA:1509,0
DA:1511,0
DA:1512,0
DA:1515,0
DA:1520,0
DA:1521,0
DA:1522,0
DA:1525,0
DA:1528,0
DA:1529,0
DA:1530,0
DA:1536,0
DA:1541,0
DA:1542,0
DA:1543,0
DA:1547,0
DA:1550,0
DA:1559,0
DA:1570,0
DA:1573,0
DA:1578,0
DA:1585,0
DA:1588,0
DA:1589,0
DA:1590,0
DA:1592,0
DA:1597,0
DA:1598,0
DA:1599,0
DA:1612,0
DA:1614,0
DA:1617,0
DA:1629,0
DA:1630,0
DA:1633,0
DA:1636,0
DA:1637,0
DA:1640,0
DA:1645,0
DA:1646,0
DA:1647,0
DA:1649,0
DA:1650,0
DA:1651,0
DA:1652,0
DA:1653,0
DA:1654,0
DA:1655,0
DA:1659,0
DA:1664,0
DA:1665,0
DA:1668,0
DA:1675,0
DA:1676,0
DA:1679,0
DA:1681,0
DA:1687,0
DA:1688,0
DA:1690,0
DA:1691,0
DA:1693,0
DA:1694,0
DA:1700,1
LF:554
LH:22
BRDA:52,0,0,0
BRDA:52,0,1,0
BRDA:71,1,0,0
BRDA:71,1,1,0
BRDA:76,2,0,0
BRDA:76,2,1,0
BRDA:77,3,0,0
BRDA:77,3,1,0
BRDA:78,4,0,0
BRDA:78,4,1,0
BRDA:94,5,0,0
BRDA:94,5,1,0
BRDA:115,6,0,0
BRDA:115,6,1,0
BRDA:115,7,0,0
BRDA:115,7,1,0
BRDA:122,8,0,0
BRDA:122,8,1,0
BRDA:139,9,0,0
BRDA:139,9,1,0
BRDA:153,10,0,0
BRDA:153,10,1,0
BRDA:154,11,0,0
BRDA:154,11,1,0
BRDA:184,12,0,0
BRDA:184,12,1,0
BRDA:185,13,0,0
BRDA:185,13,1,0
BRDA:186,14,0,0
BRDA:186,14,1,0
BRDA:231,15,0,0
BRDA:231,15,1,0
BRDA:248,16,0,0
BRDA:248,16,1,0
BRDA:248,17,0,0
BRDA:248,17,1,0
BRDA:254,18,0,0
BRDA:254,18,1,0
BRDA:264,19,0,0
BRDA:264,19,1,1
BRDA:282,20,0,0
BRDA:282,20,1,0
BRDA:287,21,0,0
BRDA:287,21,1,0
BRDA:293,22,0,0
BRDA:293,22,1,0
BRDA:321,23,0,0
BRDA:321,23,1,0
BRDA:327,24,0,0
BRDA:327,24,1,0
BRDA:330,25,0,0
BRDA:330,25,1,0
BRDA:330,26,0,0
BRDA:330,26,1,0
BRDA:330,26,2,0
BRDA:335,27,0,0
BRDA:335,27,1,0
BRDA:336,28,0,0
BRDA:336,28,1,0
BRDA:339,29,0,0
BRDA:339,29,1,0
BRDA:340,30,0,0
BRDA:340,30,1,0
BRDA:343,31,0,0
BRDA:343,31,1,0
BRDA:347,32,0,0
BRDA:347,32,1,0
BRDA:348,33,0,0
BRDA:348,33,1,0
BRDA:359,34,0,0
BRDA:359,34,1,0
BRDA:368,35,0,0
BRDA:368,35,1,0
BRDA:368,36,0,0
BRDA:368,36,1,0
BRDA:378,37,0,0
BRDA:378,37,1,0
BRDA:380,38,0,0
BRDA:380,38,1,0
BRDA:384,39,0,0
BRDA:384,39,1,0
BRDA:386,40,0,0
BRDA:386,40,1,0
BRDA:401,41,0,0
BRDA:401,41,1,0
BRDA:407,42,0,0
BRDA:407,42,1,0
BRDA:414,43,0,0
BRDA:414,43,1,0
BRDA:422,44,0,0
BRDA:422,44,1,0
BRDA:430,45,0,0
BRDA:430,45,1,0
BRDA:453,46,0,0
BRDA:453,46,1,0
BRDA:467,47,0,0
BRDA:467,47,1,0
BRDA:471,48,0,0
BRDA:471,48,1,0
BRDA:471,49,0,0
BRDA:471,49,1,0
BRDA:481,50,0,0
BRDA:481,50,1,0
BRDA:483,51,0,0
BRDA:483,51,1,0
BRDA:487,52,0,0
BRDA:487,52,1,0
BRDA:489,53,0,0
BRDA:489,53,1,0
BRDA:503,54,0,0
BRDA:503,54,1,0
BRDA:549,55,0,0
BRDA:549,55,1,0
BRDA:559,56,0,0
BRDA:559,56,1,0
BRDA:559,57,0,0
BRDA:559,57,1,0
BRDA:586,58,0,0
BRDA:586,58,1,0
BRDA:633,59,0,0
BRDA:633,59,1,0
BRDA:639,60,0,0
BRDA:639,60,1,0
BRDA:642,61,0,0
BRDA:642,61,1,0
BRDA:646,62,0,0
BRDA:646,62,1,0
BRDA:649,63,0,0
BRDA:649,63,1,0
BRDA:655,64,0,0
BRDA:655,64,1,0
BRDA:658,65,0,0
BRDA:658,65,1,0
BRDA:683,66,0,0
BRDA:683,66,1,0
BRDA:686,67,0,0
BRDA:686,67,1,0
BRDA:686,68,0,0
BRDA:686,68,1,0
BRDA:686,68,2,0
BRDA:695,69,0,0
BRDA:695,69,1,0
BRDA:696,70,0,0
BRDA:696,70,1,0
BRDA:710,71,0,0
BRDA:710,71,1,0
BRDA:725,72,0,0
BRDA:725,72,1,0
BRDA:737,73,0,0
BRDA:737,73,1,0
BRDA:738,74,0,0
BRDA:738,74,1,0
BRDA:739,75,0,0
BRDA:739,75,1,0
BRDA:741,76,0,0
BRDA:741,76,1,0
BRDA:742,77,0,0
BRDA:742,77,1,0
BRDA:751,78,0,0
BRDA:751,78,1,0
BRDA:764,79,0,0
BRDA:764,79,1,0
BRDA:769,80,0,0
BRDA:769,80,1,0
BRDA:776,81,0,0
BRDA:776,81,1,0
BRDA:791,82,0,0
BRDA:791,82,1,0
BRDA:803,83,0,0
BRDA:803,83,1,0
BRDA:812,84,0,0
BRDA:812,84,1,0
BRDA:813,85,0,0
BRDA:813,85,1,0
BRDA:814,86,0,0
BRDA:814,86,1,0
BRDA:815,87,0,0
BRDA:815,87,1,0
BRDA:816,88,0,0
BRDA:816,88,1,0
BRDA:817,89,0,0
BRDA:817,89,1,0
BRDA:822,90,0,0
BRDA:822,90,1,0
BRDA:838,91,0,0
BRDA:838,91,1,0
BRDA:851,92,0,0
BRDA:851,92,1,0
BRDA:851,93,0,0
BRDA:851,93,1,0
BRDA:859,94,0,0
BRDA:859,94,1,0
BRDA:873,95,0,0
BRDA:873,95,1,0
BRDA:874,96,0,0
BRDA:874,96,1,0
BRDA:888,97,0,0
BRDA:888,97,1,0
BRDA:899,98,0,0
BRDA:899,98,1,0
BRDA:900,99,0,0
BRDA:900,99,1,0
BRDA:915,100,0,0
BRDA:915,100,1,0
BRDA:916,101,0,0
BRDA:916,101,1,0
BRDA:982,102,0,0
BRDA:982,102,1,0
BRDA:992,103,0,0
BRDA:992,103,1,0
BRDA:993,104,0,0
BRDA:993,104,1,0
BRDA:1010,105,0,0
BRDA:1010,105,1,0
BRDA:1027,106,0,0
BRDA:1027,106,1,0
BRDA:1029,107,0,0
BRDA:1029,107,1,0
BRDA:1030,108,0,0
BRDA:1030,108,1,0
BRDA:1042,109,0,0
BRDA:1042,109,1,0
BRDA:1055,110,0,0
BRDA:1055,110,1,0
BRDA:1060,111,0,0
BRDA:1060,111,1,0
BRDA:1070,112,0,0
BRDA:1070,112,1,0
BRDA:1087,113,0,0
BRDA:1087,113,1,0
BRDA:1088,114,0,0
BRDA:1088,114,1,0
BRDA:1089,115,0,0
BRDA:1089,115,1,0
BRDA:1107,116,0,0
BRDA:1107,116,1,0
BRDA:1118,117,0,0
BRDA:1118,117,1,0
BRDA:1118,118,0,0
BRDA:1118,118,1,0
BRDA:1126,119,0,0
BRDA:1126,119,1,0
BRDA:1140,120,0,0
BRDA:1140,120,1,0
BRDA:1141,121,0,0
BRDA:1141,121,1,0
BRDA:1155,122,0,0
BRDA:1155,122,1,0
BRDA:1268,123,0,1
BRDA:1275,124,0,1
BRDA:1275,124,1,0
BRDA:1308,125,0,0
BRDA:1308,125,1,0
BRDA:1316,126,0,0
BRDA:1316,126,1,0
BRDA:1316,127,0,0
BRDA:1316,127,1,0
BRDA:1328,128,0,0
BRDA:1328,128,1,0
BRDA:1335,129,0,0
BRDA:1335,129,1,0
BRDA:1336,130,0,0
BRDA:1336,130,1,0
BRDA:1356,131,0,0
BRDA:1356,131,1,0
BRDA:1387,132,0,0
BRDA:1387,132,1,0
BRDA:1391,133,0,0
BRDA:1391,133,1,0
BRDA:1393,134,0,0
BRDA:1393,134,1,0
BRDA:1435,135,0,0
BRDA:1435,135,1,0
BRDA:1443,136,0,0
BRDA:1443,136,1,0
BRDA:1443,137,0,0
BRDA:1443,137,1,0
BRDA:1456,138,0,0
BRDA:1456,138,1,0
BRDA:1467,139,0,0
BRDA:1467,139,1,0
BRDA:1520,140,0,0
BRDA:1520,140,1,0
BRDA:1528,141,0,0
BRDA:1528,141,1,0
BRDA:1528,142,0,0
BRDA:1528,142,1,0
BRDA:1541,143,0,0
BRDA:1541,143,1,0
BRDA:1598,144,0,0
BRDA:1598,144,1,0
BRDA:1604,145,0,0
BRDA:1605,146,0,0
BRDA:1606,147,0,0
BRDA:1607,148,0,0
BRDA:1608,149,0,0
BRDA:1609,150,0,0
BRDA:1610,151,0,0
BRDA:1611,152,0,0
BRDA:1646,153,0,0
BRDA:1646,153,1,0
BRDA:1651,154,0,0
BRDA:1651,154,1,0
BRDA:1654,155,0,0
BRDA:1654,155,1,0
BRDA:1687,156,0,0
BRDA:1687,156,1,0
BRDA:1693,157,0,0
BRDA:1693,157,1,0
BRF:309
BRH:3
end_of_record
TN:
SF:src\controllers\SupplierController.js
FN:5,(anonymous_0)
FN:22,(anonymous_1)
FN:34,(anonymous_2)
FN:52,(anonymous_3)
FN:74,(anonymous_4)
FN:116,(anonymous_5)
FNF:6
FNH:0
FNDA:0,(anonymous_0)
FNDA:0,(anonymous_1)
FNDA:0,(anonymous_2)
FNDA:0,(anonymous_3)
FNDA:0,(anonymous_4)
FNDA:0,(anonymous_5)
DA:1,1
DA:6,0
DA:7,0
DA:9,0
DA:14,0
DA:16,0
DA:17,0
DA:23,0
DA:24,0
DA:26,0
DA:28,0
DA:29,0
DA:35,0
DA:36,0
DA:38,0
DA:40,0
DA:41,0
DA:44,0
DA:46,0
DA:47,0
DA:53,0
DA:54,0
DA:55,0
DA:57,0
DA:62,0
DA:63,0
DA:66,0
DA:68,0
DA:69,0
DA:75,0
DA:76,0
DA:79,0
DA:84,0
DA:85,0
DA:91,0
DA:96,0
DA:97,0
DA:102,0
DA:104,0
DA:105,0
DA:108,0
DA:110,0
DA:111,0
DA:117,0
DA:118,0
DA:121,0
DA:123,0
DA:124,0
DA:128,0
DA:136,0
DA:138,0
DA:139,0
DA:144,1
LF:53
LH:2
BRDA:40,0,0,0
BRDA:40,0,1,0
BRDA:62,1,0,0
BRDA:62,1,1,0
BRDA:84,2,0,0
BRDA:84,2,1,0
BRDA:96,3,0,0
BRDA:96,3,1,0
BRDA:104,4,0,0
BRDA:104,4,1,0
BRDA:123,5,0,0
BRDA:123,5,1,0
BRF:12
BRH:0
end_of_record
TN:
SF:src\controllers\TransactionController.js
FN:6,(anonymous_0)
FN:17,(anonymous_1)
FN:18,(anonymous_2)
FN:24,(anonymous_3)
FNF:4
FNH:0
FNDA:0,(anonymous_0)
FNDA:0,(anonymous_1)
FNDA:0,(anonymous_2)
FNDA:0,(anonymous_3)
DA:1,0
DA:2,0
DA:3,0
DA:7,0
DA:8,0
DA:9,0
DA:10,0
DA:11,0
DA:13,0
DA:16,0
DA:17,0
DA:18,0
DA:21,0
DA:25,0
DA:26,0
DA:28,0
DA:29,0
DA:30,0
DA:41,0
DA:43,0
DA:44,0
DA:45,0
DA:47,0
DA:48,0
DA:49,0
DA:52,0
DA:53,0
DA:54,0
DA:57,0
DA:60,0
DA:62,0
DA:63,0
DA:65,0
DA:66,0
DA:68,0
DA:70,0
DA:71,0
DA:82,0
LF:38
LH:0
BRDA:8,0,0,0
BRDA:8,0,1,0
BRDA:43,1,0,0
BRDA:43,1,1,0
BRDA:43,2,0,0
BRDA:43,2,1,0
BRDA:47,3,0,0
BRDA:47,3,1,0
BRDA:52,4,0,0
BRDA:52,4,1,0
BRDA:74,5,0,0
BRDA:74,5,1,0
BRF:12
BRH:0
end_of_record
TN:
SF:src\controllers\UserController.js
FN:6,(anonymous_0)
FN:47,(anonymous_1)
FN:91,(anonymous_2)
FN:109,(anonymous_3)
FNF:4
FNH:0
FNDA:0,(anonymous_0)
FNDA:0,(anonymous_1)
FNDA:0,(anonymous_2)
FNDA:0,(anonymous_3)
DA:1,1
DA:2,1
DA:3,1
DA:7,0
DA:9,0
DA:11,0
DA:16,0
DA:17,0
DA:21,0
DA:22,0
DA:25,0
DA:31,0
DA:37,0
DA:42,0
DA:43,0
DA:48,0
DA:50,0
DA:52,0
DA:57,0
DA:58,0
DA:61,0
DA:64,0
DA:65,0
DA:66,0
DA:70,0
DA:76,0
DA:86,0
DA:87,0
DA:92,0
DA:93,0
DA:98,0
DA:99,0
DA:102,0
DA:104,0
DA:105,0
DA:110,0
DA:112,0
DA:114,0
DA:119,0
DA:120,0
DA:123,0
DA:128,0
DA:129,0
DA:132,0
DA:134,0
DA:135,0
DA:140,1
LF:47
LH:4
BRDA:16,0,0,0
BRDA:16,0,1,0
BRDA:57,1,0,0
BRDA:57,1,1,0
BRDA:65,2,0,0
BRDA:65,2,1,0
BRDA:98,3,0,0
BRDA:98,3,1,0
BRDA:119,4,0,0
BRDA:119,4,1,0
BRDA:128,5,0,0
BRDA:128,5,1,0
BRF:12
BRH:0
end_of_record
TN:
SF:src\controllers\VendorController.js
FN:6,(anonymous_0)
FN:11,(anonymous_1)
FN:15,(anonymous_2)
FN:33,(anonymous_3)
FN:64,(anonymous_4)
FN:93,(anonymous_5)
FN:128,(anonymous_6)
FN:148,(anonymous_7)
FNF:8
FNH:2
FNDA:1,(anonymous_0)
FNDA:0,(anonymous_1)
FNDA:0,(anonymous_2)
FNDA:0,(anonymous_3)
FNDA:0,(anonymous_4)
FNDA:0,(anonymous_5)
FNDA:0,(anonymous_6)
FNDA:2,(anonymous_7)
DA:1,1
DA:2,1
DA:3,1
DA:8,1
DA:12,0
DA:13,0
DA:14,0
DA:16,0
DA:26,0
DA:28,0
DA:29,0
DA:34,0
DA:36,0
DA:37,0
DA:42,0
DA:43,0
DA:46,0
DA:47,0
DA:57,0
DA:59,0
DA:60,0
DA:65,0
DA:66,0
DA:67,0
DA:77,0
DA:79,0
DA:80,0
DA:86,0
DA:88,0
DA:89,0
DA:94,0
DA:95,0
DA:96,0
DA:99,0
DA:107,0
DA:109,0
DA:110,0
DA:117,0
DA:118,0
DA:121,0
DA:123,0
DA:124,0
DA:129,0
DA:131,0
DA:132,0
DA:137,0
DA:138,0
DA:141,0
DA:143,0
DA:144,0
DA:149,2
DA:159,1
LF:52
LH:6
BRDA:42,0,0,0
BRDA:42,0,1,0
BRDA:66,1,0,0
BRDA:66,1,1,0
BRDA:95,2,0,0
BRDA:95,2,1,0
BRDA:117,3,0,0
BRDA:117,3,1,0
BRDA:137,4,0,0
BRDA:137,4,1,0
BRF:10
BRH:0
end_of_record
TN:
SF:src\database\db.js
FN:31,(anonymous_0)
FN:40,(anonymous_1)
FN:41,(anonymous_2)
FNF:3
FNH:0
FNDA:0,(anonymous_0)
FNDA:0,(anonymous_1)
FNDA:0,(anonymous_2)
DA:1,0
DA:2,0
DA:5,0
DA:8,0
DA:9,0
DA:12,0
DA:22,0
DA:31,0
DA:32,0
DA:33,0
DA:35,0
DA:39,0
DA:40,0
DA:41,0
LF:14
LH:0
BRDA:8,0,0,0
BRDA:8,0,1,0
BRDA:15,1,0,0
BRDA:15,1,1,0
BRDA:27,2,0,0
BRDA:27,2,1,0
BRDA:32,3,0,0
BRDA:32,3,1,0
BRF:8
BRH:0
end_of_record
TN:
SF:src\middleware\authMiddleware.js
FN:4,(anonymous_0)
FNF:1
FNH:1
FNDA:1,(anonymous_0)
DA:1,1
DA:2,1
DA:4,1
DA:5,1
DA:7,1
DA:8,1
DA:9,0
DA:12,1
DA:15,1
DA:18,1
DA:19,0
DA:21,0
DA:26,0
DA:29,1
DA:31,1
DA:36,0
DA:37,0
DA:41,0
DA:47,1
DA:49,1
DA:56,1
DA:58,0
DA:60,0
DA:61,0
DA:64,0
DA:65,0
DA:68,0
DA:72,1
LF:28
LH:15
BRDA:8,0,0,0
BRDA:8,0,1,1
BRDA:8,1,0,1
BRDA:8,1,1,1
BRDA:18,2,0,0
BRDA:18,2,1,1
BRDA:18,3,0,1
BRDA:18,3,1,1
BRDA:24,4,0,0
BRDA:24,4,1,0
BRDA:36,5,0,0
BRDA:36,5,1,0
BRDA:44,6,0,0
BRDA:44,6,1,0
BRDA:52,7,0,1
BRDA:52,7,1,0
BRDA:60,8,0,0
BRDA:60,8,1,0
BRDA:64,9,0,0
BRDA:64,9,1,0
BRF:20
BRH:7
end_of_record
TN:
SF:src\middleware\roleMiddleware.js
FN:7,(anonymous_0)
FN:8,(anonymous_1)
FNF:2
FNH:2
FNDA:24,(anonymous_0)
FNDA:1,(anonymous_1)
DA:7,1
DA:8,24
DA:10,1
DA:11,0
DA:12,0
DA:18,1
DA:21,1
DA:24,1
DA:25,0
DA:26,0
DA:33,1
DA:34,1
DA:38,0
DA:39,0
DA:40,0
DA:48,0
DA:52,1
LF:17
LH:9
BRDA:10,0,0,0
BRDA:10,0,1,1
BRDA:24,1,0,0
BRDA:24,1,1,1
BRDA:33,2,0,1
BRDA:33,2,1,0
BRDA:38,3,0,0
BRDA:38,3,1,0
BRF:8
BRH:3
end_of_record
TN:
SF:src\middleware\security.js
FN:12,(anonymous_0)
FN:80,(anonymous_1)
FN:99,(anonymous_2)
FNF:3
FNH:0
FNDA:0,(anonymous_0)
FNDA:0,(anonymous_1)
FNDA:0,(anonymous_2)
DA:1,0
DA:2,0
DA:3,0
DA:4,0
DA:5,0
DA:6,0
DA:7,0
DA:8,0
DA:9,0
DA:10,0
DA:12,0
DA:14,0
DA:15,0
DA:16,0
DA:20,0
DA:26,0
DA:41,0
DA:49,0
DA:52,0
DA:55,0
DA:58,0
DA:61,0
DA:80,0
DA:81,0
DA:82,0
DA:83,0
DA:84,0
DA:85,0
DA:88,0
DA:89,0
DA:95,0
DA:99,0
DA:100,0
DA:112,0
DA:113,0
DA:115,0
DA:118,0
DA:127,0
LF:38
LH:0
BRDA:15,0,0,0
BRDA:15,0,1,0
BRDA:73,1,0,0
BRDA:73,1,1,0
BRDA:81,2,0,0
BRDA:81,2,1,0
BRDA:81,3,0,0
BRDA:81,3,1,0
BRDA:82,4,0,0
BRDA:82,4,1,0
BRDA:83,5,0,0
BRDA:83,5,1,0
BRDA:84,6,0,0
BRDA:84,6,1,0
BRDA:88,7,0,0
BRDA:88,7,1,0
BRDA:112,8,0,0
BRDA:112,8,1,0
BRDA:118,9,0,0
BRDA:118,9,1,0
BRDA:120,10,0,0
BRDA:120,10,1,0
BRF:22
BRH:0
end_of_record
TN:
SF:src\middleware\validation.js
FN:14,(anonymous_0)
FN:16,(anonymous_1)
FN:57,(anonymous_2)
FNF:3
FNH:0
FNDA:0,(anonymous_0)
FNDA:0,(anonymous_1)
FNDA:0,(anonymous_2)
DA:1,0
DA:2,0
DA:5,0
DA:14,0
DA:15,0
DA:16,0
DA:17,0
DA:18,0
DA:25,0
DA:29,0
DA:42,0
DA:50,0
DA:57,0
DA:58,0
DA:59,0
DA:60,0
DA:62,0
DA:66,0
DA:72,0
DA:83,0
DA:89,0
LF:21
LH:0
BRDA:15,0,0,0
BRDA:15,0,1,0
BRDA:17,1,0,0
BRDA:17,1,1,0
BRDA:59,2,0,0
BRDA:59,2,1,0
BRF:6
BRH:0
end_of_record
TN:
SF:src\models\Machine.js
FN:2,(anonymous_0)
FNF:1
FNH:0
FNDA:0,(anonymous_0)
DA:3,0
DA:4,0
DA:5,0
DA:6,0
DA:11,0
LF:5
LH:0
BRF:0
BRH:0
end_of_record
TN:
SF:src\models\Part.js
FN:2,(anonymous_0)
FN:19,(anonymous_1)
FNF:2
FNH:0
FNDA:0,(anonymous_0)
FNDA:0,(anonymous_1)
DA:13,0
DA:14,0
DA:20,0
DA:25,1
LF:4
LH:1
BRF:0
BRH:0
end_of_record
TN:
SF:src\models\PurchaseOrder.js
FN:2,(anonymous_0)
FNF:1
FNH:0
FNDA:0,(anonymous_0)
DA:12,0
DA:13,0
DA:14,0
DA:15,0
DA:16,0
DA:17,0
DA:18,0
DA:19,0
DA:23,1
LF:9
LH:1
BRF:0
BRH:0
end_of_record
TN:
SF:src\models\Transaction.js
FN:2,(anonymous_0)
FNF:1
FNH:0
FNDA:0,(anonymous_0)
DA:10,0
DA:11,0
DA:12,0
DA:13,0
DA:14,0
DA:15,0
DA:19,0
LF:7
LH:0
BRF:0
BRH:0
end_of_record
TN:
SF:src\models\User.js
FN:4,(anonymous_0)
FN:12,(anonymous_1)
FNF:2
FNH:0
FNDA:0,(anonymous_0)
FNDA:0,(anonymous_1)
DA:1,0
DA:5,0
DA:6,0
DA:7,0
DA:8,0
DA:13,0
DA:17,0
LF:7
LH:0
BRF:0
BRH:0
end_of_record
TN:
SF:src\models\Vendor.js
FN:2,(anonymous_0)
FNF:1
FNH:0
FNDA:0,(anonymous_0)
DA:11,0
DA:12,0
DA:13,0
DA:14,0
DA:15,0
DA:16,0
DA:17,0
DA:21,1
LF:8
LH:1
BRF:0
BRH:0
end_of_record
TN:
SF:src\routes\auth.js
FN:19,(anonymous_0)
FN:110,(anonymous_1)
FN:140,(anonymous_2)
FNF:3
FNH:0
FNDA:0,(anonymous_0)
FNDA:0,(anonymous_1)
FNDA:0,(anonymous_2)
DA:1,0
DA:2,0
DA:3,0
DA:4,0
DA:5,0
DA:6,0
DA:9,0
DA:19,0
DA:20,0
DA:21,0
DA:22,0
DA:23,0
DA:25,0
DA:26,0
DA:27,0
DA:31,0
DA:36,0
DA:37,0
DA:38,0
DA:39,0
DA:42,0
DA:43,0
DA:47,0
DA:48,0
DA:49,0
DA:51,0
DA:53,0
DA:54,0
DA:59,0
DA:61,0
DA:65,0
DA:76,0
DA:77,0
DA:82,0
DA:86,0
DA:87,0
DA:92,0
DA:95,0
DA:104,0
DA:105,0
DA:110,0
DA:111,0
DA:112,0
DA:114,0
DA:115,0
DA:118,0
DA:121,0
DA:126,0
DA:127,0
DA:130,0
DA:134,0
DA:135,0
DA:140,0
DA:141,0
DA:142,0
DA:143,0
DA:144,0
DA:147,0
DA:148,0
DA:150,0
DA:151,0
DA:155,0
DA:160,0
DA:161,0
DA:162,0
DA:166,0
DA:167,0
DA:168,0
DA:172,0
DA:173,0
DA:176,0
DA:181,0
DA:183,0
DA:184,0
DA:188,0
LF:75
LH:0
BRDA:10,0,0,0
BRDA:10,0,1,0
BRDA:11,1,0,0
BRDA:11,1,1,0
BRDA:25,2,0,0
BRDA:25,2,1,0
BRDA:25,3,0,0
BRDA:25,3,1,0
BRDA:37,4,0,0
BRDA:37,4,1,0
BRDA:38,5,0,0
BRDA:38,5,1,0
BRDA:42,6,0,0
BRDA:42,6,1,0
BRDA:51,7,0,0
BRDA:51,7,1,0
BRDA:71,8,0,0
BRDA:71,8,1,0
BRDA:72,9,0,0
BRDA:72,9,1,0
BRDA:114,10,0,0
BRDA:114,10,1,0
BRDA:118,11,0,0
BRDA:118,11,1,0
BRDA:126,12,0,0
BRDA:126,12,1,0
BRDA:143,13,0,0
BRDA:143,13,1,0
BRDA:147,14,0,0
BRDA:147,14,1,0
BRDA:150,15,0,0
BRDA:150,15,1,0
BRDA:150,16,0,0
BRDA:150,16,1,0
BRDA:161,17,0,0
BRDA:161,17,1,0
BRDA:167,18,0,0
BRDA:167,18,1,0
BRF:38
BRH:0
end_of_record
TN:
SF:src\routes\dashboard.js
FN:10,(anonymous_0)
FN:34,(anonymous_1)
FN:216,(anonymous_2)
FN:217,(anonymous_3)
FN:253,(anonymous_4)
FN:263,(anonymous_5)
FN:268,(anonymous_6)
FNF:7
FNH:0
FNDA:0,(anonymous_0)
FNDA:0,(anonymous_1)
FNDA:0,(anonymous_2)
FNDA:0,(anonymous_3)
FNDA:0,(anonymous_4)
FNDA:0,(anonymous_5)
FNDA:0,(anonymous_6)
DA:1,0
DA:2,0
DA:3,0
DA:4,0
DA:5,0
DA:7,0
DA:10,0
DA:11,0
DA:13,0
DA:14,0
DA:15,0
DA:18,0
DA:19,0
DA:20,0
DA:24,0
DA:25,0
DA:26,0
DA:28,0
DA:29,0
DA:34,0
DA:35,0
DA:37,0
DA:53,0
DA:62,0
DA:70,0
DA:85,0
DA:94,0
DA:103,0
DA:118,0
DA:149,0
DA:167,0
DA:169,0
DA:170,0
DA:171,0
DA:183,0
DA:196,0
DA:201,0
DA:206,0
DA:212,0
DA:216,0
DA:217,0
DA:232,0
DA:241,0
DA:243,0
DA:244,0
DA:247,0
DA:248,0
DA:253,0
DA:255,0
DA:256,0
DA:257,0
DA:260,0
DA:263,0
DA:264,0
DA:268,0
DA:269,0
DA:273,0
LF:57
LH:0
BRDA:7,0,0,0
BRDA:7,0,1,0
BRDA:14,1,0,0
BRDA:14,1,1,0
BRDA:14,2,0,0
BRDA:14,2,1,0
BRDA:19,3,0,0
BRDA:19,3,1,0
BRDA:24,4,0,0
BRDA:24,4,1,0
BRDA:221,5,0,0
BRDA:221,5,1,0
BRDA:222,6,0,0
BRDA:222,6,1,0
BRDA:228,7,0,0
BRDA:228,7,1,0
BRF:16
BRH:0
end_of_record
TN:
SF:src\routes\emailRoutes.js
FN:17,(anonymous_0)
FN:88,(anonymous_1)
FN:132,(anonymous_2)
FN:159,(anonymous_3)
FN:192,(anonymous_4)
FN:232,(anonymous_5)
FN:282,(anonymous_6)
FNF:7
FNH:0
FNDA:0,(anonymous_0)
FNDA:0,(anonymous_1)
FNDA:0,(anonymous_2)
FNDA:0,(anonymous_3)
FNDA:0,(anonymous_4)
FNDA:0,(anonymous_5)
FNDA:0,(anonymous_6)
DA:1,1
DA:2,1
DA:3,1
DA:4,1
DA:5,1
DA:6,1
DA:7,1
DA:10,1
DA:17,1
DA:18,0
DA:19,0
DA:22,0
DA:23,0
DA:26,0
DA:27,0
DA:30,0
DA:31,0
DA:34,0
DA:35,0
DA:39,0
DA:42,0
DA:45,0
DA:57,0
DA:60,0
DA:61,0
DA:64,0
DA:67,0
DA:68,0
DA:69,0
DA:71,0
DA:74,0
DA:88,1
DA:89,0
DA:90,0
DA:93,0
DA:94,0
DA:97,0
DA:98,0
DA:101,0
DA:102,0
DA:106,0
DA:112,0
DA:119,0
DA:120,0
DA:132,1
DA:133,0
DA:134,0
DA:137,0
DA:138,0
DA:139,0
DA:142,0
DA:144,0
DA:150,0
DA:151,0
DA:159,1
DA:160,0
DA:161,0
DA:163,0
DA:164,0
DA:171,0
DA:177,0
DA:183,0
DA:184,0
DA:192,1
DA:193,0
DA:196,0
DA:198,0
DA:200,0
DA:202,0
DA:211,0
DA:221,0
DA:222,0
DA:232,1
DA:233,0
DA:234,0
DA:236,0
DA:237,0
DA:241,0
DA:243,0
DA:245,0
DA:248,0
DA:249,0
DA:252,0
DA:255,0
DA:256,0
DA:257,0
DA:259,0
DA:262,0
DA:272,1
DA:275,1
DA:283,0
DA:285,0
DA:286,0
DA:287,0
DA:290,0
DA:293,0
DA:296,0
DA:299,0
DA:305,0
DA:306,0
DA:314,1
LF:101
LH:17
BRDA:22,0,0,0
BRDA:22,0,1,0
BRDA:26,1,0,0
BRDA:26,1,1,0
BRDA:30,2,0,0
BRDA:30,2,1,0
BRDA:34,3,0,0
BRDA:34,3,1,0
BRDA:64,4,0,0
BRDA:64,4,1,0
BRDA:64,5,0,0
BRDA:64,5,1,0
BRDA:64,5,2,0
BRDA:64,5,3,0
BRDA:64,5,4,0
BRDA:68,6,0,0
BRDA:68,6,1,0
BRDA:69,7,0,0
BRDA:69,7,1,0
BRDA:77,8,0,0
BRDA:77,8,1,0
BRDA:93,9,0,0
BRDA:93,9,1,0
BRDA:97,10,0,0
BRDA:97,10,1,0
BRDA:101,11,0,0
BRDA:101,11,1,0
BRDA:101,12,0,0
BRDA:101,12,1,0
BRDA:163,13,0,0
BRDA:163,13,1,0
BRDA:163,14,0,0
BRDA:163,14,1,0
BRDA:179,15,0,0
BRDA:179,15,1,0
BRDA:198,16,0,0
BRDA:198,16,1,0
BRDA:236,17,0,0
BRDA:236,17,1,0
BRDA:236,18,0,0
BRDA:236,18,1,0
BRDA:236,18,2,0
BRDA:236,18,3,0
BRDA:252,19,0,0
BRDA:252,19,1,0
BRDA:252,20,0,0
BRDA:252,20,1,0
BRDA:252,20,2,0
BRDA:252,20,3,0
BRDA:252,20,4,0
BRDA:256,21,0,0
BRDA:256,21,1,0
BRDA:257,22,0,0
BRDA:257,22,1,0
BRDA:265,23,0,0
BRDA:265,23,1,0
BRDA:286,24,0,0
BRDA:286,24,1,0
BRDA:293,25,0,0
BRDA:293,25,1,0
BRF:60
BRH:0
end_of_record
TN:
SF:src\routes\health.js
FN:5,(anonymous_0)
FN:22,(anonymous_1)
FNF:2
FNH:0
FNDA:0,(anonymous_0)
FNDA:0,(anonymous_1)
DA:1,0
DA:2,0
DA:3,0
DA:5,0
DA:6,0
DA:8,0
DA:11,0
DA:14,0
DA:22,0
DA:25,0
DA:27,0
DA:34,0
LF:12
LH:0
BRDA:22,0,0,0
BRDA:22,0,1,0
BRDA:29,1,0,0
BRDA:29,1,1,0
BRF:4
BRH:0
end_of_record
TN:
SF:src\routes\machines.js
FN:8,(anonymous_0)
FN:19,(anonymous_1)
FN:30,(anonymous_2)
FN:46,(anonymous_3)
FN:77,(anonymous_4)
FN:119,(anonymous_5)
FN:180,(anonymous_6)
FN:181,(anonymous_7)
FN:182,(anonymous_8)
FN:183,(anonymous_9)
FN:188,(anonymous_10)
FN:217,(anonymous_11)
FN:220,(anonymous_12)
FN:220,(anonymous_13)
FN:220,(anonymous_14)
FN:230,(anonymous_15)
FN:262,(anonymous_16)
FN:302,(anonymous_17)
FN:367,(anonymous_18)
FN:408,(anonymous_19)
FNF:20
FNH:0
FNDA:0,(anonymous_0)
FNDA:0,(anonymous_1)
FNDA:0,(anonymous_2)
FNDA:0,(anonymous_3)
FNDA:0,(anonymous_4)
FNDA:0,(anonymous_5)
FNDA:0,(anonymous_6)
FNDA:0,(anonymous_7)
FNDA:0,(anonymous_8)
FNDA:0,(anonymous_9)
FNDA:0,(anonymous_10)
FNDA:0,(anonymous_11)
FNDA:0,(anonymous_12)
FNDA:0,(anonymous_13)
FNDA:0,(anonymous_14)
FNDA:0,(anonymous_15)
FNDA:0,(anonymous_16)
FNDA:0,(anonymous_17)
FNDA:0,(anonymous_18)
FNDA:0,(anonymous_19)
DA:1,0
DA:2,0
DA:3,0
DA:4,0
DA:5,0
DA:8,0
DA:9,0
DA:10,0
DA:11,0
DA:13,0
DA:14,0
DA:19,0
DA:20,0
DA:21,0
DA:22,0
DA:24,0
DA:25,0
DA:30,0
DA:31,0
DA:33,0
DA:34,0
DA:38,0
DA:40,0
DA:41,0
DA:46,0
DA:47,0
DA:49,0
DA:51,0
DA:69,0
DA:71,0
DA:72,0
DA:77,0
DA:78,0
DA:79,0
DA:81,0
DA:82,0
DA:93,0
DA:95,0
DA:96,0
DA:97,0
DA:100,0
DA:101,0
DA:102,0
DA:105,0
DA:110,0
DA:111,0
DA:113,0
DA:114,0
DA:119,0
DA:120,0
DA:121,0
DA:124,0
DA:134,0
DA:135,0
DA:156,0
DA:175,0
DA:177,0
DA:180,0
DA:181,0
DA:182,0
DA:183,0
DA:185,0
DA:188,0
DA:190,0
DA:193,0
DA:194,0
DA:195,0
DA:198,0
DA:212,0
DA:213,0
DA:216,0
DA:217,0
DA:219,0
DA:220,0
DA:222,0
DA:224,0
DA:225,0
DA:230,0
DA:239,0
DA:241,0
DA:242,0
DA:254,0
DA:256,0
DA:257,0
DA:262,0
DA:264,0
DA:265,0
DA:268,0
DA:269,0
DA:272,0
DA:273,0
DA:290,0
DA:291,0
DA:293,0
DA:296,0
DA:297,0
DA:302,0
DA:304,0
DA:305,0
DA:308,0
DA:309,0
DA:323,0
DA:325,0
DA:326,0
DA:355,0
DA:356,0
DA:358,0
DA:361,0
DA:362,0
DA:367,0
DA:369,0
DA:370,0
DA:373,0
DA:374,0
DA:377,0
DA:379,0
DA:382,0
DA:388,0
DA:393,0
DA:394,0
DA:395,0
DA:397,0
DA:398,0
DA:401,0
DA:402,0
DA:403,0
DA:408,0
DA:409,0
DA:410,0
DA:412,0
DA:420,0
DA:421,0
DA:424,0
DA:425,0
DA:428,0
DA:429,0
DA:432,0
DA:433,0
DA:434,0
DA:437,0
DA:442,0
DA:443,0
DA:446,0
DA:448,0
DA:451,0
DA:452,0
DA:453,0
DA:456,0
DA:457,0
DA:465,0
DA:467,0
DA:471,0
DA:474,0
DA:477,0
DA:486,0
DA:489,0
DA:511,0
DA:513,0
DA:521,0
DA:522,0
DA:529,0
DA:532,0
DA:535,0
DA:537,0
DA:540,0
DA:542,0
DA:550,0
DA:552,0
DA:556,0
DA:560,0
DA:567,0
DA:571,0
DA:574,0
DA:595,0
DA:602,0
DA:603,0
DA:605,0
DA:608,0
DA:609,0
DA:615,0
LF:180
LH:0
BRDA:4,0,0,0
BRDA:4,0,1,0
BRDA:95,1,0,0
BRDA:95,1,1,0
BRDA:100,2,0,0
BRDA:100,2,1,0
BRDA:134,3,0,0
BRDA:134,3,1,0
BRDA:190,4,0,0
BRDA:190,4,1,0
BRDA:193,5,0,0
BRDA:193,5,1,0
BRDA:193,6,0,0
BRDA:193,6,1,0
BRDA:200,7,0,0
BRDA:200,7,1,0
BRDA:200,8,0,0
BRDA:200,8,1,0
BRDA:205,9,0,0
BRDA:205,9,1,0
BRDA:206,10,0,0
BRDA:206,10,1,0
BRDA:212,11,0,0
BRDA:212,11,1,0
BRDA:268,12,0,0
BRDA:268,12,1,0
BRDA:290,13,0,0
BRDA:290,13,1,0
BRDA:308,14,0,0
BRDA:308,14,1,0
BRDA:355,15,0,0
BRDA:355,15,1,0
BRDA:373,16,0,0
BRDA:373,16,1,0
BRDA:393,17,0,0
BRDA:393,17,1,0
BRDA:420,18,0,0
BRDA:420,18,1,0
BRDA:420,19,0,0
BRDA:420,19,1,0
BRDA:424,20,0,0
BRDA:424,20,1,0
BRDA:424,21,0,0
BRDA:424,21,1,0
BRDA:442,22,0,0
BRDA:442,22,1,0
BRDA:448,23,0,0
BRDA:448,23,1,0
BRDA:451,24,0,0
BRDA:451,24,1,0
BRDA:465,25,0,0
BRDA:465,25,1,0
BRDA:521,26,0,0
BRDA:521,26,1,0
BRDA:535,27,0,0
BRDA:535,27,1,0
BRDA:550,28,0,0
BRDA:550,28,1,0
BRF:58
BRH:0
end_of_record
TN:
SF:src\routes\parts.js
FN:22,(anonymous_0)
FN:25,(anonymous_1)
FN:32,(anonymous_2)
FN:41,(anonymous_3)
FN:50,(anonymous_4)
FN:56,(anonymous_5)
FN:58,(anonymous_6)
FN:64,(anonymous_7)
FN:188,(anonymous_8)
FN:222,(anonymous_9)
FN:231,(anonymous_10)
FN:258,(anonymous_11)
FN:285,(anonymous_12)
FN:324,(anonymous_13)
FN:339,(anonymous_14)
FN:420,(anonymous_15)
FN:553,(anonymous_16)
FN:574,(anonymous_17)
FN:678,(anonymous_18)
FN:775,(anonymous_19)
FN:992,(anonymous_20)
FN:1111,(anonymous_21)
FN:1168,(anonymous_22)
FN:1196,(anonymous_23)
FN:1246,(anonymous_24)
FN:1321,(anonymous_25)
FN:1327,(anonymous_26)
FN:1333,(anonymous_27)
FN:1339,(anonymous_28)
FN:1345,(anonymous_29)
FN:1351,(anonymous_30)
FNF:31
FNH:0
FNDA:0,(anonymous_0)
FNDA:0,(anonymous_1)
FNDA:0,(anonymous_2)
FNDA:0,(anonymous_3)
FNDA:0,(anonymous_4)
FNDA:0,(anonymous_5)
FNDA:0,(anonymous_6)
FNDA:0,(anonymous_7)
FNDA:0,(anonymous_8)
FNDA:0,(anonymous_9)
FNDA:0,(anonymous_10)
FNDA:0,(anonymous_11)
FNDA:0,(anonymous_12)
FNDA:0,(anonymous_13)
FNDA:0,(anonymous_14)
FNDA:0,(anonymous_15)
FNDA:0,(anonymous_16)
FNDA:0,(anonymous_17)
FNDA:0,(anonymous_18)
FNDA:0,(anonymous_19)
FNDA:0,(anonymous_20)
FNDA:0,(anonymous_21)
FNDA:0,(anonymous_22)
FNDA:0,(anonymous_23)
FNDA:0,(anonymous_24)
FNDA:0,(anonymous_25)
FNDA:0,(anonymous_26)
FNDA:0,(anonymous_27)
FNDA:0,(anonymous_28)
FNDA:0,(anonymous_29)
FNDA:0,(anonymous_30)
DA:1,1
DA:2,1
DA:3,1
DA:4,1
DA:5,1
DA:6,1
DA:7,1
DA:8,1
DA:11,1
DA:17,1
DA:18,1
DA:21,1
DA:23,0
DA:26,0
DA:30,1
DA:33,0
DA:34,0
DA:36,0
DA:41,1
DA:42,0
DA:43,0
DA:44,0
DA:45,0
DA:47,0
DA:48,0
DA:50,0
DA:51,0
DA:56,1
DA:57,0
DA:58,0
DA:59,0
DA:64,1
DA:65,0
DA:66,0
DA:67,0
DA:68,0
DA:69,0
DA:70,0
DA:71,0
DA:72,0
DA:73,0
DA:76,0
DA:77,0
DA:78,0
DA:80,0
DA:81,0
DA:89,0
DA:90,0
DA:93,0
DA:94,0
DA:98,0
DA:99,0
DA:102,0
DA:103,0
DA:104,0
DA:105,0
DA:108,0
DA:109,0
DA:110,0
DA:111,0
DA:114,0
DA:115,0
DA:116,0
DA:117,0
DA:120,0
DA:125,0
DA:133,0
DA:138,0
DA:141,0
DA:144,0
DA:169,0
DA:174,0
DA:182,0
DA:183,0
DA:188,1
DA:189,0
DA:190,0
DA:192,0
DA:212,0
DA:214,0
DA:216,0
DA:217,0
DA:222,1
DA:223,0
DA:224,0
DA:226,0
DA:227,0
DA:231,0
DA:233,0
DA:236,0
DA:250,0
DA:252,0
DA:255,0
DA:258,0
DA:259,0
DA:260,0
DA:269,0
DA:270,0
DA:272,0
DA:274,0
DA:275,0
DA:276,0
DA:285,1
DA:286,0
DA:287,0
DA:288,0
DA:290,0
DA:311,0
DA:312,0
DA:313,0
DA:316,0
DA:318,0
DA:319,0
DA:324,1
DA:325,0
DA:326,0
DA:329,0
DA:331,0
DA:333,0
DA:334,0
DA:339,1
DA:340,0
DA:352,0
DA:354,0
DA:355,0
DA:359,0
DA:362,0
DA:363,0
DA:364,0
DA:369,0
DA:370,0
DA:372,0
DA:376,0
DA:380,0
DA:410,0
DA:411,0
DA:413,0
DA:414,0
DA:415,0
DA:420,1
DA:421,0
DA:422,0
DA:423,0
DA:424,0
DA:440,0
DA:442,0
DA:443,0
DA:444,0
DA:445,0
DA:446,0
DA:449,0
DA:450,0
DA:451,0
DA:454,0
DA:455,0
DA:456,0
DA:459,0
DA:460,0
DA:461,0
DA:464,0
DA:465,0
DA:466,0
DA:470,0
DA:473,0
DA:474,0
DA:475,0
DA:480,0
DA:481,0
DA:483,0
DA:487,0
DA:492,0
DA:493,0
DA:494,0
DA:497,0
DA:500,0
DA:515,0
DA:517,0
DA:537,0
DA:538,0
DA:539,0
DA:542,0
DA:543,0
DA:544,0
DA:546,0
DA:547,0
DA:548,0
DA:553,1
DA:554,0
DA:555,0
DA:557,0
DA:562,0
DA:563,0
DA:566,0
DA:568,0
DA:569,0
DA:574,1
DA:575,0
DA:576,0
DA:577,0
DA:578,0
DA:579,0
DA:580,0
DA:581,0
DA:582,0
DA:583,0
DA:586,0
DA:587,0
DA:588,0
DA:590,0
DA:591,0
DA:599,0
DA:600,0
DA:603,0
DA:604,0
DA:608,0
DA:609,0
DA:612,0
DA:613,0
DA:614,0
DA:615,0
DA:618,0
DA:619,0
DA:620,0
DA:621,0
DA:624,0
DA:625,0
DA:626,0
DA:627,0
DA:630,0
DA:635,0
DA:642,0
DA:645,0
DA:667,0
DA:672,0
DA:673,0
DA:678,1
DA:690,0
DA:692,0
DA:693,0
DA:695,0
DA:698,0
DA:699,0
DA:700,0
DA:701,0
DA:706,0
DA:707,0
DA:708,0
DA:710,0
DA:711,0
DA:715,0
DA:716,0
DA:721,0
DA:722,0
DA:723,0
DA:726,0
DA:727,0
DA:729,0
DA:730,0
DA:731,0
DA:732,0
DA:736,0
DA:737,0
DA:764,0
DA:765,0
DA:766,0
DA:768,0
DA:769,0
DA:770,0
DA:775,1
DA:776,0
DA:777,0
DA:778,0
DA:779,0
DA:781,0
DA:782,0
DA:785,0
DA:786,0
DA:787,0
DA:790,0
DA:793,0
DA:795,0
DA:796,0
DA:797,0
DA:800,0
DA:801,0
DA:805,0
DA:806,0
DA:808,0
DA:809,0
DA:810,0
DA:811,0
DA:815,0
DA:820,0
DA:821,0
DA:824,0
DA:827,0
DA:828,0
DA:829,0
DA:834,0
DA:835,0
DA:838,0
DA:842,0
DA:847,0
DA:848,0
DA:849,0
DA:852,0
DA:877,0
DA:884,0
DA:887,0
DA:888,0
DA:889,0
DA:894,0
DA:895,0
DA:898,0
DA:902,0
DA:907,0
DA:908,0
DA:909,0
DA:912,0
DA:941,0
DA:949,0
DA:950,0
DA:955,0
DA:959,0
DA:960,0
DA:964,0
DA:965,0
DA:966,0
DA:971,0
DA:972,0
DA:973,0
DA:975,0
DA:978,0
DA:983,0
DA:985,0
DA:986,0
DA:992,1
DA:993,0
DA:995,0
DA:996,0
DA:998,0
DA:999,0
DA:1000,0
DA:1005,0
DA:1006,0
DA:1007,0
DA:1010,0
DA:1014,0
DA:1016,0
DA:1017,0
DA:1018,0
DA:1019,0
DA:1024,0
DA:1025,0
DA:1027,0
DA:1028,0
DA:1029,0
DA:1030,0
DA:1038,0
DA:1042,0
DA:1045,0
DA:1057,0
DA:1058,0
DA:1066,0
DA:1067,0
DA:1069,0
DA:1070,0
DA:1071,0
DA:1073,0
DA:1080,0
DA:1083,0
DA:1084,0
DA:1087,0
DA:1089,0
DA:1094,0
DA:1095,0
DA:1102,0
DA:1111,1
DA:1112,0
DA:1114,0
DA:1116,0
DA:1117,0
DA:1118,0
DA:1121,0
DA:1122,0
DA:1125,0
DA:1130,0
DA:1131,0
DA:1135,0
DA:1141,0
DA:1153,0
DA:1154,0
DA:1157,0
DA:1159,0
DA:1161,0
DA:1162,0
DA:1163,0
DA:1168,1
DA:1169,0
DA:1170,0
DA:1187,0
DA:1188,0
DA:1190,0
DA:1191,0
DA:1196,1
DA:1197,0
DA:1198,0
DA:1199,0
DA:1201,0
DA:1219,0
DA:1220,0
DA:1222,0
DA:1223,0
DA:1224,0
DA:1227,0
DA:1228,0
DA:1229,0
DA:1232,0
DA:1234,0
DA:1235,0
DA:1236,0
DA:1238,0
DA:1240,0
DA:1241,0
DA:1246,1
DA:1247,0
DA:1248,0
DA:1251,0
DA:1268,0
DA:1284,0
DA:1290,0
DA:1291,0
DA:1292,0
DA:1295,0
DA:1296,0
DA:1297,0
DA:1301,0
DA:1312,0
DA:1313,0
DA:1321,1
DA:1322,0
DA:1323,0
DA:1327,1
DA:1328,0
DA:1329,0
DA:1333,1
DA:1334,0
DA:1335,0
DA:1339,1
DA:1340,0
DA:1341,0
DA:1345,1
DA:1346,0
DA:1347,0
DA:1351,1
DA:1352,0
DA:1353,0
DA:1356,0
DA:1363,0
DA:1364,0
DA:1366,0
DA:1367,0
DA:1374,0
DA:1381,0
DA:1384,0
DA:1390,0
DA:1391,0
DA:1398,1
LF:468
LH:38
BRDA:33,0,0,0
BRDA:33,0,1,0
BRDA:66,1,0,0
BRDA:66,1,1,0
BRDA:67,2,0,0
BRDA:67,2,1,0
BRDA:69,3,0,0
BRDA:69,3,1,0
BRDA:70,4,0,0
BRDA:70,4,1,0
BRDA:71,5,0,0
BRDA:71,5,1,0
BRDA:72,6,0,0
BRDA:72,6,1,0
BRDA:73,7,0,0
BRDA:73,7,1,0
BRDA:80,8,0,0
BRDA:80,8,1,0
BRDA:93,9,0,0
BRDA:93,9,1,0
BRDA:102,10,0,0
BRDA:102,10,1,0
BRDA:108,11,0,0
BRDA:108,11,1,0
BRDA:114,12,0,0
BRDA:114,12,1,0
BRDA:120,13,0,0
BRDA:120,13,1,0
BRDA:226,14,0,0
BRDA:226,14,1,0
BRDA:259,15,0,0
BRDA:259,15,1,0
BRDA:311,16,0,0
BRDA:311,16,1,0
BRDA:325,17,0,0
BRDA:325,17,1,0
BRDA:354,18,0,0
BRDA:354,18,1,0
BRDA:354,19,0,0
BRDA:354,19,1,0
BRDA:354,19,2,0
BRDA:354,19,3,0
BRDA:354,19,4,0
BRDA:363,20,0,0
BRDA:363,20,1,0
BRDA:369,21,0,0
BRDA:369,21,1,0
BRDA:449,22,0,0
BRDA:449,22,1,0
BRDA:449,23,0,0
BRDA:449,23,1,0
BRDA:454,24,0,0
BRDA:454,24,1,0
BRDA:454,25,0,0
BRDA:454,25,1,0
BRDA:459,26,0,0
BRDA:459,26,1,0
BRDA:459,27,0,0
BRDA:459,27,1,0
BRDA:464,28,0,0
BRDA:464,28,1,0
BRDA:464,29,0,0
BRDA:464,29,1,0
BRDA:474,30,0,0
BRDA:474,30,1,0
BRDA:480,31,0,0
BRDA:480,31,1,0
BRDA:494,32,0,0
BRDA:494,32,1,0
BRDA:497,33,0,0
BRDA:497,33,1,0
BRDA:511,34,0,0
BRDA:511,34,1,0
BRDA:537,35,0,0
BRDA:537,35,1,0
BRDA:562,36,0,0
BRDA:562,36,1,0
BRDA:576,37,0,0
BRDA:576,37,1,0
BRDA:577,38,0,0
BRDA:577,38,1,0
BRDA:579,39,0,0
BRDA:579,39,1,0
BRDA:580,40,0,0
BRDA:580,40,1,0
BRDA:581,41,0,0
BRDA:581,41,1,0
BRDA:582,42,0,0
BRDA:582,42,1,0
BRDA:583,43,0,0
BRDA:583,43,1,0
BRDA:590,44,0,0
BRDA:590,44,1,0
BRDA:603,45,0,0
BRDA:603,45,1,0
BRDA:612,46,0,0
BRDA:612,46,1,0
BRDA:618,47,0,0
BRDA:618,47,1,0
BRDA:624,48,0,0
BRDA:624,48,1,0
BRDA:630,49,0,0
BRDA:630,49,1,0
BRDA:699,50,0,0
BRDA:699,50,1,0
BRDA:706,51,0,0
BRDA:706,51,1,0
BRDA:723,52,0,0
BRDA:723,52,1,0
BRDA:727,53,0,0
BRDA:727,53,1,0
BRDA:727,54,0,0
BRDA:727,54,1,0
BRDA:752,55,0,0
BRDA:752,55,1,0
BRDA:753,56,0,0
BRDA:753,56,1,0
BRDA:757,57,0,0
BRDA:757,57,1,0
BRDA:760,58,0,0
BRDA:760,58,1,0
BRDA:781,59,0,0
BRDA:781,59,1,0
BRDA:800,60,0,0
BRDA:800,60,1,0
BRDA:800,61,0,0
BRDA:800,61,1,0
BRDA:806,62,0,0
BRDA:806,62,1,0
BRDA:806,63,0,0
BRDA:806,63,1,0
BRDA:820,64,0,0
BRDA:820,64,1,0
BRDA:828,65,0,0
BRDA:828,65,1,0
BRDA:834,66,0,0
BRDA:834,66,1,0
BRDA:847,67,0,0
BRDA:847,67,1,0
BRDA:848,68,0,0
BRDA:848,68,1,0
BRDA:849,69,0,0
BRDA:849,69,1,0
BRDA:866,70,0,0
BRDA:866,70,1,0
BRDA:867,71,0,0
BRDA:867,71,1,0
BRDA:868,72,0,0
BRDA:868,72,1,0
BRDA:888,73,0,0
BRDA:888,73,1,0
BRDA:894,74,0,0
BRDA:894,74,1,0
BRDA:907,75,0,0
BRDA:907,75,1,0
BRDA:908,76,0,0
BRDA:908,76,1,0
BRDA:909,77,0,0
BRDA:909,77,1,0
BRDA:929,78,0,0
BRDA:929,78,1,0
BRDA:930,79,0,0
BRDA:930,79,1,0
BRDA:932,80,0,0
BRDA:932,80,1,0
BRDA:949,81,0,0
BRDA:949,81,1,0
BRDA:971,82,0,0
BRDA:971,82,1,0
BRDA:983,83,0,0
BRDA:983,83,1,0
BRDA:985,84,0,0
BRDA:985,84,1,0
BRDA:998,85,0,0
BRDA:998,85,1,0
BRDA:998,86,0,0
BRDA:998,86,1,0
BRDA:998,86,2,0
BRDA:1016,87,0,0
BRDA:1016,87,1,0
BRDA:1027,88,0,0
BRDA:1027,88,1,0
BRDA:1057,89,0,0
BRDA:1057,89,1,0
BRDA:1116,90,0,0
BRDA:1116,90,1,0
BRDA:1116,91,0,0
BRDA:1116,91,1,0
BRDA:1116,91,2,0
BRDA:1130,92,0,0
BRDA:1130,92,1,0
BRDA:1222,93,0,0
BRDA:1222,93,1,0
BRDA:1227,94,0,0
BRDA:1227,94,1,0
BRDA:1291,95,0,0
BRDA:1291,95,1,0
BRDA:1296,96,0,0
BRDA:1296,96,1,0
BRDA:1307,97,0,0
BRDA:1307,97,1,0
BRDA:1307,98,0,0
BRDA:1307,98,1,0
BRDA:1366,99,0,0
BRDA:1366,99,1,0
BRF:205
BRH:0
end_of_record
TN:
SF:src\routes\purchaseOrderRoutes.js
FNF:0
FNH:0
DA:1,1
DA:2,1
DA:3,1
DA:4,1
DA:5,1
DA:7,1
DA:8,1
DA:11,1
DA:18,1
DA:25,1
DA:33,1
DA:40,1
DA:49,1
DA:57,1
DA:65,1
DA:73,1
DA:82,1
DA:90,1
DA:98,1
DA:106,1
DA:123,1
LF:21
LH:21
BRF:0
BRH:0
end_of_record
TN:
SF:src\routes\reports.js
FN:10,(anonymous_0)
FNF:1
FNH:0
FNDA:0,(anonymous_0)
DA:2,0
DA:3,0
DA:4,0
DA:6,0
DA:10,0
DA:11,0
DA:13,0
DA:14,0
DA:18,0
DA:20,0
DA:21,0
DA:25,0
LF:12
LH:0
BRDA:11,0,0,0
BRDA:11,0,1,0
BRF:2
BRH:0
end_of_record
TN:
SF:src\routes\supplierRoutes.js
FNF:0
FNH:0
DA:1,1
DA:2,1
DA:3,1
DA:5,1
DA:8,1
DA:11,1
DA:12,1
DA:13,1
DA:14,1
DA:15,1
DA:18,1
DA:20,1
LF:12
LH:12
BRF:0
BRH:0
end_of_record
TN:
SF:src\routes\test.js
FN:6,(anonymous_0)
FNF:1
FNH:0
FNDA:0,(anonymous_0)
DA:1,1
DA:2,1
DA:3,1
DA:6,1
DA:7,0
DA:8,0
DA:17,0
DA:18,0
DA:20,0
DA:22,0
DA:23,0
DA:27,1
LF:12
LH:5
BRF:0
BRH:0
end_of_record
TN:
SF:src\routes\transactions.js
FN:8,(anonymous_0)
FN:50,(anonymous_1)
FN:90,(anonymous_2)
FN:117,(anonymous_3)
FNF:4
FNH:0
FNDA:0,(anonymous_0)
FNDA:0,(anonymous_1)
FNDA:0,(anonymous_2)
FNDA:0,(anonymous_3)
DA:1,0
DA:2,0
DA:3,0
DA:4,0
DA:5,0
DA:8,0
DA:9,0
DA:10,0
DA:11,0
DA:27,0
DA:28,0
DA:29,0
DA:30,0
DA:31,0
DA:33,0
DA:34,0
DA:35,0
DA:39,0
DA:41,0
DA:42,0
DA:44,0
DA:45,0
DA:50,0
DA:51,0
DA:53,0
DA:55,0
DA:58,0
DA:59,0
DA:64,0
DA:65,0
DA:66,0
DA:70,0
DA:80,0
DA:81,0
DA:83,0
DA:84,0
DA:85,0
DA:90,0
DA:91,0
DA:92,0
DA:93,0
DA:109,0
DA:111,0
DA:112,0
DA:117,0
DA:118,0
DA:119,0
DA:120,0
DA:136,0
DA:138,0
DA:139,0
DA:143,0
LF:52
LH:0
BRDA:4,0,0,0
BRDA:4,0,1,0
BRDA:28,1,0,0
BRDA:28,1,1,0
BRDA:28,2,0,0
BRDA:28,2,1,0
BRDA:29,3,0,0
BRDA:29,3,1,0
BRDA:33,4,0,0
BRDA:33,4,1,0
BRDA:58,5,0,0
BRDA:58,5,1,0
BRDA:64,6,0,0
BRDA:64,6,1,0
BRF:14
BRH:0
end_of_record
TN:
SF:src\routes\users.js
FN:21,(anonymous_0)
FN:35,(anonymous_1)
FN:56,(anonymous_2)
FN:104,(anonymous_3)
FN:144,(anonymous_4)
FNF:5
FNH:0
FNDA:0,(anonymous_0)
FNDA:0,(anonymous_1)
FNDA:0,(anonymous_2)
FNDA:0,(anonymous_3)
FNDA:0,(anonymous_4)
DA:1,1
DA:2,1
DA:3,1
DA:4,1
DA:5,1
DA:6,1
DA:7,1
DA:10,1
DA:15,1
DA:16,1
DA:17,1
DA:18,1
DA:21,1
DA:22,0
DA:23,0
DA:27,0
DA:29,0
DA:30,0
DA:35,1
DA:36,0
DA:37,0
DA:39,0
DA:44,0
DA:45,0
DA:48,0
DA:50,0
DA:51,0
DA:56,1
DA:57,0
DA:58,0
DA:61,0
DA:62,0
DA:66,0
DA:67,0
DA:68,0
DA:75,0
DA:80,0
DA:81,0
DA:85,0
DA:86,0
DA:89,0
DA:96,0
DA:98,0
DA:99,0
DA:104,1
DA:105,0
DA:106,0
DA:107,0
DA:110,0
DA:111,0
DA:112,0
DA:119,0
DA:120,0
DA:124,0
DA:132,0
DA:133,0
DA:136,0
DA:138,0
DA:139,0
DA:144,1
DA:145,0
DA:146,0
DA:149,0
DA:150,0
DA:154,0
DA:159,0
DA:160,0
DA:163,0
DA:165,0
DA:166,0
DA:170,1
LF:71
LH:18
BRDA:44,0,0,0
BRDA:44,0,1,0
BRDA:61,1,0,0
BRDA:61,1,1,0
BRDA:61,2,0,0
BRDA:61,2,1,0
BRDA:61,2,2,0
BRDA:67,3,0,0
BRDA:67,3,1,0
BRDA:80,4,0,0
BRDA:80,4,1,0
BRDA:111,5,0,0
BRDA:111,5,1,0
BRDA:119,6,0,0
BRDA:119,6,1,0
BRDA:132,7,0,0
BRDA:132,7,1,0
BRDA:149,8,0,0
BRDA:149,8,1,0
BRDA:159,9,0,0
BRDA:159,9,1,0
BRF:21
BRH:0
end_of_record
TN:
SF:src\routes\vendorRoutes.js
FNF:0
FNH:0
DA:1,1
DA:2,1
DA:3,1
DA:5,1
DA:6,1
DA:9,1
DA:12,1
DA:15,1
DA:23,1
DA:31,1
DA:37,1
LF:11
LH:11
BRF:0
BRH:0
end_of_record
TN:
SF:src\scripts\cleanupFailedEmails.js
FN:7,cleanupFailedEmailAttempts
FNF:1
FNH:0
FNDA:0,cleanupFailedEmailAttempts
DA:1,0
DA:2,0
DA:5,0
DA:8,0
DA:10,0
DA:19,0
DA:21,0
DA:28,0
DA:30,0
DA:31,0
DA:32,0
DA:36,0
DA:40,0
DA:41,0
DA:43,0
DA:44,0
DA:45,0
DA:49,0
DA:53,0
DA:54,0
DA:57,0
DA:59,0
DA:63,0
LF:23
LH:0
BRDA:5,0,0,0
BRDA:5,0,1,0
BRDA:16,1,0,0
BRDA:16,1,1,0
BRDA:30,2,0,0
BRDA:30,2,1,0
BRDA:43,3,0,0
BRDA:43,3,1,0
BRF:8
BRH:0
end_of_record
TN:
SF:src\scripts\createFailedEmailTable.js
FN:4,createFailedEmailTable
FNF:1
FNH:0
FNDA:0,createFailedEmailTable
DA:1,0
DA:2,0
DA:5,0
DA:14,0
DA:15,0
DA:31,0
DA:33,0
DA:35,0
DA:39,0
LF:9
LH:0
BRDA:11,0,0,0
BRDA:11,0,1,0
BRF:2
BRH:0
end_of_record
TN:
SF:src\scripts\fix-po-status.js
FN:5,fixPurchaseOrderStatus
FN:74,(anonymous_1)
FN:77,(anonymous_2)
FNF:3
FNH:0
FNDA:0,fixPurchaseOrderStatus
FNDA:0,(anonymous_1)
FNDA:0,(anonymous_2)
DA:1,0
DA:2,0
DA:3,0
DA:6,0
DA:15,0
DA:17,0
DA:34,0
DA:36,0
DA:37,0
DA:38,0
DA:39,0
DA:42,0
DA:52,0
DA:55,0
DA:56,0
DA:61,0
DA:65,0
DA:67,0
DA:69,0
DA:74,0
DA:75,0
DA:76,0
DA:78,0
DA:79,0
LF:24
LH:0
BRDA:12,0,0,0
BRDA:12,0,1,0
BRDA:55,1,0,0
BRDA:55,1,1,0
BRF:4
BRH:0
end_of_record
TN:
SF:src\scripts\monitorEmails.js
FN:29,(anonymous_0)
FN:51,(anonymous_1)
FN:61,(anonymous_2)
FN:70,(anonymous_3)
FN:79,(anonymous_4)
FN:84,(anonymous_5)
FN:91,(anonymous_6)
FN:147,(anonymous_7)
FN:149,(anonymous_8)
FN:157,(anonymous_9)
FN:159,(anonymous_10)
FN:184,(anonymous_11)
FN:197,(anonymous_12)
FN:204,(anonymous_13)
FN:213,(anonymous_14)
FN:258,(anonymous_15)
FN:283,(anonymous_16)
FN:287,(anonymous_17)
FN:293,(anonymous_18)
FN:294,(anonymous_19)
FN:324,(anonymous_20)
FN:331,(anonymous_21)
FN:332,(anonymous_22)
FN:360,(anonymous_23)
FN:368,(anonymous_24)
FN:379,(anonymous_25)
FN:382,(anonymous_26)
FN:383,(anonymous_27)
FN:388,(anonymous_28)
FN:403,(anonymous_29)
FN:420,(anonymous_30)
FN:422,(anonymous_31)
FN:438,(anonymous_32)
FN:445,(anonymous_33)
FN:447,(anonymous_34)
FN:477,(anonymous_35)
FN:482,(anonymous_36)
FN:488,(anonymous_37)
FNF:38
FNH:0
FNDA:0,(anonymous_0)
FNDA:0,(anonymous_1)
FNDA:0,(anonymous_2)
FNDA:0,(anonymous_3)
FNDA:0,(anonymous_4)
FNDA:0,(anonymous_5)
FNDA:0,(anonymous_6)
FNDA:0,(anonymous_7)
FNDA:0,(anonymous_8)
FNDA:0,(anonymous_9)
FNDA:0,(anonymous_10)
FNDA:0,(anonymous_11)
FNDA:0,(anonymous_12)
FNDA:0,(anonymous_13)
FNDA:0,(anonymous_14)
FNDA:0,(anonymous_15)
FNDA:0,(anonymous_16)
FNDA:0,(anonymous_17)
FNDA:0,(anonymous_18)
FNDA:0,(anonymous_19)
FNDA:0,(anonymous_20)
FNDA:0,(anonymous_21)
FNDA:0,(anonymous_22)
FNDA:0,(anonymous_23)
FNDA:0,(anonymous_24)
FNDA:0,(anonymous_25)
FNDA:0,(anonymous_26)
FNDA:0,(anonymous_27)
FNDA:0,(anonymous_28)
FNDA:0,(anonymous_29)
FNDA:0,(anonymous_30)
FNDA:0,(anonymous_31)
FNDA:0,(anonymous_32)
FNDA:0,(anonymous_33)
FNDA:0,(anonymous_34)
FNDA:0,(anonymous_35)
FNDA:0,(anonymous_36)
FNDA:0,(anonymous_37)
DA:2,0
DA:4,0
DA:5,0
DA:6,0
DA:7,0
DA:8,0
DA:9,0
DA:12,0
DA:14,0
DA:17,0
DA:30,0
DA:38,0
DA:39,0
DA:40,0
DA:41,0
DA:44,0
DA:47,0
DA:52,0
DA:61,0
DA:65,0
DA:66,0
DA:67,0
DA:70,0
DA:71,0
DA:72,0
DA:75,0
DA:76,0
DA:79,0
DA:80,0
DA:81,0
DA:84,0
DA:85,0
DA:86,0
DA:92,0
DA:94,0
DA:97,0
DA:98,0
DA:100,0
DA:101,0
DA:104,0
DA:105,0
DA:106,0
DA:107,0
DA:111,0
DA:112,0
DA:113,0
DA:114,0
DA:116,0
DA:119,0
DA:120,0
DA:124,0
DA:127,0
DA:128,0
DA:129,0
DA:132,0
DA:134,0
DA:135,0
DA:137,0
DA:140,0
DA:141,0
DA:142,0
DA:149,0
DA:150,0
DA:154,0
DA:159,0
DA:161,0
DA:162,0
DA:165,0
DA:166,0
DA:167,0
DA:170,0
DA:175,0
DA:176,0
DA:177,0
DA:180,0
DA:181,0
DA:182,0
DA:183,0
DA:184,0
DA:185,0
DA:187,0
DA:188,0
DA:191,0
DA:192,0
DA:199,0
DA:200,0
DA:204,0
DA:205,0
DA:206,0
DA:210,0
DA:215,0
DA:216,0
DA:217,0
DA:220,0
DA:221,0
DA:222,0
DA:223,0
DA:224,0
DA:227,0
DA:230,0
DA:233,0
DA:234,0
DA:235,0
DA:236,0
DA:239,0
DA:240,0
DA:242,0
DA:246,0
DA:255,0
DA:258,0
DA:259,0
DA:260,0
DA:261,0
DA:264,0
DA:265,0
DA:267,0
DA:268,0
DA:271,0
DA:274,0
DA:280,0
DA:281,0
DA:283,0
DA:287,0
DA:288,0
DA:289,0
DA:292,0
DA:293,0
DA:294,0
DA:295,0
DA:296,0
DA:297,0
DA:300,0
DA:302,0
DA:303,0
DA:304,0
DA:305,0
DA:306,0
DA:309,0
DA:310,0
DA:313,0
DA:314,0
DA:315,0
DA:318,0
DA:319,0
DA:322,0
DA:323,0
DA:324,0
DA:327,0
DA:331,0
DA:332,0
DA:336,0
DA:337,0
DA:339,0
DA:340,0
DA:341,0
DA:342,0
DA:345,0
DA:346,0
DA:349,0
DA:350,0
DA:351,0
DA:354,0
DA:360,0
DA:361,0
DA:362,0
DA:364,0
DA:368,0
DA:369,0
DA:372,0
DA:375,0
DA:376,0
DA:379,0
DA:380,0
DA:382,0
DA:383,0
DA:384,0
DA:385,0
DA:388,0
DA:389,0
DA:390,0
DA:392,0
DA:396,0
DA:401,0
DA:403,0
DA:404,0
DA:405,0
DA:407,0
DA:408,0
DA:412,0
DA:422,0
DA:423,0
DA:424,0
DA:425,0
DA:426,0
DA:429,0
DA:432,0
DA:433,0
DA:435,0
DA:438,0
DA:439,0
DA:440,0
DA:447,0
DA:448,0
DA:449,0
DA:450,0
DA:453,0
DA:455,0
DA:456,0
DA:457,0
DA:460,0
DA:463,0
DA:464,0
DA:466,0
DA:467,0
DA:474,0
DA:477,0
DA:478,0
DA:482,0
DA:483,0
DA:488,0
DA:489,0
DA:491,0
DA:492,0
DA:494,0
DA:498,0
LF:225
LH:0
BRDA:100,0,0,0
BRDA:100,0,1,0
BRDA:105,1,0,0
BRDA:105,1,1,0
BRDA:111,2,0,0
BRDA:111,2,1,0
BRDA:111,3,0,0
BRDA:111,3,1,0
BRDA:114,4,0,0
BRDA:114,4,1,0
BRDA:134,5,0,0
BRDA:134,5,1,0
BRDA:161,6,0,0
BRDA:161,6,1,0
BRDA:165,7,0,0
BRDA:165,7,1,0
BRDA:175,8,0,0
BRDA:175,8,1,0
BRDA:181,9,0,0
BRDA:181,9,1,0
BRDA:199,10,0,0
BRDA:199,10,1,0
BRDA:215,11,0,0
BRDA:215,11,1,0
BRDA:220,12,0,0
BRDA:220,12,1,0
BRDA:233,13,0,0
BRDA:233,13,1,0
BRDA:259,14,0,0
BRDA:259,14,1,0
BRDA:264,15,0,0
BRDA:264,15,1,0
BRDA:264,16,0,0
BRDA:264,16,1,0
BRDA:295,17,0,0
BRDA:295,17,1,0
BRDA:304,18,0,0
BRDA:304,18,1,0
BRDA:314,19,0,0
BRDA:314,19,1,0
BRDA:314,20,0,0
BRDA:314,20,1,0
BRDA:323,21,0,0
BRDA:323,21,1,0
BRDA:324,22,0,0
BRDA:324,22,1,0
BRDA:337,23,0,0
BRDA:337,23,1,0
BRDA:345,24,0,0
BRDA:345,24,1,0
BRDA:361,25,0,0
BRDA:361,25,1,0
BRDA:375,26,0,0
BRDA:375,26,1,0
BRDA:380,27,0,0
BRDA:380,27,1,0
BRDA:380,27,2,0
BRDA:380,27,3,0
BRDA:384,28,0,0
BRDA:384,28,1,0
BRDA:389,29,0,0
BRDA:389,29,1,0
BRDA:401,30,0,0
BRDA:401,30,1,0
BRDA:404,31,0,0
BRDA:404,31,1,0
BRDA:423,32,0,0
BRDA:423,32,1,0
BRDA:448,33,0,0
BRDA:448,33,1,0
BRDA:455,34,0,0
BRDA:455,34,1,0
BRDA:455,35,0,0
BRDA:455,35,1,0
BRDA:491,36,0,0
BRDA:491,36,1,0
BRDA:491,37,0,0
BRDA:491,37,1,0
BRDA:491,37,2,0
BRF:79
BRH:0
end_of_record
TN:
SF:src\services\PODocumentService.js
FN:9,(anonymous_0)
FN:17,(anonymous_1)
FN:32,(anonymous_2)
FN:76,(anonymous_3)
FN:94,(anonymous_4)
FN:117,(anonymous_5)
FNF:6
FNH:1
FNDA:1,(anonymous_0)
FNDA:0,(anonymous_1)
FNDA:0,(anonymous_2)
FNDA:0,(anonymous_3)
FNDA:0,(anonymous_4)
FNDA:0,(anonymous_5)
DA:1,1
DA:2,1
DA:3,1
DA:10,1
DA:11,1
DA:18,0
DA:19,0
DA:22,0
DA:33,0
DA:35,0
DA:37,0
DA:38,0
DA:39,0
DA:40,0
DA:43,0
DA:46,0
DA:49,0
DA:64,0
DA:66,0
DA:67,0
DA:77,0
DA:78,0
DA:82,0
DA:84,0
DA:85,0
DA:95,0
DA:96,0
DA:101,0
DA:102,0
DA:105,0
DA:107,0
DA:108,0
DA:118,0
DA:119,0
DA:120,0
DA:122,0
DA:123,0
DA:128,1
LF:38
LH:6
BRDA:101,0,0,0
BRDA:101,0,1,0
BRF:2
BRH:0
end_of_record
TN:
SF:src\services\emailService.js
FN:6,(anonymous_0)
FN:78,(anonymous_1)
FN:92,(anonymous_2)
FN:100,(anonymous_3)
FN:110,(anonymous_4)
FN:128,(anonymous_5)
FN:146,(anonymous_6)
FN:174,(anonymous_7)
FN:176,(anonymous_8)
FN:184,(anonymous_9)
FN:319,(anonymous_10)
FN:361,(anonymous_11)
FN:365,(anonymous_12)
FN:431,(anonymous_13)
FN:471,(anonymous_14)
FN:508,(anonymous_15)
FN:527,(anonymous_16)
FN:560,(anonymous_17)
FNF:18
FNH:5
FNDA:1,(anonymous_0)
FNDA:3,(anonymous_1)
FNDA:0,(anonymous_2)
FNDA:1,(anonymous_3)
FNDA:0,(anonymous_4)
FNDA:0,(anonymous_5)
FNDA:1,(anonymous_6)
FNDA:1,(anonymous_7)
FNDA:0,(anonymous_8)
FNDA:0,(anonymous_9)
FNDA:0,(anonymous_10)
FNDA:0,(anonymous_11)
FNDA:0,(anonymous_12)
FNDA:0,(anonymous_13)
FNDA:0,(anonymous_14)
FNDA:0,(anonymous_15)
FNDA:0,(anonymous_16)
FNDA:0,(anonymous_17)
DA:1,1
DA:2,1
DA:3,1
DA:8,1
DA:18,1
DA:44,1
DA:45,1
DA:63,1
DA:66,1
DA:69,1
DA:72,1
DA:73,1
DA:74,1
DA:79,3
DA:80,0
DA:81,0
DA:82,0
DA:83,0
DA:85,0
DA:88,3
DA:93,0
DA:94,0
DA:96,0
DA:101,1
DA:102,1
DA:103,0
DA:105,0
DA:106,0
DA:111,0
DA:112,0
DA:125,0
DA:129,0
DA:130,0
DA:142,0
DA:147,1
DA:148,1
DA:149,1
DA:151,1
DA:153,1
DA:156,1
DA:157,1
DA:159,1
DA:160,1
DA:161,1
DA:164,0
DA:165,0
DA:167,0
DA:168,0
DA:169,0
DA:176,1
DA:177,0
DA:181,1
DA:185,0
DA:186,0
DA:187,0
DA:188,0
DA:189,0
DA:192,0
DA:193,0
DA:194,0
DA:198,0
DA:199,0
DA:206,0
DA:208,0
DA:209,0
DA:212,0
DA:237,0
DA:238,0
DA:241,0
DA:242,0
DA:246,0
DA:247,0
DA:248,0
DA:249,0
DA:252,0
DA:263,0
DA:265,0
DA:269,0
DA:284,0
DA:285,0
DA:286,0
DA:288,0
DA:289,0
DA:291,0
DA:294,0
DA:296,0
DA:298,0
DA:301,0
DA:303,0
DA:305,0
DA:306,0
DA:309,0
DA:310,0
DA:311,0
DA:313,0
DA:316,0
DA:317,0
DA:318,0
DA:319,0
DA:326,0
DA:337,0
DA:339,0
DA:341,0
DA:342,0
DA:343,0
DA:344,0
DA:348,0
DA:349,0
DA:350,0
DA:351,0
DA:352,0
DA:353,0
DA:356,0
DA:362,0
DA:363,0
DA:365,0
DA:366,0
DA:368,0
DA:369,0
DA:370,0
DA:371,0
DA:375,0
DA:376,0
DA:377,0
DA:378,0
DA:381,0
DA:382,0
DA:383,0
DA:386,0
DA:387,0
DA:388,0
DA:400,0
DA:401,0
DA:402,0
DA:405,0
DA:406,0
DA:407,0
DA:408,0
DA:412,0
DA:415,0
DA:417,0
DA:422,0
DA:427,0
DA:428,0
DA:432,0
DA:433,0
DA:435,0
DA:447,0
DA:448,0
DA:451,0
DA:454,0
DA:462,0
DA:467,0
DA:473,0
DA:475,0
DA:476,0
DA:477,0
DA:480,0
DA:482,0
DA:483,0
DA:484,0
DA:487,0
DA:488,0
DA:490,0
DA:491,0
DA:492,0
DA:499,0
DA:500,0
DA:502,0
DA:503,0
DA:504,0
DA:506,0
DA:508,0
DA:514,0
DA:516,0
DA:517,0
DA:518,0
DA:519,0
DA:521,0
DA:528,0
DA:530,0
DA:531,0
DA:532,0
DA:533,0
DA:534,0
DA:538,0
DA:539,0
DA:542,0
DA:545,0
DA:546,0
DA:548,0
DA:549,0
DA:550,0
DA:551,0
DA:552,0
DA:554,0
DA:555,0
DA:556,0
DA:558,0
DA:560,0
DA:566,0
DA:568,0
DA:569,0
DA:570,0
DA:571,0
DA:573,0
DA:578,1
LF:207
LH:30
BRDA:14,0,0,0
BRDA:14,0,1,1
BRDA:44,1,0,1
BRDA:44,1,1,0
BRDA:66,2,0,1
BRDA:66,2,1,0
BRDA:79,3,0,0
BRDA:79,3,1,3
BRDA:93,4,0,0
BRDA:93,4,1,0
BRDA:117,5,0,0
BRDA:117,5,1,0
BRDA:120,6,0,0
BRDA:120,6,1,0
BRDA:135,7,0,0
BRDA:135,7,1,0
BRDA:137,8,0,0
BRDA:137,8,1,0
BRDA:156,9,0,1
BRDA:156,9,1,0
BRDA:164,10,0,0
BRDA:164,10,1,0
BRDA:193,11,0,0
BRDA:193,11,1,0
BRDA:216,12,0,0
BRDA:216,12,1,0
BRDA:241,13,0,0
BRDA:241,13,1,0
BRDA:247,14,0,0
BRDA:247,14,1,0
BRDA:270,15,0,0
BRDA:270,15,1,0
BRDA:291,16,0,0
BRDA:291,16,1,0
BRDA:291,17,0,0
BRDA:291,17,1,0
BRDA:294,18,0,0
BRDA:294,18,1,0
BRDA:306,19,0,0
BRDA:306,19,1,0
BRDA:309,20,0,0
BRDA:309,20,1,0
BRDA:309,21,0,0
BRDA:309,21,1,0
BRDA:316,22,0,0
BRDA:316,22,1,0
BRDA:317,23,0,0
BRDA:317,23,1,0
BRDA:343,24,0,0
BRDA:343,24,1,0
BRDA:348,25,0,0
BRDA:348,25,1,0
BRDA:350,26,0,0
BRDA:350,26,1,0
BRDA:350,27,0,0
BRDA:350,27,1,0
BRDA:350,27,2,0
BRDA:352,28,0,0
BRDA:352,28,1,0
BRDA:362,29,0,0
BRDA:362,29,1,0
BRDA:369,30,0,0
BRDA:369,30,1,0
BRDA:376,31,0,0
BRDA:376,31,1,0
BRDA:382,32,0,0
BRDA:382,32,1,0
BRDA:389,33,0,0
BRDA:389,33,1,0
BRDA:393,34,0,0
BRDA:393,34,1,0
BRDA:405,35,0,0
BRDA:405,35,1,0
BRDA:407,36,0,0
BRDA:407,36,1,0
BRDA:407,37,0,0
BRDA:407,37,1,0
BRDA:415,38,0,0
BRDA:415,38,1,0
BRDA:415,39,0,0
BRDA:415,39,1,0
BRDA:415,39,2,0
BRDA:415,39,3,0
BRDA:415,39,4,0
BRDA:447,40,0,0
BRDA:447,40,1,0
BRDA:471,41,0,0
BRDA:473,42,0,0
BRDA:473,42,1,0
BRDA:475,43,0,0
BRDA:475,43,1,0
BRDA:475,44,0,0
BRDA:475,44,1,0
BRDA:475,44,2,0
BRDA:480,45,0,0
BRDA:480,45,1,0
BRDA:493,46,0,0
BRDA:493,46,1,0
BRDA:503,47,0,0
BRDA:503,47,1,0
BRDA:506,48,0,0
BRDA:506,48,1,0
BRDA:518,49,0,0
BRDA:518,49,1,0
BRDA:531,50,0,0
BRDA:531,50,1,0
BRDA:538,51,0,0
BRDA:538,51,1,0
BRDA:539,52,0,0
BRDA:539,52,1,0
BRDA:555,53,0,0
BRDA:555,53,1,0
BRDA:558,54,0,0
BRDA:558,54,1,0
BRDA:570,55,0,0
BRDA:570,55,1,0
BRF:116
BRH:5
end_of_record
TN:
SF:src\services\emailTrackingService.js
FN:17,(anonymous_0)
FN:43,(anonymous_1)
FN:62,(anonymous_2)
FN:75,(anonymous_3)
FN:78,(anonymous_4)
FN:81,(anonymous_5)
FN:93,(anonymous_6)
FN:98,(anonymous_7)
FN:105,(anonymous_8)
FN:110,(anonymous_9)
FN:141,(anonymous_10)
FN:155,(anonymous_11)
FN:175,(anonymous_12)
FN:200,(anonymous_13)
FN:216,(anonymous_14)
FN:221,(anonymous_15)
FN:243,(anonymous_16)
FN:278,(anonymous_17)
FN:308,(anonymous_18)
FN:309,(anonymous_19)
FN:315,(anonymous_20)
FN:316,(anonymous_21)
FN:465,(anonymous_22)
FN:504,(anonymous_23)
FN:546,(anonymous_24)
FN:560,(anonymous_25)
FN:575,(anonymous_26)
FN:730,(anonymous_27)
FN:746,(anonymous_28)
FNF:29
FNH:5
FNDA:1,(anonymous_0)
FNDA:1,(anonymous_1)
FNDA:1,(anonymous_2)
FNDA:1,(anonymous_3)
FNDA:0,(anonymous_4)
FNDA:0,(anonymous_5)
FNDA:0,(anonymous_6)
FNDA:0,(anonymous_7)
FNDA:0,(anonymous_8)
FNDA:0,(anonymous_9)
FNDA:0,(anonymous_10)
FNDA:0,(anonymous_11)
FNDA:0,(anonymous_12)
FNDA:0,(anonymous_13)
FNDA:0,(anonymous_14)
FNDA:0,(anonymous_15)
FNDA:0,(anonymous_16)
FNDA:0,(anonymous_17)
FNDA:0,(anonymous_18)
FNDA:0,(anonymous_19)
FNDA:0,(anonymous_20)
FNDA:0,(anonymous_21)
FNDA:1,(anonymous_22)
FNDA:0,(anonymous_23)
FNDA:0,(anonymous_24)
FNDA:0,(anonymous_25)
FNDA:0,(anonymous_26)
FNDA:0,(anonymous_27)
FNDA:0,(anonymous_28)
DA:2,1
DA:4,1
DA:5,1
DA:6,1
DA:7,1
DA:8,1
DA:9,1
DA:10,1
DA:11,1
DA:14,1
DA:19,1
DA:28,1
DA:33,1
DA:43,1
DA:44,1
DA:45,0
DA:47,1
DA:52,1
DA:55,1
DA:58,1
DA:64,1
DA:65,0
DA:66,0
DA:67,1
DA:68,0
DA:69,0
DA:70,1
DA:71,1
DA:72,1
DA:73,1
DA:74,1
DA:75,1
DA:76,1
DA:78,1
DA:79,0
DA:81,1
DA:82,0
DA:85,0
DA:88,0
DA:94,0
DA:95,0
DA:99,0
DA:100,0
DA:101,0
DA:106,0
DA:111,0
DA:112,0
DA:113,0
DA:114,0
DA:115,0
DA:117,0
DA:118,0
DA:119,0
DA:120,0
DA:122,0
DA:130,0
DA:131,0
DA:133,0
DA:134,0
DA:136,0
DA:142,0
DA:143,0
DA:144,0
DA:148,0
DA:150,0
DA:156,0
DA:157,0
DA:158,0
DA:168,0
DA:170,0
DA:176,0
DA:177,0
DA:180,0
DA:182,0
DA:193,0
DA:195,0
DA:201,0
DA:202,0
DA:203,0
DA:209,0
DA:211,0
DA:223,0
DA:224,0
DA:227,0
DA:228,0
DA:229,0
DA:230,0
DA:231,0
DA:233,0
DA:234,0
DA:237,0
DA:238,0
DA:244,0
DA:245,0
DA:246,0
DA:247,0
DA:248,0
DA:252,0
DA:253,0
DA:254,0
DA:255,0
DA:258,0
DA:259,0
DA:260,0
DA:263,0
DA:264,0
DA:269,0
DA:270,0
DA:271,0
DA:274,0
DA:277,0
DA:278,0
DA:282,0
DA:284,0
DA:285,0
DA:286,0
DA:287,0
DA:288,0
DA:292,0
DA:295,0
DA:296,0
DA:299,0
DA:301,0
DA:308,0
DA:309,0
DA:311,0
DA:312,0
DA:315,0
DA:316,0
DA:318,0
DA:319,0
DA:322,0
DA:323,0
DA:324,0
DA:325,0
DA:326,0
DA:327,0
DA:328,0
DA:329,0
DA:330,0
DA:331,0
DA:332,0
DA:333,0
DA:334,0
DA:335,0
DA:336,0
DA:338,0
DA:339,0
DA:342,0
DA:345,0
DA:346,0
DA:347,0
DA:351,0
DA:352,0
DA:363,0
DA:366,0
DA:371,0
DA:372,0
DA:375,0
DA:378,0
DA:379,0
DA:380,0
DA:383,0
DA:384,0
DA:385,0
DA:386,0
DA:387,0
DA:388,0
DA:389,0
DA:390,0
DA:392,0
DA:393,0
DA:394,0
DA:398,0
DA:399,0
DA:411,0
DA:414,0
DA:415,0
DA:418,0
DA:426,0
DA:433,0
DA:434,0
DA:437,0
DA:444,0
DA:446,0
DA:448,0
DA:449,0
DA:450,0
DA:453,0
DA:455,0
DA:457,0
DA:458,0
DA:459,0
DA:466,1
DA:468,1
DA:484,1
DA:487,1
DA:498,1
DA:500,0
DA:505,0
DA:507,0
DA:524,0
DA:539,0
DA:541,0
DA:542,0
DA:547,0
DA:548,0
DA:553,0
DA:555,0
DA:556,0
DA:561,0
DA:562,0
DA:569,0
DA:570,0
DA:577,0
DA:578,0
DA:579,0
DA:582,0
DA:584,0
DA:587,0
DA:596,0
DA:597,0
DA:598,0
DA:599,0
DA:600,0
DA:602,0
DA:603,0
DA:604,0
DA:605,0
DA:609,0
DA:613,0
DA:615,0
DA:616,0
DA:617,0
DA:620,0
DA:623,0
DA:624,0
DA:627,0
DA:628,0
DA:629,0
DA:633,0
DA:634,0
DA:636,0
DA:639,0
DA:640,0
DA:644,0
DA:646,0
DA:656,0
DA:667,0
DA:668,0
DA:671,0
DA:680,0
DA:681,0
DA:682,0
DA:686,0
DA:687,0
DA:688,0
DA:696,0
DA:697,0
DA:698,0
DA:711,0
DA:718,0
DA:721,0
DA:725,0
DA:731,0
DA:732,0
DA:738,0
DA:740,0
DA:741,0
DA:747,0
DA:748,0
DA:755,0
DA:756,0
DA:758,0
DA:759,0
DA:765,1
LF:276
LH:36
BRDA:39,0,0,0
BRDA:39,0,1,1
BRDA:44,1,0,0
BRDA:44,1,1,1
BRDA:64,2,0,0
BRDA:64,2,1,1
BRDA:67,3,0,0
BRDA:67,3,1,1
BRDA:70,4,0,1
BRDA:70,4,1,0
BRDA:110,5,0,0
BRDA:110,6,0,0
BRDA:155,7,0,0
BRDA:180,8,0,0
BRDA:180,8,1,0
BRDA:223,9,0,0
BRDA:223,9,1,0
BRDA:227,10,0,0
BRDA:227,10,1,0
BRDA:243,11,0,0
BRDA:269,12,0,0
BRDA:269,12,1,0
BRDA:284,13,0,0
BRDA:284,13,1,0
BRDA:284,14,0,0
BRDA:284,14,1,0
BRDA:295,15,0,0
BRDA:295,15,1,0
BRDA:322,16,0,0
BRDA:322,16,1,0
BRDA:325,17,0,0
BRDA:325,17,1,0
BRDA:328,18,0,0
BRDA:328,18,1,0
BRDA:331,19,0,0
BRDA:331,19,1,0
BRDA:334,20,0,0
BRDA:334,20,1,0
BRDA:345,21,0,0
BRDA:345,21,1,0
BRDA:345,22,0,0
BRDA:345,22,1,0
BRDA:371,23,0,0
BRDA:371,23,1,0
BRDA:383,24,0,0
BRDA:383,24,1,0
BRDA:387,25,0,0
BRDA:387,25,1,0
BRDA:420,26,0,0
BRDA:420,26,1,0
BRDA:433,27,0,0
BRDA:433,27,1,0
BRDA:446,28,0,0
BRDA:446,28,1,0
BRDA:455,29,0,0
BRDA:455,29,1,0
BRDA:566,30,0,0
BRDA:566,30,1,0
BRDA:577,31,0,0
BRDA:577,31,1,0
BRDA:596,32,0,0
BRDA:596,32,1,0
BRDA:602,33,0,0
BRDA:602,33,1,0
BRDA:615,34,0,0
BRDA:615,34,1,0
BRDA:627,35,0,0
BRDA:627,35,1,0
BRDA:633,36,0,0
BRDA:633,36,1,0
BRDA:634,37,0,0
BRDA:634,37,1,0
BRDA:640,38,0,0
BRDA:640,38,1,0
BRDA:644,39,0,0
BRDA:644,39,1,0
BRDA:650,40,0,0
BRDA:650,40,1,0
BRDA:675,41,0,0
BRDA:675,41,1,0
BRDA:696,42,0,0
BRDA:696,42,1,0
BRF:82
BRH:5
end_of_record
TN:
SF:src\services\forecastingService.js
FN:2,predictLowStock
FN:18,calculateUsageRates
FN:24,(anonymous_2)
FN:33,(anonymous_3)
FN:46,predictDaysUntilLow
FN:53,calculateRestockRecommendation
FNF:6
FNH:0
FNDA:0,predictLowStock
FNDA:0,calculateUsageRates
FNDA:0,(anonymous_2)
FNDA:0,(anonymous_3)
FNDA:0,predictDaysUntilLow
FNDA:0,calculateRestockRecommendation
DA:4,0
DA:5,0
DA:6,0
DA:8,0
DA:19,0
DA:20,0
DA:24,0
DA:25,0
DA:29,0
DA:30,0
DA:31,0
DA:33,0
DA:34,0
DA:37,0
DA:39,0
DA:47,0
DA:49,0
DA:50,0
DA:55,0
DA:56,0
DA:58,0
DA:64,0
LF:22
LH:0
BRDA:19,0,0,0
BRDA:19,0,1,0
BRDA:19,1,0,0
BRDA:19,1,1,0
BRDA:34,2,0,0
BRDA:34,2,1,0
BRDA:37,3,0,0
BRDA:37,3,1,0
BRDA:47,4,0,0
BRDA:47,4,1,0
BRF:10
BRH:0
end_of_record
TN:
SF:src\services\partService.js
FN:6,(anonymous_0)
FN:35,(anonymous_1)
FN:38,(anonymous_2)
FNF:3
FNH:0
FNDA:0,(anonymous_0)
FNDA:0,(anonymous_1)
FNDA:0,(anonymous_2)
DA:6,0
DA:7,0
DA:10,0
DA:11,0
DA:14,0
DA:15,0
DA:19,0
DA:20,0
DA:23,0
DA:24,0
DA:27,0
DA:35,0
DA:36,0
DA:38,0
DA:39,0
DA:40,0
DA:44,0
LF:17
LH:0
BRDA:7,0,0,0
BRDA:7,0,1,0
BRDA:10,1,0,0
BRDA:10,1,1,0
BRDA:10,2,0,0
BRDA:10,2,1,0
BRDA:10,2,2,0
BRDA:14,3,0,0
BRDA:14,3,1,0
BRDA:14,4,0,0
BRDA:14,4,1,0
BRDA:19,5,0,0
BRDA:19,5,1,0
BRDA:19,6,0,0
BRDA:19,6,1,0
BRDA:23,7,0,0
BRDA:23,7,1,0
BRDA:23,8,0,0
BRDA:23,8,1,0
BRDA:36,9,0,0
BRDA:36,9,1,0
BRDA:39,10,0,0
BRDA:39,10,1,0
BRDA:39,11,0,0
BRDA:39,11,1,0
BRF:25
BRH:0
end_of_record
TN:
SF:src\tests\ci-cd-tests.js
FNF:0
FNH:0
DA:1,0
DA:2,0
DA:5,0
DA:6,0
DA:10,0
DA:11,0
DA:12,0
DA:16,0
DA:17,0
DA:21,0
DA:22,0
DA:23,0
DA:26,0
DA:27,0
LF:14
LH:0
BRDA:10,0,0,0
BRDA:10,0,1,0
BRDA:21,1,0,0
BRDA:21,1,1,0
BRF:4
BRH:0
end_of_record
TN:
SF:src\tests\directEmailTest.js
FN:19,(anonymous_0)
FN:22,(anonymous_1)
FNF:2
FNH:0
FNDA:0,(anonymous_0)
FNDA:0,(anonymous_1)
DA:2,0
DA:4,0
DA:6,0
DA:7,0
DA:8,0
DA:11,0
DA:20,0
DA:23,0
LF:8
LH:0
BRF:0
BRH:0
end_of_record
TN:
SF:src\tests\emailFullWorkflowTest.js
FN:19,runE2ETest
FN:75,createTestTrackingRecord
FN:115,getPOStatus
FN:130,checkRerouteRecord
FNF:4
FNH:0
FNDA:0,runE2ETest
FNDA:0,createTestTrackingRecord
FNDA:0,getPOStatus
FNDA:0,checkRerouteRecord
DA:1,0
DA:2,0
DA:3,0
DA:6,0
DA:9,0
DA:10,0
DA:11,0
DA:12,0
DA:15,0
DA:16,0
DA:17,0
DA:20,0
DA:21,0
DA:23,0
DA:25,0
DA:28,0
DA:29,0
DA:32,0
DA:33,0
DA:40,0
DA:43,0
DA:44,0
DA:46,0
DA:53,0
DA:54,0
DA:56,0
DA:57,0
DA:58,0
DA:60,0
DA:63,0
DA:64,0
DA:66,0
DA:69,0
DA:70,0
DA:76,0
DA:77,0
DA:79,0
DA:84,0
DA:85,0
DA:89,0
DA:100,0
DA:108,0
DA:110,0
DA:116,0
DA:117,0
DA:118,0
DA:123,0
DA:125,0
DA:131,0
DA:132,0
DA:133,0
DA:141,0
DA:143,0
DA:148,0
LF:54
LH:0
BRDA:56,0,0,0
BRDA:56,0,1,0
BRDA:84,1,0,0
BRDA:84,1,1,0
BRF:4
BRH:0
end_of_record
TN:
SF:src\tests\emailReroutingSuite.js
FN:38,logSuccess
FN:43,logFailure
FN:55,setupTestData
FN:148,runTestSuite
FN:266,(anonymous_4)
FNF:5
FNH:0
FNDA:0,logSuccess
FNDA:0,logFailure
FNDA:0,setupTestData
FNDA:0,runTestSuite
FNDA:0,(anonymous_4)
DA:1,0
DA:2,0
DA:3,0
DA:4,0
DA:7,0
DA:10,0
DA:31,0
DA:39,0
DA:40,0
DA:44,0
DA:45,0
DA:46,0
DA:47,0
DA:48,0
DA:50,0
DA:56,0
DA:59,0
DA:68,0
DA:70,0
DA:83,0
DA:86,0
DA:91,0
DA:93,0
DA:94,0
DA:95,0
DA:109,0
DA:111,0
DA:113,0
DA:114,0
DA:115,0
DA:128,0
DA:130,0
DA:134,0
DA:137,0
DA:138,0
DA:140,0
DA:141,0
DA:143,0
DA:149,0
DA:150,0
DA:151,0
DA:154,0
DA:155,0
DA:156,0
DA:158,0
DA:160,0
DA:161,0
DA:162,0
DA:163,0
DA:165,0
DA:168,0
DA:169,0
DA:170,0
DA:177,0
DA:186,0
DA:187,0
DA:189,0
DA:192,0
DA:196,0
DA:197,0
DA:198,0
DA:205,0
DA:207,0
DA:211,0
DA:212,0
DA:214,0
DA:217,0
DA:225,0
DA:232,0
DA:241,0
DA:242,0
DA:244,0
DA:247,0
DA:251,0
DA:254,0
DA:257,0
DA:258,0
DA:259,0
DA:260,0
DA:261,0
DA:262,0
DA:264,0
DA:265,0
DA:266,0
DA:267,0
DA:268,0
DA:273,0
DA:274,0
DA:275,0
DA:278,0
DA:283,0
LF:91
LH:0
BRDA:43,0,0,0
BRDA:46,1,0,0
BRDA:46,1,1,0
BRDA:65,2,0,0
BRDA:65,2,1,0
BRDA:91,3,0,0
BRDA:91,3,1,0
BRDA:113,4,0,0
BRDA:113,4,1,0
BRDA:161,5,0,0
BRDA:161,5,1,0
BRDA:186,6,0,0
BRDA:186,6,1,0
BRDA:241,7,0,0
BRDA:241,7,1,0
BRDA:264,8,0,0
BRDA:264,8,1,0
BRDA:268,9,0,0
BRDA:268,9,1,0
BRDA:278,10,0,0
BRDA:278,10,1,0
BRF:21
BRH:0
end_of_record
TN:
SF:src\tests\emailReroutingTest.js
FN:19,runTest
FNF:1
FNH:0
FNDA:0,runTest
DA:2,0
DA:3,0
DA:4,0
DA:7,0
DA:10,0
DA:11,0
DA:12,0
DA:15,0
DA:16,0
DA:17,0
DA:20,0
DA:21,0
DA:22,0
DA:23,0
DA:24,0
DA:25,0
DA:26,0
DA:27,0
DA:29,0
DA:31,0
DA:32,0
DA:33,0
DA:36,0
DA:37,0
DA:38,0
DA:40,0
DA:43,0
DA:46,0
DA:47,0
DA:52,0
DA:55,0
DA:56,0
DA:65,0
DA:66,0
DA:69,0
DA:70,0
DA:72,0
DA:73,0
DA:74,0
DA:77,0
DA:80,0
DA:81,0
DA:86,0
LF:43
LH:0
BRDA:37,0,0,0
BRDA:37,0,1,0
BRDA:65,1,0,0
BRDA:65,1,1,0
BRF:4
BRH:0
end_of_record
TN:
SF:src\tests\pdfEmailTest.js
FN:28,runTest
FNF:1
FNH:0
FNDA:0,runTest
DA:2,0
DA:3,0
DA:4,0
DA:5,0
DA:8,0
DA:11,0
DA:21,0
DA:22,0
DA:23,0
DA:26,0
DA:29,0
DA:30,0
DA:32,0
DA:34,0
DA:37,0
DA:44,0
DA:45,0
DA:46,0
DA:49,0
DA:52,0
DA:53,0
DA:54,0
DA:57,0
DA:60,0
DA:61,0
DA:75,0
DA:76,0
DA:79,0
DA:80,0
DA:86,0
DA:89,0
DA:90,0
DA:93,0
DA:94,0
DA:100,0
DA:103,0
DA:106,0
DA:107,0
DA:108,0
DA:113,0
LF:40
LH:0
BRDA:17,0,0,0
BRDA:17,0,1,0
BRDA:22,1,0,0
BRDA:22,1,1,0
BRDA:44,2,0,0
BRDA:44,2,1,0
BRDA:53,3,0,0
BRDA:53,3,1,0
BRF:8
BRH:0
end_of_record
TN:
SF:src\utils\logger.js
FNF:0
FNH:0
DA:1,0
DA:4,0
DA:10,0
DA:24,0
DA:25,0
DA:29,0
DA:34,0
LF:7
LH:0
BRDA:11,0,0,0
BRDA:11,0,1,0
BRDA:24,1,0,0
BRDA:24,1,1,0
BRF:4
BRH:0
end_of_record
TN:
SF:src\utils\pdfGenerator.js
FN:12,generatePurchaseOrderPDF
FNF:1
FNH:0
FNDA:0,generatePurchaseOrderPDF
DA:2,1
DA:3,1
DA:13,0
DA:14,0
DA:18,0
DA:20,0
DA:21,0
DA:22,0
DA:25,0
DA:27,0
DA:28,0
DA:32,1
LF:12
LH:3
BRDA:12,0,0,0
BRDA:20,1,0,0
BRDA:20,1,1,0
BRF:3
BRH:0
end_of_record
